#
# A fatal error has been detected by the Java Runtime Environment:
#
#  SIGSEGV (0xb) at pc=0x0000000000000000, pid=15994, tid=140557698823936
#
# JRE version: 7.0_25-b30
# Java VM: OpenJDK 64-Bit Server VM (23.7-b01 mixed mode linux-amd64 compressed oops)
# Problematic frame:
# C  0x0000000000000000
#
# Failed to write core dump. Core dumps have been disabled. To enable core dumping, try "ulimit -c unlimited" before starting Java again
#
# If you would like to submit a bug report, please include
# instructions on how to reproduce the bug and visit:
#   https://bugs.launchpad.net/ubuntu/+source/openjdk-7/
# The crash happened outside the Java Virtual Machine in native code.
# See problematic frame for where to report the bug.
#

---------------  T H R E A D  ---------------

Current thread (0x00007fd6a449e800):  JavaThread "libJahSpotify native message handler" [_thread_in_native, id=16041, stack(0x00007fd623a57000,0x00007fd623b58000)]

siginfo:si_signo=SIGSEGV: si_errno=0, si_code=1 (SEGV_MAPERR), si_addr=0x0000000000000000

Registers:
RAX=0x00007fd6180697d0, RBX=0x00007fd61800c190, RCX=0x0000000000000000, RDX=0x0000000000000000
RSP=0x00007fd623b562c8, RBP=0x00007fd618031350, RSI=0x00007fd61800c190, RDI=0x00007fd6180053a0
R8 =0x0000000000000000, R9 =0x0000000000000001, R10=0x0000000000000002, R11=0x00007fd6ab61f360
R12=0x00007fd688017313, R13=0x00007fd623b568c0, R14=0x0000000000000001, R15=0x0000000000000001
RIP=0x0000000000000000, EFLAGS=0x0000000000010246, CSGSFS=0x0000000000000033, ERR=0x0000000000000014
  TRAPNO=0x000000000000000e

Top of Stack: (sp=0x00007fd623b562c8)
0x00007fd623b562c8:   00007fd623cedefe 00007fd688017313
0x00007fd623b562d8:   00007fd61800b4a0 00007fd623b56320
0x00007fd623b562e8:   00007fd623cf1b46 00007fd61800b4a0
0x00007fd623b562f8:   00007fd68801736f 00000000182b856c
0x00007fd623b56308:   00007fd61800b4a0 0000000000000000
0x00007fd623b56318:   00007fd61800b4a0 00007fd610004300
0x00007fd623b56328:   00007fd623cf5458 00007fd61833b6ec
0x00007fd623b56338:   0000000080000001 0000000000000001
0x00007fd623b56348:   00007fd6ab5144d0 00000017468e4eab
0x00007fd623b56358:   00007fd623b56430 00007fd6180310f0
0x00007fd623b56368:   00007fd623c7a906 0000000000000000
0x00007fd623b56378:   0000000000000001 00007fd623b56430
0x00007fd623b56388:   00007fd623b563e0 00007fd623b563b0
0x00007fd623b56398:   00007fd623cffd9b 00007fd623c7a906
0x00007fd623b563a8:   0000000000000000 00007fd623fc1910
0x00007fd623b563b8:   00007fd600000007 000000190000001f
0x00007fd623b563c8:   00000000383ac8c0 0000000000000001
0x00007fd623b563d8:   00007fd623b567d0 190000001f000000
0x00007fd623b563e8:   00000000c0c83a38 00007fd6180310f0
0x00007fd623b563f8:   00007fd6ab5a096d 0000000000000000
0x00007fd623b56408:   00007fd6180310f0 0000000000000001
0x00007fd623b56418:   000000002603a6cd 00007fd618031640
0x00007fd623b56428:   00007fd623c71724 0000000000000000
0x00007fd623b56438:   0000000000000000 0000000000000011
0x00007fd623b56448:   00007fd618031298 00007fd6180310f0
0x00007fd623b56458:   00007fd61800c378 0000000000000001
0x00007fd623b56468:   00007fd623b567d0 0000000000000001
0x00007fd623b56478:   00007fd623c7175d 00007fd61832ea30
0x00007fd623b56488:   00007fd61800c340 0000000000000001
0x00007fd623b56498:   00007fd623b567d0 0000000000000001
0x00007fd623b564a8:   0000000000000001 00007fd61800c378
0x00007fd623b564b8:   00007fd6ab5a096d 00007fd61800c378 

Instructions: (pc=0x0000000000000000)
0xffffffffffffffe0:   

Register to memory mapping:

RAX=0x00007fd6180697d0 is an unknown value
RBX=0x00007fd61800c190 is an unknown value
RCX=0x0000000000000000 is an unknown value
RDX=0x0000000000000000 is an unknown value
RSP=0x00007fd623b562c8 is pointing into the stack for thread: 0x00007fd6a449e800
RBP=0x00007fd618031350 is an unknown value
RSI=0x00007fd61800c190 is an unknown value
RDI=0x00007fd6180053a0 is an unknown value
R8 =0x0000000000000000 is an unknown value
R9 =0x0000000000000001 is an unknown value
R10=0x0000000000000002 is an unknown value
R11=0x00007fd6ab61f360: <offset 0x18e360> in /lib/x86_64-linux-gnu/libc.so.6 at 0x00007fd6ab491000
R12=0x00007fd688017313: <offset 0xa313> in /tmp/libjahspotify.so at 0x00007fd68800d000
R13=0x00007fd623b568c0 is pointing into the stack for thread: 0x00007fd6a449e800
R14=0x0000000000000001 is an unknown value
R15=0x0000000000000001 is an unknown value


Stack: [0x00007fd623a57000,0x00007fd623b58000],  sp=0x00007fd623b562c8,  free space=1020k
Java frames: (J=compiled Java code, j=interpreted, Vv=VM code)
j  jahspotify.impl.JahSpotifyImpl.nativeInitialize(Ljava/lang/String;)I+0
j  jahspotify.impl.JahSpotifyImpl.access$11(Ljahspotify/impl/JahSpotifyImpl;Ljava/lang/String;)I+2
j  jahspotify.impl.JahSpotifyImpl$5.run()V+8
v  ~StubRoutines::call_stub

---------------  P R O C E S S  ---------------

Java Threads: ( => current thread )
  0x00007fd62c0a7800 JavaThread "Thread-22" daemon [_thread_blocked, id=16088, stack(0x00007fd6226d8000,0x00007fd6227d9000)]
  0x00007fd63000c000 JavaThread "pool-1-thread-4" [_thread_blocked, id=16086, stack(0x00007fd688322000,0x00007fd688423000)]
  0x00007fd6a58b3000 JavaThread "StopJettyPluginMonitor" daemon [_thread_in_native, id=16064, stack(0x00007fd622844000,0x00007fd622945000)]
  0x00007fd6a5891800 JavaThread "qtp389743214-41" [_thread_blocked, id=16063, stack(0x00007fd622945000,0x00007fd622a46000)]
  0x00007fd6a588f800 JavaThread "qtp389743214-40" [_thread_blocked, id=16062, stack(0x00007fd622a46000,0x00007fd622b47000)]
  0x00007fd6a588d800 JavaThread "qtp389743214-39" [_thread_blocked, id=16061, stack(0x00007fd622b47000,0x00007fd622c48000)]
  0x00007fd6a5899000 JavaThread "qtp389743214-38" [_thread_blocked, id=16060, stack(0x00007fd622c48000,0x00007fd622d49000)]
  0x00007fd6a5897800 JavaThread "qtp389743214-37" [_thread_blocked, id=16059, stack(0x00007fd622d49000,0x00007fd622e4a000)]
  0x00007fd6a5896000 JavaThread "qtp389743214-36" [_thread_blocked, id=16058, stack(0x00007fd622e4a000,0x00007fd622f4b000)]
  0x00007fd6a781a000 JavaThread "qtp389743214-35 Acceptor0 SelectChannelConnector@0.0.0.0:8080" [_thread_in_native, id=16057, stack(0x00007fd622f4b000,0x00007fd62304c000)]
  0x00007fd6a781f000 JavaThread "qtp389743214-34 Selector0" [_thread_in_native, id=16056, stack(0x00007fd62304c000,0x00007fd62314d000)]
  0x00007fd6a4b11000 JavaThread "music%0046older%0043ache.data" [_thread_blocked, id=16054, stack(0x00007fd62324e000,0x00007fd62334f000)]
  0x00007fd624004800 JavaThread "pool-1-thread-3" [_thread_blocked, id=16049, stack(0x00007fd62334f000,0x00007fd623450000)]
  0x00007fd6a430c800 JavaThread "C3P0PooledConnectionPoolManager-Helper Thread-#2" daemon [_thread_blocked, id=16048, stack(0x00007fd623450000,0x00007fd623551000)]
  0x00007fd6a4311800 JavaThread "C3P0PooledConnectionPoolManager-Helper Thread-#1" daemon [_thread_blocked, id=16047, stack(0x00007fd623551000,0x00007fd623652000)]
  0x00007fd6a4321000 JavaThread "C3P0PooledConnectionPoolManager-Helper Thread-#0" daemon [_thread_blocked, id=16046, stack(0x00007fd623652000,0x00007fd623753000)]
  0x00007fd6a4325800 JavaThread "C3P0PooledConnectionPoolManager-AdminTaskTimer" daemon [_thread_blocked, id=16045, stack(0x00007fd623753000,0x00007fd623854000)]
  0x00007fd6a44a4000 JavaThread "pool-3-thread-1" [_thread_blocked, id=16044, stack(0x00007fd623854000,0x00007fd623955000)]
=>0x00007fd6a449e800 JavaThread "libJahSpotify native message handler" [_thread_in_native, id=16041, stack(0x00007fd623a57000,0x00007fd623b58000)]
  0x00007fd6a472a800 JavaThread "pool-2-thread-1" daemon [_thread_blocked, id=16040, stack(0x00007fd688221000,0x00007fd688322000)]
  0x00007fd6a44c2000 JavaThread "pool-1-thread-2" [_thread_blocked, id=16038, stack(0x00007fd688423000,0x00007fd688524000)]
  0x00007fd6a7088800 JavaThread "pool-1-thread-1" [_thread_blocked, id=16037, stack(0x00007fd688524000,0x00007fd688625000)]
  0x00007fd654b43800 JavaThread "Timer-0" daemon [_thread_blocked, id=16036, stack(0x00007fd688625000,0x00007fd688726000)]
  0x00007fd6a46b3800 JavaThread "child%0044ir%0043ache.data" [_thread_blocked, id=16035, stack(0x00007fd688726000,0x00007fd688827000)]
  0x00007fd6a4d9b800 JavaThread "chat%0043ache.data" [_thread_blocked, id=16033, stack(0x00007fd688827000,0x00007fd688928000)]
  0x00007fd6a46cf800 JavaThread "cover%0041rt%0043ache.data" [_thread_blocked, id=16032, stack(0x00007fd688928000,0x00007fd688a29000)]
  0x00007fd64e51a800 JavaThread "net.sf.ehcache.CacheManager@23d07155" daemon [_thread_blocked, id=16031, stack(0x00007fd68a793000,0x00007fd68a894000)]
  0x00007fd64f31d800 JavaThread "HSQLDB Timer @23cd9ff1" daemon [_thread_blocked, id=16029, stack(0x00007fd68a894000,0x00007fd68a995000)]
  0x00007fd6a7e9e000 JavaThread "HashSessionScavenger-0" daemon [_thread_blocked, id=16028, stack(0x00007fd68aa95000,0x00007fd68ab96000)]
  0x00007fd6a4113800 JavaThread "Service Thread" daemon [_thread_blocked, id=16013, stack(0x00007fd690705000,0x00007fd690806000)]
  0x00007fd6a4111000 JavaThread "C2 CompilerThread1" daemon [_thread_blocked, id=16012, stack(0x00007fd690806000,0x00007fd690907000)]
  0x00007fd6a410e000 JavaThread "C2 CompilerThread0" daemon [_thread_blocked, id=16011, stack(0x00007fd690907000,0x00007fd690a08000)]
  0x00007fd6a410c000 JavaThread "Signal Dispatcher" daemon [_thread_blocked, id=16010, stack(0x00007fd690a08000,0x00007fd690b09000)]
  0x00007fd6a40b2800 JavaThread "Finalizer" daemon [_thread_blocked, id=16009, stack(0x00007fd6911ea000,0x00007fd6912eb000)]
  0x00007fd6a40b0000 JavaThread "Reference Handler" daemon [_thread_blocked, id=16008, stack(0x00007fd6912eb000,0x00007fd6913ec000)]
  0x00007fd6a4009000 JavaThread "main" [_thread_blocked, id=16002, stack(0x00007fd6abb5c000,0x00007fd6abc5d000)]

Other Threads:
  0x00007fd6a40a7800 VMThread [stack: 0x00007fd6913ec000,0x00007fd6914ed000] [id=16007]
  0x00007fd6a411e000 WatcherThread [stack: 0x00007fd690604000,0x00007fd690705000] [id=16014]

VM state:not at safepoint (normal execution)

VM Mutex/Monitor currently owned by a thread: None

Heap
 PSYoungGen      total 824512K, used 68841K [0x00000007ae0b0000, 0x00000007e4a70000, 0x0000000800000000)
  eden space 763136K, 3% used [0x00000007ae0b0000,0x00000007af8ba868,0x00000007dc9f0000)
  from space 61376K, 72% used [0x00000007e08c0000,0x00000007e33efc78,0x00000007e44b0000)
  to   space 64320K, 0% used [0x00000007dc9f0000,0x00000007dc9f0000,0x00000007e08c0000)
 ParOldGen       total 167872K, used 71774K [0x000000070a200000, 0x00000007145f0000, 0x00000007ae0b0000)
  object space 167872K, 42% used [0x000000070a200000,0x000000070e817be0,0x00000007145f0000)
 PSPermGen       total 56768K, used 56737K [0x00000006ffc00000, 0x0000000703370000, 0x000000070a200000)
  object space 56768K, 99% used [0x00000006ffc00000,0x0000000703368718,0x0000000703370000)

Card table byte_map: [0x00007fd6a80d6000,0x00007fd6a88d9000] byte_map_base: 0x00007fd6a48d8000

Polling page: 0x00007fd6abc86000

Code Cache  [0x00007fd6a1000000, 0x00007fd6a17a0000, 0x00007fd6a4000000)
 total_blobs=2444 nmethods=1971 adapters=424 free_code_cache=41492Kb largest_free_block=42340736

Compilation events (10 events):
Event: 280.328 Thread 0x00007fd6a410e000 2167             org.springframework.util.AntPathMatcher::doMatch (606 bytes)
Event: 280.435 Thread 0x00007fd6a410e000 nmethod 2167 0x00007fd6a1791c10 code [0x00007fd6a17923c0, 0x00007fd6a1797b28]
Event: 280.809 Thread 0x00007fd6a4111000 2168             org.apache.jasper.JspCompilationContext::isPathSeparator (18 bytes)
Event: 280.809 Thread 0x00007fd6a4111000 nmethod 2168 0x00007fd6a17750d0 code [0x00007fd6a1775200, 0x00007fd6a1775258]
Event: 290.319 Thread 0x00007fd6a410e000 2169             javax.servlet.http.HttpServletRequestWrapper::getPathInfo (10 bytes)
Event: 290.321 Thread 0x00007fd6a410e000 nmethod 2169 0x00007fd6a17163d0 code [0x00007fd6a1716540, 0x00007fd6a1716708]
Event: 290.330 Thread 0x00007fd6a410e000 2170             org.eclipse.jetty.io.ByteArrayBuffer::equalsIgnoreCase (302 bytes)
Event: 290.337 Thread 0x00007fd6a410e000 nmethod 2170 0x00007fd6a1477490 code [0x00007fd6a1477600, 0x00007fd6a14779d8]
Event: 296.321 Thread 0x00007fd6a4111000 2171             javax.servlet.http.HttpServletRequestWrapper::getSession (11 bytes)
Event: 296.321 Thread 0x00007fd6a4111000 nmethod 2171 0x00007fd6a1477150 code [0x00007fd6a14772a0, 0x00007fd6a1477398]

GC Heap History (10 events):
Event: 4.416 GC heap before
{Heap before GC invocations=6 (full 0):
 PSYoungGen      total 136512K, used 136504K [0x00000007ae0b0000, 0x00000007c06b0000, 0x0000000800000000)
  eden space 126080K, 100% used [0x00000007ae0b0000,0x00000007b5bd0000,0x00000007b5bd0000)
  from space 10432K, 99% used [0x00000007b5bd0000,0x00000007b65fe0a8,0x00000007b6600000)
  to   space 24448K, 0% used [0x00000007beed0000,0x00000007beed0000,0x00000007c06b0000)
 ParOldGen       total 167872K, used 18096K [0x000000070a200000, 0x00000007145f0000, 0x00000007ae0b0000)
  object space 167872K, 10% used [0x000000070a200000,0x000000070b3ac000,0x00000007145f0000)
 PSPermGen       total 21632K, used 21534K [0x00000006ffc00000, 0x0000000701120000, 0x000000070a200000)
  object space 21632K, 99% used [0x00000006ffc00000,0x0000000701107968,0x0000000701120000)
Event: 4.448 GC heap after
Heap after GC invocations=6 (full 0):
 PSYoungGen      total 264896K, used 24439K [0x00000007ae0b0000, 0x00000007c1d90000, 0x0000000800000000)
  eden space 240448K, 0% used [0x00000007ae0b0000,0x00000007ae0b0000,0x00000007bcb80000)
  from space 24448K, 99% used [0x00000007beed0000,0x00000007c06add40,0x00000007c06b0000)
  to   space 36160K, 0% used [0x00000007bcb80000,0x00000007bcb80000,0x00000007beed0000)
 ParOldGen       total 167872K, used 30845K [0x000000070a200000, 0x00000007145f0000, 0x00000007ae0b0000)
  object space 167872K, 18% used [0x000000070a200000,0x000000070c01f490,0x00000007145f0000)
 PSPermGen       total 21632K, used 21534K [0x00000006ffc00000, 0x0000000701120000, 0x000000070a200000)
  object space 21632K, 99% used [0x00000006ffc00000,0x0000000701107968,0x0000000701120000)
}
Event: 5.665 GC heap before
{Heap before GC invocations=7 (full 0):
 PSYoungGen      total 264896K, used 264887K [0x00000007ae0b0000, 0x00000007c1d90000, 0x0000000800000000)
  eden space 240448K, 100% used [0x00000007ae0b0000,0x00000007bcb80000,0x00000007bcb80000)
  from space 24448K, 99% used [0x00000007beed0000,0x00000007c06add40,0x00000007c06b0000)
  to   space 36160K, 0% used [0x00000007bcb80000,0x00000007bcb80000,0x00000007beed0000)
 ParOldGen       total 167872K, used 30845K [0x000000070a200000, 0x00000007145f0000, 0x00000007ae0b0000)
  object space 167872K, 18% used [0x000000070a200000,0x000000070c01f490,0x00000007145f0000)
 PSPermGen       total 21632K, used 21548K [0x00000006ffc00000, 0x0000000701120000, 0x000000070a200000)
  object space 21632K, 99% used [0x00000006ffc00000,0x000000070110b178,0x0000000701120000)
Event: 5.715 GC heap after
Heap after GC invocations=7 (full 0):
 PSYoungGen      total 276608K, used 36150K [0x00000007ae0b0000, 0x00000007d2410000, 0x0000000800000000)
  eden space 240448K, 0% used [0x00000007ae0b0000,0x00000007ae0b0000,0x00000007bcb80000)
  from space 36160K, 99% used [0x00000007bcb80000,0x00000007beecdb70,0x00000007beed0000)
  to   space 56192K, 0% used [0x00000007ced30000,0x00000007ced30000,0x00000007d2410000)
 ParOldGen       total 167872K, used 57013K [0x000000070a200000, 0x00000007145f0000, 0x00000007ae0b0000)
  object space 167872K, 33% used [0x000000070a200000,0x000000070d9ad420,0x00000007145f0000)
 PSPermGen       total 21632K, used 21548K [0x00000006ffc00000, 0x0000000701120000, 0x000000070a200000)
  object space 21632K, 99% used [0x00000006ffc00000,0x000000070110b178,0x0000000701120000)
}
Event: 7.450 GC heap before
{Heap before GC invocations=8 (full 0):
 PSYoungGen      total 276608K, used 276598K [0x00000007ae0b0000, 0x00000007d2410000, 0x0000000800000000)
  eden space 240448K, 100% used [0x00000007ae0b0000,0x00000007bcb80000,0x00000007bcb80000)
  from space 36160K, 99% used [0x00000007bcb80000,0x00000007beecdb70,0x00000007beed0000)
  to   space 56192K, 0% used [0x00000007ced30000,0x00000007ced30000,0x00000007d2410000)
 ParOldGen       total 167872K, used 57013K [0x000000070a200000, 0x00000007145f0000, 0x00000007ae0b0000)
  object space 167872K, 33% used [0x000000070a200000,0x000000070d9ad420,0x00000007145f0000)
 PSPermGen       total 36224K, used 36043K [0x00000006ffc00000, 0x0000000701f60000, 0x000000070a200000)
  object space 36224K, 99% used [0x00000006ffc00000,0x0000000701f32fc0,0x0000000701f60000)
Event: 7.487 GC heap after
Heap after GC invocations=8 (full 0):
 PSYoungGen      total 534976K, used 37207K [0x00000007ae0b0000, 0x00000007d2830000, 0x0000000800000000)
  eden space 478784K, 0% used [0x00000007ae0b0000,0x00000007ae0b0000,0x00000007cb440000)
  from space 56192K, 66% used [0x00000007ced30000,0x00000007d1185c90,0x00000007d2410000)
  to   space 58304K, 0% used [0x00000007cb440000,0x00000007cb440000,0x00000007ced30000)
 ParOldGen       total 167872K, used 60128K [0x000000070a200000, 0x00000007145f0000, 0x00000007ae0b0000)
  object space 167872K, 35% used [0x000000070a200000,0x000000070dcb8058,0x00000007145f0000)
 PSPermGen       total 36224K, used 36043K [0x00000006ffc00000, 0x0000000701f60000, 0x000000070a200000)
  object space 36224K, 99% used [0x00000006ffc00000,0x0000000701f32fc0,0x0000000701f60000)
}
Event: 16.212 GC heap before
{Heap before GC invocations=9 (full 0):
 PSYoungGen      total 534976K, used 515991K [0x00000007ae0b0000, 0x00000007d2830000, 0x0000000800000000)
  eden space 478784K, 100% used [0x00000007ae0b0000,0x00000007cb440000,0x00000007cb440000)
  from space 56192K, 66% used [0x00000007ced30000,0x00000007d1185c90,0x00000007d2410000)
  to   space 58304K, 0% used [0x00000007cb440000,0x00000007cb440000,0x00000007ced30000)
 ParOldGen       total 167872K, used 60128K [0x000000070a200000, 0x00000007145f0000, 0x00000007ae0b0000)
  object space 167872K, 35% used [0x000000070a200000,0x000000070dcb8058,0x00000007145f0000)
 PSPermGen       total 50624K, used 50471K [0x00000006ffc00000, 0x0000000702d70000, 0x000000070a200000)
  object space 50624K, 99% used [0x00000006ffc00000,0x0000000702d49ce8,0x0000000702d70000)
Event: 16.238 GC heap after
Heap after GC invocations=9 (full 0):
 PSYoungGen      total 537088K, used 41619K [0x00000007ae0b0000, 0x00000007e44b0000, 0x0000000800000000)
  eden space 478784K, 0% used [0x00000007ae0b0000,0x00000007ae0b0000,0x00000007cb440000)
  from space 58304K, 71% used [0x00000007cb440000,0x00000007cdce4ff0,0x00000007ced30000)
  to   space 61376K, 0% used [0x00000007e08c0000,0x00000007e08c0000,0x00000007e44b0000)
 ParOldGen       total 167872K, used 62582K [0x000000070a200000, 0x00000007145f0000, 0x00000007ae0b0000)
  object space 167872K, 37% used [0x000000070a200000,0x000000070df1d860,0x00000007145f0000)
 PSPermGen       total 50624K, used 50471K [0x00000006ffc00000, 0x0000000702d70000, 0x000000070a200000)
  object space 50624K, 99% used [0x00000006ffc00000,0x0000000702d49ce8,0x0000000702d70000)
}
Event: 280.833 GC heap before
{Heap before GC invocations=10 (full 0):
 PSYoungGen      total 537088K, used 520403K [0x00000007ae0b0000, 0x00000007e44b0000, 0x0000000800000000)
  eden space 478784K, 100% used [0x00000007ae0b0000,0x00000007cb440000,0x00000007cb440000)
  from space 58304K, 71% used [0x00000007cb440000,0x00000007cdce4ff0,0x00000007ced30000)
  to   space 61376K, 0% used [0x00000007e08c0000,0x00000007e08c0000,0x00000007e44b0000)
 ParOldGen       total 167872K, used 62582K [0x000000070a200000, 0x00000007145f0000, 0x00000007ae0b0000)
  object space 167872K, 37% used [0x000000070a200000,0x000000070df1d860,0x00000007145f0000)
 PSPermGen       total 56768K, used 56722K [0x00000006ffc00000, 0x0000000703370000, 0x000000070a200000)
  object space 56768K, 99% used [0x00000006ffc00000,0x00000007033648b0,0x0000000703370000)
Event: 280.873 GC heap after
Heap after GC invocations=10 (full 0):
 PSYoungGen      total 824512K, used 44223K [0x00000007ae0b0000, 0x00000007e4a70000, 0x0000000800000000)
  eden space 763136K, 0% used [0x00000007ae0b0000,0x00000007ae0b0000,0x00000007dc9f0000)
  from space 61376K, 72% used [0x00000007e08c0000,0x00000007e33efc78,0x00000007e44b0000)
  to   space 64320K, 0% used [0x00000007dc9f0000,0x00000007dc9f0000,0x00000007e08c0000)
 ParOldGen       total 167872K, used 71774K [0x000000070a200000, 0x00000007145f0000, 0x00000007ae0b0000)
  object space 167872K, 42% used [0x000000070a200000,0x000000070e817be0,0x00000007145f0000)
 PSPermGen       total 56768K, used 56722K [0x00000006ffc00000, 0x0000000703370000, 0x000000070a200000)
  object space 56768K, 99% used [0x00000006ffc00000,0x00000007033648b0,0x0000000703370000)
}

Deoptimization events (10 events):
Event: 63.917 Thread 0x00007fd6a5891800 Uncommon trap -34 fr.pc 0x00007fd6a15babc8
Event: 63.918 Thread 0x00007fd6a5891800 Uncommon trap -83 fr.pc 0x00007fd6a11fd294
Event: 63.921 Thread 0x00007fd6a5891800 Uncommon trap -83 fr.pc 0x00007fd6a132b320
Event: 64.584 Thread 0x00007fd6a588f800 Uncommon trap -34 fr.pc 0x00007fd6a141f694
Event: 160.088 Thread 0x00007fd6a5897800 Uncommon trap -83 fr.pc 0x00007fd6a129f0a0
Event: 160.265 Thread 0x00007fd6a588d800 Uncommon trap -34 fr.pc 0x00007fd6a1091430
Event: 160.289 Thread 0x00007fd6a588d800 Uncommon trap -83 fr.pc 0x00007fd6a13508e0
Event: 160.350 Thread 0x00007fd6a588f800 Uncommon trap -34 fr.pc 0x00007fd6a12ff090
Event: 160.350 Thread 0x00007fd6a588f800 Uncommon trap -34 fr.pc 0x00007fd6a12ff090
Event: 180.782 Thread 0x00007fd6a588d800 Uncommon trap -34 fr.pc 0x00007fd6a1091430

Internal exceptions (10 events):
Event: 64.045 Thread 0x00007fd6a5891800 Threw 0x00000007c6473cd0 at /build/buildd/openjdk-7-7u25-2.3.12/build/openjdk/hotspot/src/share/vm/prims/jvm.cpp:1235
Event: 64.045 Thread 0x00007fd6a5891800 Threw 0x00000007c647cab0 at /build/buildd/openjdk-7-7u25-2.3.12/build/openjdk/hotspot/src/share/vm/prims/jvm.cpp:1235
Event: 64.045 Thread 0x00007fd6a5891800 Threw 0x00000007c647e000 at /build/buildd/openjdk-7-7u25-2.3.12/build/openjdk/hotspot/src/share/vm/prims/jvm.cpp:1235
Event: 64.045 Thread 0x00007fd6a5891800 Threw 0x00000007c6482be8 at /build/buildd/openjdk-7-7u25-2.3.12/build/openjdk/hotspot/src/share/vm/prims/jvm.cpp:1235
Event: 64.045 Thread 0x00007fd6a5891800 Threw 0x00000007c64840e8 at /build/buildd/openjdk-7-7u25-2.3.12/build/openjdk/hotspot/src/share/vm/prims/jvm.cpp:1235
Event: 64.045 Thread 0x00007fd6a5891800 Threw 0x00000007c6484be8 at /build/buildd/openjdk-7-7u25-2.3.12/build/openjdk/hotspot/src/share/vm/prims/jvm.cpp:1235
Event: 64.045 Thread 0x00007fd6a5891800 Threw 0x00000007c64854c0 at /build/buildd/openjdk-7-7u25-2.3.12/build/openjdk/hotspot/src/share/vm/classfile/systemDictionary.cpp:1
Event: 64.046 Thread 0x00007fd6a5891800 Threw 0x00000007c648cf38 at /build/buildd/openjdk-7-7u25-2.3.12/build/openjdk/hotspot/src/share/vm/prims/jvm.cpp:1235
Event: 64.046 Thread 0x00007fd6a5891800 Threw 0x00000007c648d8a0 at /build/buildd/openjdk-7-7u25-2.3.12/build/openjdk/hotspot/src/share/vm/prims/jvm.cpp:1235
Event: 160.088 Thread 0x00007fd6a5897800 Implicit null exception at 0x00007fd6a129ded5 to 0x00007fd6a129f08d

Events (10 events):
Event: 280.874 Executing VM operation: RevokeBias
Event: 280.874 Executing VM operation: RevokeBias done
Event: 280.874 Executing VM operation: BulkRevokeBias
Event: 280.874 Executing VM operation: BulkRevokeBias done
Event: 281.653 Thread 0x00007fd610007000 Thread added: 0x00007fd610007000
Event: 281.653 Thread 0x00007fd610007000 Thread exited: 0x00007fd610007000
Event: 296.268 Thread 0x00007fd610007000 Thread added: 0x00007fd610007000
Event: 296.268 Thread 0x00007fd610007000 Thread exited: 0x00007fd610007000
Event: 296.342 Thread 0x00007fd610007000 Thread added: 0x00007fd610007000
Event: 296.342 Thread 0x00007fd610007000 Thread exited: 0x00007fd610007000


Dynamic libraries:
00400000-00401000 r-xp 00000000 08:01 1055003                            /usr/lib/jvm/java-7-openjdk-amd64/jre/bin/java
00600000-00601000 r--p 00000000 08:01 1055003                            /usr/lib/jvm/java-7-openjdk-amd64/jre/bin/java
00601000-00602000 rw-p 00001000 08:01 1055003                            /usr/lib/jvm/java-7-openjdk-amd64/jre/bin/java
00c40000-00c82000 rw-p 00000000 00:00 0                                  [heap]
6ffc00000-703370000 rw-p 00000000 00:00 0 
703370000-70a200000 rw-p 00000000 00:00 0 
70a200000-7145f0000 rw-p 00000000 00:00 0 
7145f0000-7ae0b0000 rw-p 00000000 00:00 0 
7ae0b0000-7e4a70000 rw-p 00000000 00:00 0 
7e4a70000-800000000 rw-p 00000000 00:00 0 
7fd600000000-7fd600053000 rw-p 00000000 00:00 0 
7fd600053000-7fd604000000 ---p 00000000 00:00 0 
7fd608000000-7fd608021000 rw-p 00000000 00:00 0 
7fd608021000-7fd60c000000 ---p 00000000 00:00 0 
7fd60c000000-7fd60c021000 rw-p 00000000 00:00 0 
7fd60c021000-7fd610000000 ---p 00000000 00:00 0 
7fd610000000-7fd610021000 rw-p 00000000 00:00 0 
7fd610021000-7fd614000000 ---p 00000000 00:00 0 
7fd614000000-7fd614035000 rw-p 00000000 00:00 0 
7fd614035000-7fd618000000 ---p 00000000 00:00 0 
7fd618000000-7fd618394000 rw-p 00000000 00:00 0 
7fd618394000-7fd61c000000 ---p 00000000 00:00 0 
7fd61c000000-7fd61c154000 rw-p 00000000 00:00 0 
7fd61c154000-7fd620000000 ---p 00000000 00:00 0 
7fd6226d8000-7fd6226db000 ---p 00000000 00:00 0 
7fd6226db000-7fd6227d9000 rw-p 00000000 00:00 0                          [stack:16088]
7fd6227d9000-7fd622844000 r--s 00698000 08:01 1052436                    /usr/lib/jvm/java-7-openjdk-amd64/lib/tools.jar
7fd622844000-7fd622847000 ---p 00000000 00:00 0 
7fd622847000-7fd622945000 rw-p 00000000 00:00 0                          [stack:16064]
7fd622945000-7fd622948000 ---p 00000000 00:00 0 
7fd622948000-7fd622a46000 rw-p 00000000 00:00 0                          [stack:16063]
7fd622a46000-7fd622a49000 ---p 00000000 00:00 0 
7fd622a49000-7fd622b47000 rw-p 00000000 00:00 0                          [stack:16062]
7fd622b47000-7fd622b4a000 ---p 00000000 00:00 0 
7fd622b4a000-7fd622c48000 rw-p 00000000 00:00 0                          [stack:16061]
7fd622c48000-7fd622c4b000 ---p 00000000 00:00 0 
7fd622c4b000-7fd622d49000 rw-p 00000000 00:00 0                          [stack:16060]
7fd622d49000-7fd622d4c000 ---p 00000000 00:00 0 
7fd622d4c000-7fd622e4a000 rw-p 00000000 00:00 0                          [stack:16059]
7fd622e4a000-7fd622e4d000 ---p 00000000 00:00 0 
7fd622e4d000-7fd622f4b000 rw-p 00000000 00:00 0                          [stack:16058]
7fd622f4b000-7fd622f4e000 ---p 00000000 00:00 0 
7fd622f4e000-7fd62304c000 rw-p 00000000 00:00 0                          [stack:16057]
7fd62304c000-7fd62304f000 ---p 00000000 00:00 0 
7fd62304f000-7fd62314d000 rw-p 00000000 00:00 0                          [stack:16056]
7fd62314d000-7fd623150000 ---p 00000000 00:00 0 
7fd623150000-7fd62324e000 rw-p 00000000 00:00 0 
7fd62324e000-7fd623251000 ---p 00000000 00:00 0 
7fd623251000-7fd62334f000 rw-p 00000000 00:00 0                          [stack:16054]
7fd62334f000-7fd623352000 ---p 00000000 00:00 0 
7fd623352000-7fd623450000 rw-p 00000000 00:00 0                          [stack:16049]
7fd623450000-7fd623453000 ---p 00000000 00:00 0 
7fd623453000-7fd623551000 rw-p 00000000 00:00 0                          [stack:16048]
7fd623551000-7fd623554000 ---p 00000000 00:00 0 
7fd623554000-7fd623652000 rw-p 00000000 00:00 0                          [stack:16047]
7fd623652000-7fd623655000 ---p 00000000 00:00 0 
7fd623655000-7fd623753000 rw-p 00000000 00:00 0                          [stack:16046]
7fd623753000-7fd623756000 ---p 00000000 00:00 0 
7fd623756000-7fd623854000 rw-p 00000000 00:00 0                          [stack:16045]
7fd623854000-7fd623857000 ---p 00000000 00:00 0 
7fd623857000-7fd623955000 rw-p 00000000 00:00 0                          [stack:16044]
7fd623955000-7fd623958000 ---p 00000000 00:00 0 
7fd623958000-7fd6239d6000 rw-p 00000000 00:00 0                          [stack:16043]
7fd6239d6000-7fd6239d7000 ---p 00000000 00:00 0 
7fd6239d7000-7fd623a57000 rw-p 00000000 00:00 0                          [stack:16042]
7fd623a57000-7fd623a5a000 ---p 00000000 00:00 0 
7fd623a5a000-7fd623b58000 rw-p 00000000 00:00 0                          [stack:16041]
7fd623b58000-7fd623db4000 r-xp 00000000 08:01 5242981                    /tmp/libspotify.so
7fd623db4000-7fd623fb3000 ---p 0025c000 08:01 5242981                    /tmp/libspotify.so
7fd623fb3000-7fd623fd1000 rw-p 0025b000 08:01 5242981                    /tmp/libspotify.so
7fd623fd1000-7fd624000000 rw-p 00000000 00:00 0 
7fd624000000-7fd624058000 rw-p 00000000 00:00 0 
7fd624058000-7fd628000000 ---p 00000000 00:00 0 
7fd628000000-7fd628082000 rw-p 00000000 00:00 0 
7fd628082000-7fd62c000000 ---p 00000000 00:00 0 
7fd62c000000-7fd62c2f0000 rw-p 00000000 00:00 0 
7fd62c2f0000-7fd630000000 ---p 00000000 00:00 0 
7fd630000000-7fd63056f000 rw-p 00000000 00:00 0 
7fd63056f000-7fd634000000 ---p 00000000 00:00 0 
7fd634000000-7fd634021000 rw-p 00000000 00:00 0 
7fd634021000-7fd638000000 ---p 00000000 00:00 0 
7fd638000000-7fd638021000 rw-p 00000000 00:00 0 
7fd638021000-7fd63c000000 ---p 00000000 00:00 0 
7fd63c000000-7fd63c0fb000 rw-p 00000000 00:00 0 
7fd63c0fb000-7fd640000000 ---p 00000000 00:00 0 
7fd640000000-7fd640021000 rw-p 00000000 00:00 0 
7fd640021000-7fd644000000 ---p 00000000 00:00 0 
7fd644000000-7fd644021000 rw-p 00000000 00:00 0 
7fd644021000-7fd648000000 ---p 00000000 00:00 0 
7fd648000000-7fd648021000 rw-p 00000000 00:00 0 
7fd648021000-7fd64c000000 ---p 00000000 00:00 0 
7fd64c000000-7fd64fffd000 rw-p 00000000 00:00 0 
7fd64fffd000-7fd650000000 ---p 00000000 00:00 0 
7fd650000000-7fd651af1000 rw-p 00000000 00:00 0 
7fd651af1000-7fd654000000 ---p 00000000 00:00 0 
7fd654000000-7fd657fff000 rw-p 00000000 00:00 0 
7fd657fff000-7fd658000000 ---p 00000000 00:00 0 
7fd658000000-7fd65bff9000 rw-p 00000000 00:00 0 
7fd65bff9000-7fd65c000000 ---p 00000000 00:00 0 
7fd65c000000-7fd65c021000 rw-p 00000000 00:00 0 
7fd65c021000-7fd660000000 ---p 00000000 00:00 0 
7fd660000000-7fd660021000 rw-p 00000000 00:00 0 
7fd660021000-7fd664000000 ---p 00000000 00:00 0 
7fd664000000-7fd66556c000 rw-p 00000000 00:00 0 
7fd66556c000-7fd668000000 ---p 00000000 00:00 0 
7fd668000000-7fd668021000 rw-p 00000000 00:00 0 
7fd668021000-7fd66c000000 ---p 00000000 00:00 0 
7fd66c000000-7fd66c021000 rw-p 00000000 00:00 0 
7fd66c021000-7fd670000000 ---p 00000000 00:00 0 
7fd670000000-7fd67148c000 rw-p 00000000 00:00 0 
7fd67148c000-7fd674000000 ---p 00000000 00:00 0 
7fd674000000-7fd674021000 rw-p 00000000 00:00 0 
7fd674021000-7fd678000000 ---p 00000000 00:00 0 
7fd678000000-7fd678021000 rw-p 00000000 00:00 0 
7fd678021000-7fd67c000000 ---p 00000000 00:00 0 
7fd67c000000-7fd67c021000 rw-p 00000000 00:00 0 
7fd67c021000-7fd680000000 ---p 00000000 00:00 0 
7fd680000000-7fd680021000 rw-p 00000000 00:00 0 
7fd680021000-7fd684000000 ---p 00000000 00:00 0 
7fd684000000-7fd684021000 rw-p 00000000 00:00 0 
7fd684021000-7fd688000000 ---p 00000000 00:00 0 
7fd68800d000-7fd688020000 r-xp 00000000 08:01 5243024                    /tmp/libjahspotify.so
7fd688020000-7fd68821f000 ---p 00013000 08:01 5243024                    /tmp/libjahspotify.so
7fd68821f000-7fd688220000 r--p 00012000 08:01 5243024                    /tmp/libjahspotify.so
7fd688220000-7fd688221000 rw-p 00013000 08:01 5243024                    /tmp/libjahspotify.so
7fd688221000-7fd688224000 ---p 00000000 00:00 0 
7fd688224000-7fd688322000 rw-p 00000000 00:00 0                          [stack:16040]
7fd688322000-7fd688325000 ---p 00000000 00:00 0 
7fd688325000-7fd688423000 rw-p 00000000 00:00 0                          [stack:16086]
7fd688423000-7fd688426000 ---p 00000000 00:00 0 
7fd688426000-7fd688524000 rw-p 00000000 00:00 0                          [stack:16038]
7fd688524000-7fd688527000 ---p 00000000 00:00 0 
7fd688527000-7fd688625000 rw-p 00000000 00:00 0                          [stack:16037]
7fd688625000-7fd688628000 ---p 00000000 00:00 0 
7fd688628000-7fd688726000 rw-p 00000000 00:00 0                          [stack:16036]
7fd688726000-7fd688729000 ---p 00000000 00:00 0 
7fd688729000-7fd688827000 rw-p 00000000 00:00 0                          [stack:16035]
7fd688827000-7fd68882a000 ---p 00000000 00:00 0 
7fd68882a000-7fd688928000 rw-p 00000000 00:00 0                          [stack:16033]
7fd688928000-7fd68892b000 ---p 00000000 00:00 0 
7fd68892b000-7fd688a29000 rw-p 00000000 00:00 0                          [stack:16032]
7fd688a29000-7fd688a31000 r-xp 00000000 08:01 1054713                    /usr/lib/jvm/java-7-openjdk-amd64/jre/lib/amd64/libmanagement.so
7fd688a31000-7fd688c30000 ---p 00008000 08:01 1054713                    /usr/lib/jvm/java-7-openjdk-amd64/jre/lib/amd64/libmanagement.so
7fd688c30000-7fd688c31000 r--p 00007000 08:01 1054713                    /usr/lib/jvm/java-7-openjdk-amd64/jre/lib/amd64/libmanagement.so
7fd688c31000-7fd688c32000 rw-p 00008000 08:01 1054713                    /usr/lib/jvm/java-7-openjdk-amd64/jre/lib/amd64/libmanagement.so
7fd688c32000-7fd688c38000 r-xp 00000000 08:01 4987024                    /lib/x86_64-linux-gnu/libnss_dns-2.17.so
7fd688c38000-7fd688e37000 ---p 00006000 08:01 4987024                    /lib/x86_64-linux-gnu/libnss_dns-2.17.so
7fd688e37000-7fd688e38000 r--p 00005000 08:01 4987024                    /lib/x86_64-linux-gnu/libnss_dns-2.17.so
7fd688e38000-7fd688e39000 rw-p 00006000 08:01 4987024                    /lib/x86_64-linux-gnu/libnss_dns-2.17.so
7fd688e39000-7fd688e3b000 r-xp 00000000 08:01 4984775                    /lib/libnss_mdns4_minimal.so.2
7fd688e3b000-7fd68903a000 ---p 00002000 08:01 4984775                    /lib/libnss_mdns4_minimal.so.2
7fd68903a000-7fd68903b000 r--p 00001000 08:01 4984775                    /lib/libnss_mdns4_minimal.so.2
7fd68903b000-7fd68903c000 rw-p 00002000 08:01 4984775                    /lib/libnss_mdns4_minimal.so.2
7fd68903c000-7fd68903f000 r-xp 00000000 08:01 4984670                    /lib/x86_64-linux-gnu/libnss_myhostname.so.2
7fd68903f000-7fd68923e000 ---p 00003000 08:01 4984670                    /lib/x86_64-linux-gnu/libnss_myhostname.so.2
7fd68923e000-7fd68923f000 r--p 00002000 08:01 4984670                    /lib/x86_64-linux-gnu/libnss_myhostname.so.2
7fd68923f000-7fd689240000 rw-p 00003000 08:01 4984670                    /lib/x86_64-linux-gnu/libnss_myhostname.so.2
7fd689240000-7fd6892b5000 r-xp 00000000 08:01 1048750                    /usr/lib/x86_64-linux-gnu/nss/libfreebl3.so
7fd6892b5000-7fd6894b5000 ---p 00075000 08:01 1048750                    /usr/lib/x86_64-linux-gnu/nss/libfreebl3.so
7fd6894b5000-7fd6894b6000 r--p 00075000 08:01 1048750                    /usr/lib/x86_64-linux-gnu/nss/libfreebl3.so
7fd6894b6000-7fd6894b7000 rw-p 00076000 08:01 1048750                    /usr/lib/x86_64-linux-gnu/nss/libfreebl3.so
7fd6894b7000-7fd6894bb000 rw-p 00000000 00:00 0 
7fd6894bb000-7fd689569000 r-xp 00000000 08:01 794521                     /usr/lib/x86_64-linux-gnu/libsqlite3.so.0.8.6
7fd689569000-7fd689769000 ---p 000ae000 08:01 794521                     /usr/lib/x86_64-linux-gnu/libsqlite3.so.0.8.6
7fd689769000-7fd68976b000 r--p 000ae000 08:01 794521                     /usr/lib/x86_64-linux-gnu/libsqlite3.so.0.8.6
7fd68976b000-7fd68976d000 rw-p 000b0000 08:01 794521                     /usr/lib/x86_64-linux-gnu/libsqlite3.so.0.8.6
7fd68976d000-7fd68976e000 rw-p 00000000 00:00 0 
7fd68976e000-7fd6897b0000 r-xp 00000000 08:01 1049618                    /usr/lib/x86_64-linux-gnu/nss/libsoftokn3.so
7fd6897b0000-7fd6899b0000 ---p 00042000 08:01 1049618                    /usr/lib/x86_64-linux-gnu/nss/libsoftokn3.so
7fd6899b0000-7fd6899b1000 r--p 00042000 08:01 1049618                    /usr/lib/x86_64-linux-gnu/nss/libsoftokn3.so
7fd6899b1000-7fd6899b2000 rw-p 00043000 08:01 1049618                    /usr/lib/x86_64-linux-gnu/nss/libsoftokn3.so
7fd6899b2000-7fd6899eb000 r-xp 00000000 08:01 794361                     /usr/lib/x86_64-linux-gnu/libnspr4.so
7fd6899eb000-7fd689bea000 ---p 00039000 08:01 794361                     /usr/lib/x86_64-linux-gnu/libnspr4.so
7fd689bea000-7fd689beb000 r--p 00038000 08:01 794361                     /usr/lib/x86_64-linux-gnu/libnspr4.so
7fd689beb000-7fd689bec000 rw-p 00039000 08:01 794361                     /usr/lib/x86_64-linux-gnu/libnspr4.so
7fd689bec000-7fd689bef000 rw-p 00000000 00:00 0 
7fd689bef000-7fd689bf2000 r-xp 00000000 08:01 794415                     /usr/lib/x86_64-linux-gnu/libplds4.so
7fd689bf2000-7fd689df1000 ---p 00003000 08:01 794415                     /usr/lib/x86_64-linux-gnu/libplds4.so
7fd689df1000-7fd689df2000 r--p 00002000 08:01 794415                     /usr/lib/x86_64-linux-gnu/libplds4.so
7fd689df2000-7fd689df3000 rw-p 00003000 08:01 794415                     /usr/lib/x86_64-linux-gnu/libplds4.so
7fd689df3000-7fd689df7000 r-xp 00000000 08:01 794414                     /usr/lib/x86_64-linux-gnu/libplc4.so
7fd689df7000-7fd689ff6000 ---p 00004000 08:01 794414                     /usr/lib/x86_64-linux-gnu/libplc4.so
7fd689ff6000-7fd689ff7000 r--p 00003000 08:01 794414                     /usr/lib/x86_64-linux-gnu/libplc4.so
7fd689ff7000-7fd689ff8000 rw-p 00004000 08:01 794414                     /usr/lib/x86_64-linux-gnu/libplc4.so
7fd689ff8000-7fd68a01c000 r-xp 00000000 08:01 795145                     /usr/lib/x86_64-linux-gnu/libnssutil3.so
7fd68a01c000-7fd68a21c000 ---p 00024000 08:01 795145                     /usr/lib/x86_64-linux-gnu/libnssutil3.so
7fd68a21c000-7fd68a222000 r--p 00024000 08:01 795145                     /usr/lib/x86_64-linux-gnu/libnssutil3.so
7fd68a222000-7fd68a223000 rw-p 0002a000 08:01 795145                     /usr/lib/x86_64-linux-gnu/libnssutil3.so
7fd68a223000-7fd68a354000 r-xp 00000000 08:01 795148                     /usr/lib/x86_64-linux-gnu/libnss3.so
7fd68a354000-7fd68a554000 ---p 00131000 08:01 795148                     /usr/lib/x86_64-linux-gnu/libnss3.so
7fd68a554000-7fd68a558000 r--p 00131000 08:01 795148                     /usr/lib/x86_64-linux-gnu/libnss3.so
7fd68a558000-7fd68a55a000 rw-p 00135000 08:01 795148                     /usr/lib/x86_64-linux-gnu/libnss3.so
7fd68a55a000-7fd68a55b000 rw-p 00000000 00:00 0 
7fd68a56a000-7fd68a575000 r--s 001fb000 08:01 790384                     /usr/lib/jvm/java-7-openjdk-common/jre/lib/charsets.jar
7fd68a575000-7fd68a580000 r--s 001fb000 08:01 790384                     /usr/lib/jvm/java-7-openjdk-common/jre/lib/charsets.jar
7fd68a580000-7fd68a590000 r-xp 00000000 08:01 1054994                    /usr/lib/jvm/java-7-openjdk-amd64/jre/lib/amd64/libj2pkcs11.so
7fd68a590000-7fd68a78f000 ---p 00010000 08:01 1054994                    /usr/lib/jvm/java-7-openjdk-amd64/jre/lib/amd64/libj2pkcs11.so
7fd68a78f000-7fd68a790000 r--p 0000f000 08:01 1054994                    /usr/lib/jvm/java-7-openjdk-amd64/jre/lib/amd64/libj2pkcs11.so
7fd68a790000-7fd68a791000 rw-p 00010000 08:01 1054994                    /usr/lib/jvm/java-7-openjdk-amd64/jre/lib/amd64/libj2pkcs11.so
7fd68a791000-7fd68a793000 r--s 00015000 08:01 790798                     /usr/lib/jvm/java-7-openjdk-common/jre/lib/jce.jar
7fd68a793000-7fd68a796000 ---p 00000000 00:00 0 
7fd68a796000-7fd68a894000 rw-p 00000000 00:00 0                          [stack:16031]
7fd68a894000-7fd68a897000 ---p 00000000 00:00 0 
7fd68a897000-7fd68a995000 rw-p 00000000 00:00 0                          [stack:16029]
7fd68a995000-7fd68aa95000 rw-s 00000000 08:01 7078225                    /var/subsonic/db/subsonic.data
7fd68aa95000-7fd68aa98000 ---p 00000000 00:00 0 
7fd68aa98000-7fd68ab96000 rw-p 00000000 00:00 0                          [stack:16028]
7fd68ab96000-7fd68ab98000 r--s 00014000 08:11 4981582                    /home/tthomas/.m2/repository/org/eclipse/jetty/jetty-client/8.1.7.v20120910/jetty-client-8.1.7.v20120910.jar
7fd68ab98000-7fd68ab9a000 r--s 00014000 08:11 4981654                    /home/tthomas/.m2/repository/org/eclipse/jetty/jetty-servlets/8.1.7.v20120910/jetty-servlets-8.1.7.v20120910.jar
7fd68ab9a000-7fd68ab9d000 r--s 0002f000 08:11 4986441                    /home/tthomas/.m2/repository/org/springframework/security/spring-security-config/3.1.0.RELEASE/spring-security-config-3.1.0.RELEASE.jar
7fd68ab9d000-7fd68aba4000 r--s 00032000 08:11 4982019                    /home/tthomas/.m2/repository/org/springframework/ldap/spring-ldap-core/1.3.1.RELEASE/spring-ldap-core-1.3.1.RELEASE.jar
7fd68aba4000-7fd68aba7000 r--s 00014000 08:11 4986462                    /home/tthomas/.m2/repository/org/springframework/security/spring-security-ldap/3.1.0.RELEASE/spring-security-ldap-3.1.0.RELEASE.jar
7fd68aba7000-7fd68abaf000 r--s 00037000 08:11 4986469                    /home/tthomas/.m2/repository/org/springframework/security/spring-security-web/3.1.0.RELEASE/spring-security-web-3.1.0.RELEASE.jar
7fd68abaf000-7fd68abb1000 r--s 00009000 08:11 4986455                    /home/tthomas/.m2/repository/org/springframework/security/spring-security-crypto/3.1.0.RELEASE/spring-security-crypto-3.1.0.RELEASE.jar
7fd68abb1000-7fd68abba000 r--s 00046000 08:11 4986476                    /home/tthomas/.m2/repository/org/springframework/spring-aop/3.0.6.RELEASE/spring-aop-3.0.6.RELEASE.jar
7fd68abba000-7fd68abbc000 r--s 00000000 08:11 4873012                    /home/tthomas/.m2/repository/aopalliance/aopalliance/1.0/aopalliance-1.0.jar
7fd68abbc000-7fd68abc8000 r--s 0004a000 08:11 4986448                    /home/tthomas/.m2/repository/org/springframework/security/spring-security-core/3.1.0.RELEASE/spring-security-core-3.1.0.RELEASE.jar
7fd68abc8000-7fd68abd5000 r--s 00078000 08:11 4986633                    /home/tthomas/.m2/repository/org/springframework/spring-web/3.1.0.RELEASE/spring-web-3.1.0.RELEASE.jar
7fd68abd5000-7fd68abda000 r--s 00027000 08:11 4986569                    /home/tthomas/.m2/repository/org/springframework/spring-expression/3.1.0.RELEASE/spring-expression-3.1.0.RELEASE.jar
7fd68abda000-7fd68abde000 r--s 00017000 08:11 4986524                    /home/tthomas/.m2/repository/org/springframework/spring-context-support/3.1.0.RELEASE/spring-context-support-3.1.0.RELEASE.jar
7fd68abde000-7fd68abe9000 r--s 00081000 08:11 4986640                    /home/tthomas/.m2/repository/org/springframework/spring-webmvc/3.1.0.RELEASE/spring-webmvc-3.1.0.RELEASE.jar
7fd68abe9000-7fd68abea000 r--s 0000c000 08:11 4986502                    /home/tthomas/.m2/repository/org/springframework/spring-asm/3.1.0.RELEASE/spring-asm-3.1.0.RELEASE.jar
7fd68abea000-7fd68abf5000 r--s 00062000 08:11 4986554                    /home/tthomas/.m2/repository/org/springframework/spring-core/3.1.0.RELEASE/spring-core-3.1.0.RELEASE.jar
7fd68abf5000-7fd68abf7000 r--s 0000a000 08:11 4981785                    /home/tthomas/.m2/repository/org/json/json/20090211/json-20090211.jar
7fd68abf7000-7fd68abf8000 r--s 00004000 08:11 4981809                    /home/tthomas/.m2/repository/org/littleshoot/nat-pmp/0.1-SNAPSHOT/nat-pmp-0.1-SNAPSHOT.jar
7fd68abf8000-7fd68abfa000 r--s 0000a000 08:11 4986678                    /home/tthomas/.m2/repository/taglibs/string/1.1.0/string-1.1.0.jar
7fd68abfa000-7fd68ac04000 r--s 0005c000 08:11 4873499                    /home/tthomas/.m2/repository/javax/servlet/jstl/1.2/jstl-1.2.jar
7fd68ac04000-7fd68ac1f000 r--s 0012b000 08:11 4873898                    /home/tthomas/.m2/repository/net/sf/ehcache/ehcache-core/2.6.0/ehcache-core-2.6.0.jar
7fd68ac1f000-7fd68ac21000 r--s 00023000 08:11 4981768                    /home/tthomas/.m2/repository/org/jdom/jdom/1.1.3/jdom-1.1.3.jar
7fd68ac21000-7fd68ac27000 r--s 00046000 08:11 4873520                    /home/tthomas/.m2/repository/jfree/jcommon/1.0.14/jcommon-1.0.14.jar
7fd68ac27000-7fd68ac37000 r--s 0013d000 08:11 4873527                    /home/tthomas/.m2/repository/jfree/jfreechart/1.0.11/jfreechart-1.0.11.jar
7fd68ac37000-7fd68ac43000 r--s 000b4000 08:11 4981761                    /home/tthomas/.m2/repository/org/jaudiotagger/2.0.2/jaudiotagger-2.0.2.jar
7fd68ac43000-7fd68ac52000 r--s 000e6000 08:11 4873000                    /home/tthomas/.m2/repository/ant/ant/1.6.2/ant-1.6.2.jar
7fd68ac52000-7fd68ac5a000 r--s 000bf000 08:11 4986671                    /home/tthomas/.m2/repository/rhino/js/1.6R7/js-1.6R7.jar
7fd68ac5a000-7fd68ac64000 r--s 000d0000 08:11 4873297                    /home/tthomas/.m2/repository/com/yahoo/platform/yui/yuicompressor/2.4.7/yuicompressor-2.4.7.jar
7fd68ac64000-7fd68ac77000 r--s 00111000 08:11 4875460                    /home/tthomas/.m2/repository/org/directwebremoting/dwr/3.0.0-rc3-SNAPSHOT/dwr-3.0.0-rc3-SNAPSHOT.jar
7fd68ac77000-7fd68ac79000 r--s 00005000 08:11 4981871                    /home/tthomas/.m2/repository/org/slf4j/slf4j-api/1.7.1/slf4j-api-1.7.1.jar
7fd68ac79000-7fd68ac7b000 r--s 00001000 08:11 4981885                    /home/tthomas/.m2/repository/org/slf4j/slf4j-log4j12/1.7.1/slf4j-log4j12-1.7.1.jar
7fd68ac7b000-7fd68ac84000 r--s 0006d000 08:11 4873880                    /home/tthomas/.m2/repository/log4j/log4j/1.2.16/log4j-1.2.16.jar
7fd68ac84000-7fd68ac85000 r--s 0012e000 08:11 5899209                    /home/tthomas/.m2/repository/jahspotify/jahspotify-native-jar/0.0.1-SNAPSHOT/jahspotify-native-jar-0.0.1-SNAPSHOT.jar
7fd68ac85000-7fd68ac88000 r--s 00012000 08:11 5390836                    /home/tthomas/.m2/repository/jahspotify/jahspotify-api/0.0.1-SNAPSHOT/jahspotify-api-0.0.1-SNAPSHOT.jar
7fd68ac88000-7fd68ac8e000 r--s 0002e000 08:11 4986664                    /home/tthomas/.m2/repository/radeox/radeox/1.0-b2/radeox-1.0-b2.jar
7fd68ac8e000-7fd68ac97000 r--s 000a4000 08:11 4873485                    /home/tthomas/.m2/repository/hsqldb/hsqldb/1.8.0.10/hsqldb-1.8.0.10.jar
7fd68ac97000-7fd68aca1000 r--s 0005f000 08:11 4874062                    /home/tthomas/.m2/repository/org/apache/httpcomponents/httpclient/4.2.1/httpclient-4.2.1.jar
7fd68aca1000-7fd68aca7000 r--s 00031000 08:11 4874105                    /home/tthomas/.m2/repository/org/apache/httpcomponents/httpcore/4.2.1/httpcore-4.2.1.jar
7fd68aca7000-7fd68acac000 r--s 00040000 08:11 4873427                    /home/tthomas/.m2/repository/commons-lang/commons-lang/2.5/commons-lang-2.5.jar
7fd68acac000-7fd68acb0000 r--s 0002a000 08:11 4873404                    /home/tthomas/.m2/repository/commons-io/commons-io/2.4/commons-io-2.4.jar
7fd68acb0000-7fd68acb7000 r--s 00039000 08:11 4873350                    /home/tthomas/.m2/repository/commons-codec/commons-codec/1.7/commons-codec-1.7.jar
7fd68acb7000-7fd68acbd000 r--s 00044000 08:11 4873409                    /home/tthomas/.m2/repository/commons-jxpath/commons-jxpath/1.3/commons-jxpath-1.3.jar
7fd68acbd000-7fd68acc4000 r--s 00040000 08:11 4873046                    /home/tthomas/.m2/repository/cglib/cglib/2.2.2/cglib-2.2.2.jar
7fd68acc4000-7fd68ad01000 r-xp 00000000 08:01 4984689                    /lib/x86_64-linux-gnu/libpcre.so.3.13.1
7fd68ad01000-7fd68af01000 ---p 0003d000 08:01 4984689                    /lib/x86_64-linux-gnu/libpcre.so.3.13.1
7fd68af01000-7fd68af02000 r--p 0003d000 08:01 4984689                    /lib/x86_64-linux-gnu/libpcre.so.3.13.1
7fd68af02000-7fd68af03000 rw-p 0003e000 08:01 4984689                    /lib/x86_64-linux-gnu/libpcre.so.3.13.1
7fd68af03000-7fd68af0a000 r-xp 00000000 08:01 800175                     /usr/lib/x86_64-linux-gnu/libffi.so.6.0.1
7fd68af0a000-7fd68b109000 ---p 00007000 08:01 800175                     /usr/lib/x86_64-linux-gnu/libffi.so.6.0.1
7fd68b109000-7fd68b10a000 r--p 00006000 08:01 800175                     /usr/lib/x86_64-linux-gnu/libffi.so.6.0.1
7fd68b10a000-7fd68b10b000 rw-p 00007000 08:01 800175                     /usr/lib/x86_64-linux-gnu/libffi.so.6.0.1
7fd68b10b000-7fd68b121000 r-xp 00000000 08:01 4987004                    /lib/x86_64-linux-gnu/libresolv-2.17.so
7fd68b121000-7fd68b321000 ---p 00016000 08:01 4987004                    /lib/x86_64-linux-gnu/libresolv-2.17.so
7fd68b321000-7fd68b322000 r--p 00016000 08:01 4987004                    /lib/x86_64-linux-gnu/libresolv-2.17.so
7fd68b322000-7fd68b323000 rw-p 00017000 08:01 4987004                    /lib/x86_64-linux-gnu/libresolv-2.17.so
7fd68b323000-7fd68b325000 rw-p 00000000 00:00 0 
7fd68b325000-7fd68b344000 r-xp 00000000 08:01 4984716                    /lib/x86_64-linux-gnu/libselinux.so.1
7fd68b344000-7fd68b544000 ---p 0001f000 08:01 4984716                    /lib/x86_64-linux-gnu/libselinux.so.1
7fd68b544000-7fd68b545000 r--p 0001f000 08:01 4984716                    /lib/x86_64-linux-gnu/libselinux.so.1
7fd68b545000-7fd68b546000 rw-p 00020000 08:01 4984716                    /lib/x86_64-linux-gnu/libselinux.so.1
7fd68b546000-7fd68b547000 rw-p 00000000 00:00 0 
7fd68b547000-7fd68b54a000 r-xp 00000000 08:01 787440                     /usr/lib/x86_64-linux-gnu/libgmodule-2.0.so.0.3800.2
7fd68b54a000-7fd68b749000 ---p 00003000 08:01 787440                     /usr/lib/x86_64-linux-gnu/libgmodule-2.0.so.0.3800.2
7fd68b749000-7fd68b74a000 r--p 00002000 08:01 787440                     /usr/lib/x86_64-linux-gnu/libgmodule-2.0.so.0.3800.2
7fd68b74a000-7fd68b74b000 rw-p 00003000 08:01 787440                     /usr/lib/x86_64-linux-gnu/libgmodule-2.0.so.0.3800.2
7fd68b74b000-7fd68b849000 r-xp 00000000 08:01 4981241                    /lib/x86_64-linux-gnu/libglib-2.0.so.0.3800.2
7fd68b849000-7fd68ba49000 ---p 000fe000 08:01 4981241                    /lib/x86_64-linux-gnu/libglib-2.0.so.0.3800.2
7fd68ba49000-7fd68ba4a000 r--p 000fe000 08:01 4981241                    /lib/x86_64-linux-gnu/libglib-2.0.so.0.3800.2
7fd68ba4a000-7fd68ba4b000 rw-p 000ff000 08:01 4981241                    /lib/x86_64-linux-gnu/libglib-2.0.so.0.3800.2
7fd68ba4b000-7fd68ba4c000 rw-p 00000000 00:00 0 
7fd68ba4c000-7fd68ba9b000 r-xp 00000000 08:01 786906                     /usr/lib/x86_64-linux-gnu/libgobject-2.0.so.0.3800.2
7fd68ba9b000-7fd68bc9b000 ---p 0004f000 08:01 786906                     /usr/lib/x86_64-linux-gnu/libgobject-2.0.so.0.3800.2
7fd68bc9b000-7fd68bc9c000 r--p 0004f000 08:01 786906                     /usr/lib/x86_64-linux-gnu/libgobject-2.0.so.0.3800.2
7fd68bc9c000-7fd68bc9d000 rw-p 00050000 08:01 786906                     /usr/lib/x86_64-linux-gnu/libgobject-2.0.so.0.3800.2
7fd68bc9d000-7fd68bdf9000 r-xp 00000000 08:01 787298                     /usr/lib/x86_64-linux-gnu/libgio-2.0.so.0.3800.2
7fd68bdf9000-7fd68bff8000 ---p 0015c000 08:01 787298                     /usr/lib/x86_64-linux-gnu/libgio-2.0.so.0.3800.2
7fd68bff8000-7fd68bffc000 r--p 0015b000 08:01 787298                     /usr/lib/x86_64-linux-gnu/libgio-2.0.so.0.3800.2
7fd68bffc000-7fd68bffe000 rw-p 0015f000 08:01 787298                     /usr/lib/x86_64-linux-gnu/libgio-2.0.so.0.3800.2
7fd68bffe000-7fd68c000000 rw-p 00000000 00:00 0 
7fd68c000000-7fd68c021000 rw-p 00000000 00:00 0 
7fd68c021000-7fd690000000 ---p 00000000 00:00 0 
7fd690000000-7fd690002000 r--s 0000d000 08:11 4873459                    /home/tthomas/.m2/repository/commons-logging/commons-logging/1.1.1/commons-logging-1.1.1.jar
7fd690002000-7fd690004000 r--s 0000d000 08:11 4873387                    /home/tthomas/.m2/repository/commons-fileupload/commons-fileupload/1.2.2/commons-fileupload-1.2.2.jar
7fd690004000-7fd690005000 r--s 0000a000 08:11 4873034                    /home/tthomas/.m2/repository/asm/asm/3.3.1/asm-3.3.1.jar
7fd690005000-7fd690014000 r--s 00082000 08:11 4982012                    /home/tthomas/.m2/repository/org/springframework/integration/spring-integration-core/2.1.1.RELEASE/spring-integration-core-2.1.1.RELEASE.jar
7fd690014000-7fd69001e000 r--s 00059000 08:11 4986586                    /home/tthomas/.m2/repository/org/springframework/spring-jdbc/3.1.0.RELEASE/spring-jdbc-3.1.0.RELEASE.jar
7fd69001e000-7fd690026000 r--s 00035000 08:11 4986622                    /home/tthomas/.m2/repository/org/springframework/spring-tx/3.1.0.RELEASE/spring-tx-3.1.0.RELEASE.jar
7fd690026000-7fd69003b000 r--s 000b6000 08:11 4986539                    /home/tthomas/.m2/repository/org/springframework/spring-context/3.1.0.RELEASE/spring-context-3.1.0.RELEASE.jar
7fd69003b000-7fd690047000 r--s 00084000 08:11 4986517                    /home/tthomas/.m2/repository/org/springframework/spring-beans/3.1.0.RELEASE/spring-beans-3.1.0.RELEASE.jar
7fd690047000-7fd69004b000 r--s 00029000 08:11 4981568                    /home/tthomas/.m2/repository/org/codehaus/woodstox/stax2-api/3.1.1/stax2-api-3.1.1.jar
7fd69004b000-7fd69004d000 r--s 00004000 08:11 4873513                    /home/tthomas/.m2/repository/javax/xml/stream/stax-api/1.0-2/stax-api-1.0-2.jar
7fd69004d000-7fd690052000 r--s 00070000 08:11 4981575                    /home/tthomas/.m2/repository/org/codehaus/woodstox/woodstox-core-asl/4.1.4/woodstox-core-asl-4.1.4.jar
7fd690052000-7fd690058000 r--s 0007e000 08:11 4986657                    /home/tthomas/.m2/repository/postgresql/postgresql/9.0-801.jdbc4/postgresql-9.0-801.jdbc4.jar
7fd690058000-7fd690066000 r--s 0007c000 08:11 4873268                    /home/tthomas/.m2/repository/com/mchange/mchange-commons-java/0.2.2/mchange-commons-java-0.2.2.jar
7fd690066000-7fd69006d000 r--s 0005f000 08:11 4873260                    /home/tthomas/.m2/repository/com/mchange/c3p0/0.9.2-pre4/c3p0-0.9.2-pre4.jar
7fd69006d000-7fd69007d000 r--s 0007c000 08:11 4873534                    /home/tthomas/.m2/repository/joda-time/joda-time/2.1/joda-time-2.1.jar
7fd69007d000-7fd690089000 r--s 00062000 08:11 4873136                    /home/tthomas/.m2/repository/com/github/hakko/musiccabinet/musiccabinet-server/0.7.24/musiccabinet-server-0.7.24.jar
7fd690089000-7fd69008b000 r--s 00015000 08:11 4981596                    /home/tthomas/.m2/repository/org/eclipse/jetty/jetty-http/8.1.7.v20120910/jetty-http-8.1.7.v20120910.jar
7fd69008b000-7fd69008e000 r--s 00017000 08:11 4981603                    /home/tthomas/.m2/repository/org/eclipse/jetty/jetty-io/8.1.7.v20120910/jetty-io-8.1.7.v20120910.jar
7fd69008e000-7fd690091000 r--s 0001c000 08:11 4999113                    /home/tthomas/.m2/repository/org/eclipse/jetty/jetty-websocket/8.1.7.v20120910/jetty-websocket-8.1.7.v20120910.jar
7fd690091000-7fd690096000 r--s 00032000 08:11 4999111                    /home/tthomas/.m2/repository/org/eclipse/jetty/orbit/org.objectweb.asm/3.1.0.v200803061910/org.objectweb.asm-3.1.0.v200803061910.jar
7fd690096000-7fd690098000 r--s 00005000 08:11 4999109                    /home/tthomas/.m2/repository/org/eclipse/jetty/orbit/javax.annotation/1.1.0.v201108011116/javax.annotation-1.1.0.v201108011116.jar
7fd690098000-7fd69009a000 r--s 00011000 08:11 4999108                    /home/tthomas/.m2/repository/org/eclipse/jetty/jetty-annotations/8.1.7.v20120910/jetty-annotations-8.1.7.v20120910.jar
7fd69009a000-7fd69009b000 r--s 00005000 08:11 4999105                    /home/tthomas/.m2/repository/org/eclipse/jetty/jetty-jmx/8.1.7.v20120910/jetty-jmx-8.1.7.v20120910.jar
7fd69009b000-7fd69009d000 r--s 0000c000 08:11 4999104                    /home/tthomas/.m2/repository/org/eclipse/jetty/orbit/javax.activation/1.1.0.v201105071233/javax.activation-1.1.0.v201105071233.jar
7fd69009d000-7fd6900a3000 r--s 00072000 08:11 4999102                    /home/tthomas/.m2/repository/org/eclipse/jetty/orbit/javax.mail.glassfish/1.4.1.v201005082020/javax.mail.glassfish-1.4.1.v201005082020.jar
7fd6900a3000-7fd6900a5000 r--s 00004000 08:11 4981589                    /home/tthomas/.m2/repository/org/eclipse/jetty/jetty-continuation/8.1.7.v20120910/jetty-continuation-8.1.7.v20120910.jar
7fd6900a5000-7fd6900ab000 r--s 0004d000 08:11 4981640                    /home/tthomas/.m2/repository/org/eclipse/jetty/jetty-server/8.1.7.v20120910/jetty-server-8.1.7.v20120910.jar
7fd6900ab000-7fd6900ac000 r--s 00009000 08:11 4999100                    /home/tthomas/.m2/repository/org/eclipse/jetty/jetty-jndi/8.1.7.v20120910/jetty-jndi-8.1.7.v20120910.jar
7fd6900ac000-7fd6900ae000 r--s 00006000 08:11 4999097                    /home/tthomas/.m2/repository/org/eclipse/jetty/orbit/javax.transaction/1.1.1.v201105210645/javax.transaction-1.1.1.v201105210645.jar
7fd6900ae000-7fd6900b0000 r--s 00013000 08:11 4999096                    /home/tthomas/.m2/repository/org/eclipse/jetty/jetty-plus/8.1.7.v20120910/jetty-plus-8.1.7.v20120910.jar
7fd6900b0000-7fd6900b4000 r--s 0003a000 08:11 4922132                    /home/tthomas/.m2/repository/net/sf/jtidy/jtidy/r938/jtidy-r938.jar
7fd6900b4000-7fd6900b6000 r--s 0000c000 08:11 4922131                    /home/tthomas/.m2/repository/org/apache/maven/plugin-tools/maven-plugin-tools-api/2.9/maven-plugin-tools-api-2.9.jar
7fd6900b6000-7fd6900b8000 r--s 00002000 08:11 4981962                    /home/tthomas/.m2/repository/org/sonatype/plexus/plexus-cipher/1.4/plexus-cipher-1.4.jar
7fd6900b8000-7fd6900b9000 r--s 00006000 08:11 4981967                    /home/tthomas/.m2/repository/org/sonatype/plexus/plexus-sec-dispatcher/1.3/plexus-sec-dispatcher-1.3.jar
7fd6900b9000-7fd6900bb000 r--s 00000000 08:11 4980977                    /home/tthomas/.m2/repository/org/codehaus/plexus/plexus-component-annotations/1.5.5/plexus-component-annotations-1.5.5.jar
7fd6900bb000-7fd6900bd000 r--s 0000d000 08:11 4981360                    /home/tthomas/.m2/repository/org/codehaus/plexus/plexus-interpolation/1.14/plexus-interpolation-1.14.jar
7fd6900bd000-7fd6900c1000 r--s 0001a000 08:11 4999095                    /home/tthomas/.m2/repository/org/sonatype/aether/aether-util/1.11/aether-util-1.11.jar
7fd6900c1000-7fd6900c5000 r--s 00033000 08:11 4999094                    /home/tthomas/.m2/repository/org/codehaus/plexus/plexus-utils/2.0.6/plexus-utils-2.0.6.jar
7fd6900c5000-7fd6900d1000 r--s 0006b000 08:11 4981981                    /home/tthomas/.m2/repository/org/sonatype/sisu/sisu-guice/2.9.4/sisu-guice-2.9.4-no_aop.jar
7fd6900d1000-7fd6900d7000 r--s 00033000 08:11 4981986                    /home/tthomas/.m2/repository/org/sonatype/sisu/sisu-inject-bean/2.1.1/sisu-inject-bean-2.1.1.jar
7fd6900d7000-7fd6900da000 r--s 00013000 08:11 4981633                    /home/tthomas/.m2/repository/org/eclipse/jetty/jetty-security/8.1.7.v20120910/jetty-security-8.1.7.v20120910.jar
7fd6900da000-7fd6900dc000 r--s 00016000 08:11 4981647                    /home/tthomas/.m2/repository/org/eclipse/jetty/jetty-servlet/8.1.7.v20120910/jetty-servlet-8.1.7.v20120910.jar
7fd6900dc000-7fd6900dd000 r--s 00009000 08:11 4981675                    /home/tthomas/.m2/repository/org/eclipse/jetty/jetty-xml/8.1.7.v20120910/jetty-xml-8.1.7.v20120910.jar
7fd6900dd000-7fd6900e0000 r--s 00018000 08:11 4981668                    /home/tthomas/.m2/repository/org/eclipse/jetty/jetty-webapp/8.1.7.v20120910/jetty-webapp-8.1.7.v20120910.jar
7fd6900e0000-7fd6900e2000 r--s 00010000 08:11 4981832                    /home/tthomas/.m2/repository/org/mortbay/jetty/jetty-maven-plugin/8.1.7.v20120910/jetty-maven-plugin-8.1.7.v20120910.jar
7fd6900e2000-7fd6900f1000 r--s 0019c000 08:11 4981743                    /home/tthomas/.m2/repository/org/eclipse/jetty/orbit/org.eclipse.jdt.core/3.7.1/org.eclipse.jdt.core-3.7.1.jar
7fd6900f1000-7fd6900f4000 r--s 0001d000 08:11 4981682                    /home/tthomas/.m2/repository/org/eclipse/jetty/orbit/com.sun.el/2.2.0.v201108011116/com.sun.el-2.2.0.v201108011116.jar
7fd6900f4000-7fd6900f6000 r--s 0000b000 08:11 4981689                    /home/tthomas/.m2/repository/org/eclipse/jetty/orbit/javax.el/2.2.0.v201108011116/javax.el-2.2.0.v201108011116.jar
7fd6900f6000-7fd6900fe000 r--s 00061000 08:11 4981736                    /home/tthomas/.m2/repository/org/eclipse/jetty/orbit/org.apache.taglibs.standard.glassfish/1.2.0.v201112081803/org.apache.taglibs.standard.glassfish-1.2.0.v201112081803.jar
7fd6900fe000-7fd690100000 r--s 0000b000 08:11 4981696                    /home/tthomas/.m2/repository/org/eclipse/jetty/orbit/javax.servlet.jsp.jstl/1.2.0.v201105211821/javax.servlet.jsp.jstl-1.2.0.v201105211821.jar
7fd690100000-7fd690107000 r--s 0008a000 08:11 4981729                    /home/tthomas/.m2/repository/org/eclipse/jetty/orbit/org.apache.jasper.glassfish/2.2.2.v201112011158/org.apache.jasper.glassfish-2.2.2.v201112011158.jar
7fd690107000-7fd69010a000 r--s 0002e000 08:11 4981718                    /home/tthomas/.m2/repository/org/eclipse/jetty/orbit/javax.servlet/3.0.0.v201112011016/javax.servlet-3.0.0.v201112011016.jar
7fd69010a000-7fd69010c000 r--s 00018000 08:11 4981707                    /home/tthomas/.m2/repository/org/eclipse/jetty/orbit/javax.servlet.jsp/2.2.0.v201112011158/javax.servlet.jsp-2.2.0.v201112011158.jar
7fd69010c000-7fd69010d000 r--s 00000000 08:11 4981610                    /home/tthomas/.m2/repository/org/eclipse/jetty/jetty-jsp/8.1.7.v20120910/jetty-jsp-8.1.7.v20120910.jar
7fd69010d000-7fd69010e000 r--s 00005000 08:11 4874614                    /home/tthomas/.m2/repository/org/apache/maven/maven-plugin-tools-api/2.0.3/maven-plugin-tools-api-2.0.3.jar
7fd69010e000-7fd690111000 r--s 00027000 08:11 4981409                    /home/tthomas/.m2/repository/org/codehaus/plexus/plexus-utils/1.1/plexus-utils-1.1.jar
7fd690111000-7fd690116000 r--s 00040000 08:11 4981661                    /home/tthomas/.m2/repository/org/eclipse/jetty/jetty-util/8.1.7.v20120910/jetty-util-8.1.7.v20120910.jar
7fd690116000-7fd690117000 r--s 00004000 08:11 4981824                    /home/tthomas/.m2/repository/org/mortbay/jetty/jetty-jspc-maven-plugin/8.1.7.v20120910/jetty-jspc-maven-plugin-8.1.7.v20120910.jar
7fd690117000-7fd690119000 r--s 00000000 08:11 4980949                    /home/tthomas/.m2/repository/org/codehaus/plexus/plexus-compiler-manager/1.9.1/plexus-compiler-manager-1.9.1.jar
7fd690119000-7fd69011b000 r--s 00004000 08:11 4980919                    /home/tthomas/.m2/repository/org/codehaus/plexus/plexus-compiler-api/1.9.1/plexus-compiler-api-1.9.1.jar
7fd69011b000-7fd690139000 r--s 001bb000 08:11 4873963                    /home/tthomas/.m2/repository/org/apache/ant/ant/1.8.2/ant-1.8.2.jar
7fd690139000-7fd69013c000 ---p 00000000 00:00 0 
7fd69013c000-7fd690192000 rw-p 00000000 00:00 0 
7fd690192000-7fd690193000 r--s 00003000 08:11 4980934                    /home/tthomas/.m2/repository/org/codehaus/plexus/plexus-compiler-javac/1.9.1/plexus-compiler-javac-1.9.1.jar
7fd690193000-7fd690197000 r--s 00034000 08:11 4981499                    /home/tthomas/.m2/repository/org/codehaus/plexus/plexus-utils/3.0/plexus-utils-3.0.jar
7fd690197000-7fd690198000 r--s 00007000 08:11 4875056                    /home/tthomas/.m2/repository/org/apache/maven/plugins/maven-compiler-plugin/2.5.1/maven-compiler-plugin-2.5.1.jar
7fd690198000-7fd69019a000 r--s 0000d000 08:11 4981355                    /home/tthomas/.m2/repository/org/codehaus/plexus/plexus-interpolation/1.13/plexus-interpolation-1.13.jar
7fd69019a000-7fd69019b000 r--s 00001000 08:11 4981957                    /home/tthomas/.m2/repository/org/sonatype/plexus/plexus-build-api/0.0.4/plexus-build-api-0.0.4.jar
7fd69019b000-7fd69019d000 r--s 00009000 08:11 4875311                    /home/tthomas/.m2/repository/org/apache/maven/shared/maven-filtering/1.0/maven-filtering-1.0.jar
7fd69019d000-7fd69019f000 r--s 00002000 08:11 4981337                    /home/tthomas/.m2/repository/org/codehaus/plexus/plexus-interactivity-api/1.0-alpha-4/plexus-interactivity-api-1.0-alpha-4.jar
7fd69019f000-7fd6901a1000 r--s 00006000 08:11 4873320                    /home/tthomas/.m2/repository/commons-cli/commons-cli/1.0/commons-cli-1.0.jar
7fd6901a1000-7fd6901a2000 r--s 00001000 08:11 4874228                    /home/tthomas/.m2/repository/org/apache/maven/doxia/doxia-sink-api/1.0-alpha-7/doxia-sink-api-1.0-alpha-7.jar
7fd6901a2000-7fd6901a3000 r--s 00002000 08:11 4875211                    /home/tthomas/.m2/repository/org/apache/maven/reporting/maven-reporting-api/2.0.6/maven-reporting-api-2.0.6.jar
7fd6901a3000-7fd6901a5000 r--s 00005000 08:11 4875162                    /home/tthomas/.m2/repository/org/apache/maven/plugins/maven-resources-plugin/2.5/maven-resources-plugin-2.5.jar
7fd6901a5000-7fd6901a7000 r--s 00002000 08:11 4873944                    /home/tthomas/.m2/repository/org/apache/ant/ant-launcher/1.8.2/ant-launcher-1.8.2.jar
7fd6901a7000-7fd6901ab000 r--s 00033000 08:11 4981468                    /home/tthomas/.m2/repository/org/codehaus/plexus/plexus-utils/2.0.5/plexus-utils-2.0.5.jar
7fd6901ab000-7fd6901ae000 r--s 0001b000 08:11 4873541                    /home/tthomas/.m2/repository/junit/junit/3.8.1/junit-3.8.1.jar
7fd6901ae000-7fd6901b0000 r--s 00007000 08:11 4981342                    /home/tthomas/.m2/repository/org/codehaus/plexus/plexus-interpolation/1.1/plexus-interpolation-1.1.jar
7fd6901b0000-7fd6901b1000 r--s 00007000 08:11 4875016                    /home/tthomas/.m2/repository/org/apache/maven/plugins/maven-antrun-plugin/1.7/maven-antrun-plugin-1.7.jar
7fd6901b1000-7fd6901b2000 r--p 00000000 00:00 0 
7fd6901b2000-7fd6901b7000 r--s 0004c000 08:01 804580                     /usr/lib/jvm/java-7-openjdk-common/jre/lib/jsse.jar
7fd6901b7000-7fd6901cd000 r-xp 00000000 08:01 1054572                    /usr/lib/jvm/java-7-openjdk-amd64/jre/lib/amd64/libnet.so
7fd6901cd000-7fd6903cc000 ---p 00016000 08:01 1054572                    /usr/lib/jvm/java-7-openjdk-amd64/jre/lib/amd64/libnet.so
7fd6903cc000-7fd6903cd000 r--p 00015000 08:01 1054572                    /usr/lib/jvm/java-7-openjdk-amd64/jre/lib/amd64/libnet.so
7fd6903cd000-7fd6903ce000 rw-p 00016000 08:01 1054572                    /usr/lib/jvm/java-7-openjdk-amd64/jre/lib/amd64/libnet.so
7fd6903ce000-7fd6903de000 r-xp 00000000 08:01 1054568                    /usr/lib/jvm/java-7-openjdk-amd64/jre/lib/amd64/libnio.so
7fd6903de000-7fd6905dd000 ---p 00010000 08:01 1054568                    /usr/lib/jvm/java-7-openjdk-amd64/jre/lib/amd64/libnio.so
7fd6905dd000-7fd6905de000 r--p 0000f000 08:01 1054568                    /usr/lib/jvm/java-7-openjdk-amd64/jre/lib/amd64/libnio.so
7fd6905de000-7fd6905df000 rw-p 00010000 08:01 1054568                    /usr/lib/jvm/java-7-openjdk-amd64/jre/lib/amd64/libnio.so
7fd6905df000-7fd6905e8000 r--s 000bc000 08:01 803825                     /usr/lib/jvm/java-7-openjdk-common/jre/lib/resources.jar
7fd6905e8000-7fd6905e9000 r--s 0000a000 08:11 4360022                    /home/tthomas/tools/apache-maven-3.0.4/lib/maven-embedder-3.0.4.jar
7fd6905e9000-7fd6905eb000 r--s 00026000 08:11 4360023                    /home/tthomas/tools/apache-maven-3.0.4/lib/maven-model-3.0.4.jar
7fd6905eb000-7fd6905ed000 r--s 00000000 08:11 4360030                    /home/tthomas/tools/apache-maven-3.0.4/lib/plexus-component-annotations-1.5.5.jar
7fd6905ed000-7fd6905ef000 r--s 0000b000 08:11 4360025                    /home/tthomas/tools/apache-maven-3.0.4/lib/maven-plugin-api-3.0.4.jar
7fd6905ef000-7fd6905f1000 r--s 00006000 08:11 4360013                    /home/tthomas/tools/apache-maven-3.0.4/lib/aether-connector-wagon-1.13.1.jar
7fd6905f1000-7fd690604000 r--s 000af000 08:11 4360039                    /home/tthomas/tools/apache-maven-3.0.4/lib/wagon-http-2.2-shaded.jar
7fd690604000-7fd690605000 ---p 00000000 00:00 0 
7fd690605000-7fd690705000 rw-p 00000000 00:00 0                          [stack:16014]
7fd690705000-7fd690708000 ---p 00000000 00:00 0 
7fd690708000-7fd690806000 rw-p 00000000 00:00 0                          [stack:16013]
7fd690806000-7fd690809000 ---p 00000000 00:00 0 
7fd690809000-7fd690907000 rw-p 00000000 00:00 0                          [stack:16012]
7fd690907000-7fd69090a000 ---p 00000000 00:00 0 
7fd69090a000-7fd690a08000 rw-p 00000000 00:00 0                          [stack:16011]
7fd690a08000-7fd690a0b000 ---p 00000000 00:00 0 
7fd690a0b000-7fd690b09000 rw-p 00000000 00:00 0                          [stack:16010]
7fd690b09000-7fd6911ea000 r--p 00000000 08:01 792931                     /usr/lib/locale/locale-archive
7fd6911ea000-7fd6911ed000 ---p 00000000 00:00 0 
7fd6911ed000-7fd6912eb000 rw-p 00000000 00:00 0                          [stack:16009]
7fd6912eb000-7fd6912ee000 ---p 00000000 00:00 0 
7fd6912ee000-7fd6913ec000 rw-p 00000000 00:00 0                          [stack:16008]
7fd6913ec000-7fd6913ed000 ---p 00000000 00:00 0 
7fd6913ed000-7fd694000000 rw-p 00000000 00:00 0                          [stack:16007]
7fd694000000-7fd69402d000 rw-p 00000000 00:00 0 
7fd69402d000-7fd698000000 ---p 00000000 00:00 0 
7fd698000000-7fd698001000 r--s 00006000 08:11 4360032                    /home/tthomas/tools/apache-maven-3.0.4/lib/plexus-sec-dispatcher-1.3.jar
7fd698001000-7fd698003000 r--s 0000b000 08:11 4360040                    /home/tthomas/tools/apache-maven-3.0.4/lib/wagon-provider-api-2.2.jar
7fd698003000-7fd698006000 r--s 0001d000 08:11 4360014                    /home/tthomas/tools/apache-maven-3.0.4/lib/aether-impl-1.13.1.jar
7fd698006000-7fd69800d000 r--s 00040000 08:11 4360036                    /home/tthomas/tools/apache-maven-3.0.4/lib/sisu-inject-bean-2.3.0.jar
7fd69800d000-7fd698011000 r--s 00033000 08:11 4360033                    /home/tthomas/tools/apache-maven-3.0.4/lib/plexus-utils-2.0.6.jar
7fd698011000-7fd69801d000 r--s 0007d000 08:11 4360021                    /home/tthomas/tools/apache-maven-3.0.4/lib/maven-core-3.0.4.jar
7fd69801d000-7fd69803c000 r--s 00152000 08:11 4360034                    /home/tthomas/tools/apache-maven-3.0.4/lib/sisu-guava-0.9.9.jar
7fd69803c000-7fd69850f000 rw-p 00000000 00:00 0 
7fd69850f000-7fd6986bc000 r--s 01cec000 08:01 1054556                    /usr/lib/jvm/java-7-openjdk-amd64/jre/lib/rt.jar
7fd6986bc000-7fd6a06dc000 rw-p 00000000 00:00 0 
7fd6a06dc000-7fd6a06dd000 ---p 00000000 00:00 0 
7fd6a06dd000-7fd6a07dd000 rw-p 00000000 00:00 0                          [stack:16006]
7fd6a07dd000-7fd6a07de000 ---p 00000000 00:00 0 
7fd6a07de000-7fd6a08de000 rw-p 00000000 00:00 0                          [stack:16005]
7fd6a08de000-7fd6a08df000 ---p 00000000 00:00 0 
7fd6a08df000-7fd6a09df000 rw-p 00000000 00:00 0                          [stack:16004]
7fd6a09df000-7fd6a09e0000 ---p 00000000 00:00 0 
7fd6a09e0000-7fd6a0b32000 rw-p 00000000 00:00 0                          [stack:16003]
7fd6a0b32000-7fd6a1000000 rw-p 00000000 00:00 0 
7fd6a1000000-7fd6a17a0000 rwxp 00000000 00:00 0 
7fd6a17a0000-7fd6a7fff000 rw-p 00000000 00:00 0 
7fd6a7fff000-7fd6a8000000 ---p 00000000 00:00 0 
7fd6a8000000-7fd6a8001000 r--s 00002000 08:11 4360038                    /home/tthomas/tools/apache-maven-3.0.4/lib/wagon-file-2.2.jar
7fd6a8001000-7fd6a8007000 r--s 0003f000 08:11 4360020                    /home/tthomas/tools/apache-maven-3.0.4/lib/maven-compat-3.0.4.jar
7fd6a8007000-7fd6a8009000 r--s 0000d000 08:11 4360031                    /home/tthomas/tools/apache-maven-3.0.4/lib/plexus-interpolation-1.14.jar
7fd6a8009000-7fd6a800b000 r--s 00006000 08:11 4360026                    /home/tthomas/tools/apache-maven-3.0.4/lib/maven-repository-metadata-3.0.4.jar
7fd6a800b000-7fd6a8011000 r--s 0002c000 08:11 4360037                    /home/tthomas/tools/apache-maven-3.0.4/lib/sisu-inject-plexus-2.3.0.jar
7fd6a8011000-7fd6a8013000 r--s 00009000 08:11 4360017                    /home/tthomas/tools/apache-maven-3.0.4/lib/commons-cli-1.2.jar
7fd6a8013000-7fd6a8017000 r--s 0001c000 08:11 4360016                    /home/tthomas/tools/apache-maven-3.0.4/lib/aether-util-1.13.1.jar
7fd6a8017000-7fd6a8019000 r--s 0000a000 08:11 4360027                    /home/tthomas/tools/apache-maven-3.0.4/lib/maven-settings-3.0.4.jar
7fd6a8019000-7fd6a809f000 rw-p 00000000 00:00 0 
7fd6a809f000-7fd6a80d6000 rw-p 00000000 00:00 0 
7fd6a80d6000-7fd6a80f2000 rw-p 00000000 00:00 0 
7fd6a80f2000-7fd6a8129000 rw-p 00000000 00:00 0 
7fd6a8129000-7fd6a817b000 rw-p 00000000 00:00 0 
7fd6a817b000-7fd6a8648000 rw-p 00000000 00:00 0 
7fd6a8648000-7fd6a87fe000 rw-p 00000000 00:00 0 
7fd6a87fe000-7fd6a88d8000 rw-p 00000000 00:00 0 
7fd6a88d8000-7fd6a88d9000 rw-p 00000000 00:00 0 
7fd6a88d9000-7fd6a88e1000 r-xp 00000000 08:01 1055002                    /usr/lib/jvm/java-7-openjdk-amd64/jre/lib/amd64/libzip.so
7fd6a88e1000-7fd6a8ae0000 ---p 00008000 08:01 1055002                    /usr/lib/jvm/java-7-openjdk-amd64/jre/lib/amd64/libzip.so
7fd6a8ae0000-7fd6a8ae1000 r--p 00007000 08:01 1055002                    /usr/lib/jvm/java-7-openjdk-amd64/jre/lib/amd64/libzip.so
7fd6a8ae1000-7fd6a8ae2000 rw-p 00008000 08:01 1055002                    /usr/lib/jvm/java-7-openjdk-amd64/jre/lib/amd64/libzip.so
7fd6a8ae2000-7fd6a8aee000 r-xp 00000000 08:01 4987093                    /lib/x86_64-linux-gnu/libnss_files-2.17.so
7fd6a8aee000-7fd6a8ced000 ---p 0000c000 08:01 4987093                    /lib/x86_64-linux-gnu/libnss_files-2.17.so
7fd6a8ced000-7fd6a8cee000 r--p 0000b000 08:01 4987093                    /lib/x86_64-linux-gnu/libnss_files-2.17.so
7fd6a8cee000-7fd6a8cef000 rw-p 0000c000 08:01 4987093                    /lib/x86_64-linux-gnu/libnss_files-2.17.so
7fd6a8cef000-7fd6a8cfa000 r-xp 00000000 08:01 4987030                    /lib/x86_64-linux-gnu/libnss_nis-2.17.so
7fd6a8cfa000-7fd6a8ef9000 ---p 0000b000 08:01 4987030                    /lib/x86_64-linux-gnu/libnss_nis-2.17.so
7fd6a8ef9000-7fd6a8efa000 r--p 0000a000 08:01 4987030                    /lib/x86_64-linux-gnu/libnss_nis-2.17.so
7fd6a8efa000-7fd6a8efb000 rw-p 0000b000 08:01 4987030                    /lib/x86_64-linux-gnu/libnss_nis-2.17.so
7fd6a8efb000-7fd6a8f12000 r-xp 00000000 08:01 4984554                    /lib/x86_64-linux-gnu/libnsl-2.17.so
7fd6a8f12000-7fd6a9111000 ---p 00017000 08:01 4984554                    /lib/x86_64-linux-gnu/libnsl-2.17.so
7fd6a9111000-7fd6a9112000 r--p 00016000 08:01 4984554                    /lib/x86_64-linux-gnu/libnsl-2.17.so
7fd6a9112000-7fd6a9113000 rw-p 00017000 08:01 4984554                    /lib/x86_64-linux-gnu/libnsl-2.17.so
7fd6a9113000-7fd6a9115000 rw-p 00000000 00:00 0 
7fd6a9115000-7fd6a911d000 r-xp 00000000 08:01 4987003                    /lib/x86_64-linux-gnu/libnss_compat-2.17.so
7fd6a911d000-7fd6a931c000 ---p 00008000 08:01 4987003                    /lib/x86_64-linux-gnu/libnss_compat-2.17.so
7fd6a931c000-7fd6a931d000 r--p 00007000 08:01 4987003                    /lib/x86_64-linux-gnu/libnss_compat-2.17.so
7fd6a931d000-7fd6a931e000 rw-p 00008000 08:01 4987003                    /lib/x86_64-linux-gnu/libnss_compat-2.17.so
7fd6a931e000-7fd6a9349000 r-xp 00000000 08:01 1054987                    /usr/lib/jvm/java-7-openjdk-amd64/jre/lib/amd64/libjava.so
7fd6a9349000-7fd6a9548000 ---p 0002b000 08:01 1054987                    /usr/lib/jvm/java-7-openjdk-amd64/jre/lib/amd64/libjava.so
7fd6a9548000-7fd6a9549000 r--p 0002a000 08:01 1054987                    /usr/lib/jvm/java-7-openjdk-amd64/jre/lib/amd64/libjava.so
7fd6a9549000-7fd6a954b000 rw-p 0002b000 08:01 1054987                    /usr/lib/jvm/java-7-openjdk-amd64/jre/lib/amd64/libjava.so
7fd6a954b000-7fd6a955b000 r-xp 00000000 08:01 1054986                    /usr/lib/jvm/java-7-openjdk-amd64/jre/lib/amd64/libverify.so
7fd6a955b000-7fd6a975a000 ---p 00010000 08:01 1054986                    /usr/lib/jvm/java-7-openjdk-amd64/jre/lib/amd64/libverify.so
7fd6a975a000-7fd6a975c000 r--p 0000f000 08:01 1054986                    /usr/lib/jvm/java-7-openjdk-amd64/jre/lib/amd64/libverify.so
7fd6a975c000-7fd6a975d000 rw-p 00011000 08:01 1054986                    /usr/lib/jvm/java-7-openjdk-amd64/jre/lib/amd64/libverify.so
7fd6a975d000-7fd6a9764000 r-xp 00000000 08:01 4987094                    /lib/x86_64-linux-gnu/librt-2.17.so
7fd6a9764000-7fd6a9963000 ---p 00007000 08:01 4987094                    /lib/x86_64-linux-gnu/librt-2.17.so
7fd6a9963000-7fd6a9964000 r--p 00006000 08:01 4987094                    /lib/x86_64-linux-gnu/librt-2.17.so
7fd6a9964000-7fd6a9965000 rw-p 00007000 08:01 4987094                    /lib/x86_64-linux-gnu/librt-2.17.so
7fd6a9965000-7fd6a997a000 r-xp 00000000 08:01 4980836                    /lib/x86_64-linux-gnu/libgcc_s.so.1
7fd6a997a000-7fd6a9b79000 ---p 00015000 08:01 4980836                    /lib/x86_64-linux-gnu/libgcc_s.so.1
7fd6a9b79000-7fd6a9b7a000 r--p 00014000 08:01 4980836                    /lib/x86_64-linux-gnu/libgcc_s.so.1
7fd6a9b7a000-7fd6a9b7b000 rw-p 00015000 08:01 4980836                    /lib/x86_64-linux-gnu/libgcc_s.so.1
7fd6a9b7b000-7fd6a9c7e000 r-xp 00000000 08:01 4987022                    /lib/x86_64-linux-gnu/libm-2.17.so
7fd6a9c7e000-7fd6a9e7d000 ---p 00103000 08:01 4987022                    /lib/x86_64-linux-gnu/libm-2.17.so
7fd6a9e7d000-7fd6a9e7e000 r--p 00102000 08:01 4987022                    /lib/x86_64-linux-gnu/libm-2.17.so
7fd6a9e7e000-7fd6a9e7f000 rw-p 00103000 08:01 4987022                    /lib/x86_64-linux-gnu/libm-2.17.so
7fd6a9e7f000-7fd6a9f65000 r-xp 00000000 08:01 788022                     /usr/lib/x86_64-linux-gnu/libstdc++.so.6.0.18
7fd6a9f65000-7fd6aa164000 ---p 000e6000 08:01 788022                     /usr/lib/x86_64-linux-gnu/libstdc++.so.6.0.18
7fd6aa164000-7fd6aa16c000 r--p 000e5000 08:01 788022                     /usr/lib/x86_64-linux-gnu/libstdc++.so.6.0.18
7fd6aa16c000-7fd6aa16e000 rw-p 000ed000 08:01 788022                     /usr/lib/x86_64-linux-gnu/libstdc++.so.6.0.18
7fd6aa16e000-7fd6aa183000 rw-p 00000000 00:00 0 
7fd6aa183000-7fd6aab91000 r-xp 00000000 08:01 1054991                    /usr/lib/jvm/java-7-openjdk-amd64/jre/lib/amd64/server/libjvm.so
7fd6aab91000-7fd6aad90000 ---p 00a0e000 08:01 1054991                    /usr/lib/jvm/java-7-openjdk-amd64/jre/lib/amd64/server/libjvm.so
7fd6aad90000-7fd6aae09000 r--p 00a0d000 08:01 1054991                    /usr/lib/jvm/java-7-openjdk-amd64/jre/lib/amd64/server/libjvm.so
7fd6aae09000-7fd6aae2c000 rw-p 00a86000 08:01 1054991                    /usr/lib/jvm/java-7-openjdk-amd64/jre/lib/amd64/server/libjvm.so
7fd6aae2c000-7fd6aae57000 rw-p 00000000 00:00 0 
7fd6aae57000-7fd6aae6f000 r-xp 00000000 08:01 4984748                    /lib/x86_64-linux-gnu/libz.so.1.2.8
7fd6aae6f000-7fd6ab06e000 ---p 00018000 08:01 4984748                    /lib/x86_64-linux-gnu/libz.so.1.2.8
7fd6ab06e000-7fd6ab06f000 r--p 00017000 08:01 4984748                    /lib/x86_64-linux-gnu/libz.so.1.2.8
7fd6ab06f000-7fd6ab070000 rw-p 00018000 08:01 4984748                    /lib/x86_64-linux-gnu/libz.so.1.2.8
7fd6ab070000-7fd6ab087000 r-xp 00000000 08:01 4987134                    /lib/x86_64-linux-gnu/libpthread-2.17.so
7fd6ab087000-7fd6ab287000 ---p 00017000 08:01 4987134                    /lib/x86_64-linux-gnu/libpthread-2.17.so
7fd6ab287000-7fd6ab288000 r--p 00017000 08:01 4987134                    /lib/x86_64-linux-gnu/libpthread-2.17.so
7fd6ab288000-7fd6ab289000 rw-p 00018000 08:01 4987134                    /lib/x86_64-linux-gnu/libpthread-2.17.so
7fd6ab289000-7fd6ab28d000 rw-p 00000000 00:00 0 
7fd6ab28d000-7fd6ab290000 r-xp 00000000 08:01 4987132                    /lib/x86_64-linux-gnu/libdl-2.17.so
7fd6ab290000-7fd6ab48f000 ---p 00003000 08:01 4987132                    /lib/x86_64-linux-gnu/libdl-2.17.so
7fd6ab48f000-7fd6ab490000 r--p 00002000 08:01 4987132                    /lib/x86_64-linux-gnu/libdl-2.17.so
7fd6ab490000-7fd6ab491000 rw-p 00003000 08:01 4987132                    /lib/x86_64-linux-gnu/libdl-2.17.so
7fd6ab491000-7fd6ab64e000 r-xp 00000000 08:01 4987130                    /lib/x86_64-linux-gnu/libc-2.17.so
7fd6ab64e000-7fd6ab84e000 ---p 001bd000 08:01 4987130                    /lib/x86_64-linux-gnu/libc-2.17.so
7fd6ab84e000-7fd6ab852000 r--p 001bd000 08:01 4987130                    /lib/x86_64-linux-gnu/libc-2.17.so
7fd6ab852000-7fd6ab854000 rw-p 001c1000 08:01 4987130                    /lib/x86_64-linux-gnu/libc-2.17.so
7fd6ab854000-7fd6ab859000 rw-p 00000000 00:00 0 
7fd6ab859000-7fd6ab866000 r-xp 00000000 08:01 1054563                    /usr/lib/jvm/java-7-openjdk-amd64/jre/lib/amd64/jli/libjli.so
7fd6ab866000-7fd6aba65000 ---p 0000d000 08:01 1054563                    /usr/lib/jvm/java-7-openjdk-amd64/jre/lib/amd64/jli/libjli.so
7fd6aba65000-7fd6aba66000 r--p 0000c000 08:01 1054563                    /usr/lib/jvm/java-7-openjdk-amd64/jre/lib/amd64/jli/libjli.so
7fd6aba66000-7fd6aba67000 rw-p 0000d000 08:01 1054563                    /usr/lib/jvm/java-7-openjdk-amd64/jre/lib/amd64/jli/libjli.so
7fd6aba67000-7fd6aba8a000 r-xp 00000000 08:01 4987025                    /lib/x86_64-linux-gnu/ld-2.17.so
7fd6aba8a000-7fd6aba8b000 r--s 00003000 08:11 4360015                    /home/tthomas/tools/apache-maven-3.0.4/lib/aether-spi-1.13.1.jar
7fd6aba8b000-7fd6aba8f000 r--s 00021000 08:11 4360024                    /home/tthomas/tools/apache-maven-3.0.4/lib/maven-model-builder-3.0.4.jar
7fd6aba8f000-7fd6aba91000 r--s 0000b000 08:11 4360019                    /home/tthomas/tools/apache-maven-3.0.4/lib/maven-artifact-3.0.4.jar
7fd6aba91000-7fd6aba94000 r--s 00013000 08:11 4360012                    /home/tthomas/tools/apache-maven-3.0.4/lib/aether-api-1.13.1.jar
7fd6aba94000-7fd6aba9c000 r--s 00050000 08:11 4360035                    /home/tthomas/tools/apache-maven-3.0.4/lib/sisu-guice-3.1.0-no_aop.jar
7fd6aba9c000-7fd6ababb000 rw-p 00000000 00:00 0 
7fd6ababb000-7fd6abb5c000 rw-p 00000000 00:00 0 
7fd6abb5c000-7fd6abb5f000 ---p 00000000 00:00 0 
7fd6abb5f000-7fd6abc62000 rw-p 00000000 00:00 0                          [stack:16002]
7fd6abc62000-7fd6abc64000 r--s 0000c000 08:11 4360018                    /home/tthomas/tools/apache-maven-3.0.4/lib/maven-aether-provider-3.0.4.jar
7fd6abc64000-7fd6abc67000 r--s 00008000 08:11 4360028                    /home/tthomas/tools/apache-maven-3.0.4/lib/maven-settings-builder-3.0.4.jar
7fd6abc67000-7fd6abc69000 r--s 00002000 08:11 4360029                    /home/tthomas/tools/apache-maven-3.0.4/lib/plexus-cipher-1.7.jar
7fd6abc69000-7fd6abc6b000 r--s 0000a000 08:11 4360010                    /home/tthomas/tools/apache-maven-3.0.4/boot/plexus-classworlds-2.4.jar
7fd6abc6b000-7fd6abc6f000 r--s 00085000 08:01 792823                     /usr/lib/jvm/java-7-openjdk-common/jre/lib/ext/localedata.jar
7fd6abc6f000-7fd6abc72000 r--s 0003c000 08:01 793745                     /usr/lib/jvm/java-7-openjdk-common/jre/lib/ext/sunpkcs11.jar
7fd6abc72000-7fd6abc75000 r--s 0000f000 08:01 792115                     /usr/lib/jvm/java-7-openjdk-common/jre/lib/ext/pulse-java.jar
7fd6abc75000-7fd6abc77000 r--s 00006000 08:01 1189152                    /usr/share/java/java-atk-wrapper.jar
7fd6abc77000-7fd6abc7a000 r--s 00032000 08:01 792822                     /usr/lib/jvm/java-7-openjdk-common/jre/lib/ext/sunjce_provider.jar
7fd6abc7a000-7fd6abc7b000 r--s 00002000 08:01 800225                     /usr/lib/jvm/java-7-openjdk-common/jre/lib/ext/dnsns.jar
7fd6abc7b000-7fd6abc7d000 r--s 00012000 08:01 792821                     /usr/lib/jvm/java-7-openjdk-common/jre/lib/ext/zipfs.jar
7fd6abc7d000-7fd6abc85000 rw-s 00000000 08:01 5382307                    /tmp/hsperfdata_tthomas/15994
7fd6abc85000-7fd6abc86000 rw-p 00000000 00:00 0 
7fd6abc86000-7fd6abc87000 r--p 00000000 00:00 0 
7fd6abc87000-7fd6abc89000 rw-p 00000000 00:00 0 
7fd6abc89000-7fd6abc8a000 r--p 00022000 08:01 4987025                    /lib/x86_64-linux-gnu/ld-2.17.so
7fd6abc8a000-7fd6abc8c000 rw-p 00023000 08:01 4987025                    /lib/x86_64-linux-gnu/ld-2.17.so
7fff681b0000-7fff681d2000 rw-p 00000000 00:00 0                          [stack]
7fff681fe000-7fff68200000 r-xp 00000000 00:00 0                          [vdso]
ffffffffff600000-ffffffffff601000 r-xp 00000000 00:00 0                  [vsyscall]

VM Arguments:
jvm_args: -Dclassworlds.conf=/home/tthomas/tools/apache-maven/bin/m2.conf -Dmaven.home=/home/tthomas/tools/apache-maven 
java_command: org.codehaus.plexus.classworlds.launcher.Launcher jetty:run -Dmusiccabinet.jdbc.url=jdbc:postgresql://192.168.1.65:5432/musiccabinet -Djava.library.path=~/git/libjahspotify/native-jar/target/classes/
Launcher Type: SUN_STANDARD

Environment Variables:
JAVA_HOME=/usr/lib/jvm/java-7-openjdk-amd64
PATH=/home/tthomas/tools/android-sdk-linux/tools:/home/tthomas/tools/android-sdk-linux/platform-tools:/home/tthomas/.rvm/bin:/home/tthomas/bin:/home/tthomas/perl5/bin:/home/tthomas/.rvm/gems/ruby-1.9.2-p290/bin:/home/tthomas/.rvm/gems/ruby-1.9.2-p290@global/bin:/home/tthomas/.rvm/rubies/ruby-1.9.2-p290/bin:/home/tthomas/.rvm/bin:/home/tthomas/bin:/usr/local/sbin:/usr/local/bin:/usr/sbin:/usr/bin:/sbin:/bin:/usr/games:/usr/local/games
USERNAME=tthomas
SHELL=/bin/bash
DISPLAY=:0

Signal Handlers:
SIGSEGV: [libjvm.so+0x871410], sa_mask[0]=0x7ffbfeff, sa_flags=0x10000004
SIGBUS: [libjvm.so+0x871410], sa_mask[0]=0x7ffbfeff, sa_flags=0x10000004
SIGFPE: [libjvm.so+0x709540], sa_mask[0]=0x7ffbfeff, sa_flags=0x10000004
SIGPIPE: SIG_IGN, sa_mask[0]=0x00000000, sa_flags=0x10000000
SIGXFSZ: [libjvm.so+0x709540], sa_mask[0]=0x7ffbfeff, sa_flags=0x10000004
SIGILL: [libjvm.so+0x709540], sa_mask[0]=0x7ffbfeff, sa_flags=0x10000004
SIGUSR1: SIG_DFL, sa_mask[0]=0x00000000, sa_flags=0x00000000
SIGUSR2: [libjvm.so+0x709270], sa_mask[0]=0x00000000, sa_flags=0x10000004
SIGHUP: [libjvm.so+0x709550], sa_mask[0]=0x7ffbfeff, sa_flags=0x10000004
SIGINT: [libjvm.so+0x709550], sa_mask[0]=0x7ffbfeff, sa_flags=0x10000004
SIGTERM: [libjvm.so+0x709550], sa_mask[0]=0x7ffbfeff, sa_flags=0x10000004
SIGQUIT: [libjvm.so+0x709550], sa_mask[0]=0x7ffbfeff, sa_flags=0x10000004


---------------  S Y S T E M  ---------------

OS:Ubuntu 13.10 (saucy)
uname:Linux 3.11.0-13-generic #20-Ubuntu SMP Wed Oct 23 07:38:26 UTC 2013 x86_64
libc:glibc 2.17 NPTL 2.17 
rlimit: STACK 8192k, CORE 0k, NPROC 125715, NOFILE 4096, AS infinity
load average:0.44 0.52 0.54

/proc/meminfo:
MemTotal:       16111756 kB
MemFree:         3382968 kB
Buffers:          535444 kB
Cached:          5496896 kB
SwapCached:           36 kB
Active:          7828688 kB
Inactive:        4129700 kB
Active(anon):    5628708 kB
Inactive(anon):   970168 kB
Active(file):    2199980 kB
Inactive(file):  3159532 kB
Unevictable:        1012 kB
Mlocked:            1012 kB
SwapTotal:       8191996 kB
SwapFree:        8184464 kB
Dirty:               288 kB
Writeback:             0 kB
AnonPages:       5927256 kB
Mapped:           417284 kB
Shmem:            672820 kB
Slab:             555932 kB
SReclaimable:     504704 kB
SUnreclaim:        51228 kB
KernelStack:        6328 kB
PageTables:        71336 kB
NFS_Unstable:          0 kB
Bounce:                0 kB
WritebackTmp:          0 kB
CommitLimit:    16247872 kB
Committed_AS:   15914844 kB
VmallocTotal:   34359738367 kB
VmallocUsed:      375020 kB
VmallocChunk:   34359327668 kB
HardwareCorrupted:     0 kB
AnonHugePages:         0 kB
HugePages_Total:       0
HugePages_Free:        0
HugePages_Rsvd:        0
HugePages_Surp:        0
Hugepagesize:       2048 kB
DirectMap4k:       76352 kB
DirectMap2M:    16373760 kB


CPU:total 4 (4 cores per cpu, 1 threads per core) family 6 model 58 stepping 9, cmov, cx8, fxsr, mmx, sse, sse2, sse3, ssse3, sse4.1, sse4.2, popcnt, avx, tsc, tscinvbit, tscinv

/proc/cpuinfo:
processor	: 0
vendor_id	: GenuineIntel
cpu family	: 6
model		: 58
model name	: Intel(R) Core(TM) i5-3570 CPU @ 3.40GHz
stepping	: 9
microcode	: 0x12
cpu MHz		: 1600.000
cache size	: 6144 KB
physical id	: 0
siblings	: 4
core id		: 0
cpu cores	: 4
apicid		: 0
initial apicid	: 0
fpu		: yes
fpu_exception	: yes
cpuid level	: 13
wp		: yes
flags		: fpu vme de pse tsc msr pae mce cx8 apic sep mtrr pge mca cmov pat pse36 clflush dts acpi mmx fxsr sse sse2 ss ht tm pbe syscall nx rdtscp lm constant_tsc arch_perfmon pebs bts rep_good nopl xtopology nonstop_tsc aperfmperf eagerfpu pni pclmulqdq dtes64 monitor ds_cpl vmx smx est tm2 ssse3 cx16 xtpr pdcm pcid sse4_1 sse4_2 x2apic popcnt tsc_deadline_timer aes xsave avx f16c rdrand lahf_lm ida arat epb xsaveopt pln pts dtherm tpr_shadow vnmi flexpriority ept vpid fsgsbase smep erms
bogomips	: 6784.54
clflush size	: 64
cache_alignment	: 64
address sizes	: 36 bits physical, 48 bits virtual
power management:

processor	: 1
vendor_id	: GenuineIntel
cpu family	: 6
model		: 58
model name	: Intel(R) Core(TM) i5-3570 CPU @ 3.40GHz
stepping	: 9
microcode	: 0x12
cpu MHz		: 3401.000
cache size	: 6144 KB
physical id	: 0
siblings	: 4
core id		: 1
cpu cores	: 4
apicid		: 2
initial apicid	: 2
fpu		: yes
fpu_exception	: yes
cpuid level	: 13
wp		: yes
flags		: fpu vme de pse tsc msr pae mce cx8 apic sep mtrr pge mca cmov pat pse36 clflush dts acpi mmx fxsr sse sse2 ss ht tm pbe syscall nx rdtscp lm constant_tsc arch_perfmon pebs bts rep_good nopl xtopology nonstop_tsc aperfmperf eagerfpu pni pclmulqdq dtes64 monitor ds_cpl vmx smx est tm2 ssse3 cx16 xtpr pdcm pcid sse4_1 sse4_2 x2apic popcnt tsc_deadline_timer aes xsave avx f16c rdrand lahf_lm ida arat epb xsaveopt pln pts dtherm tpr_shadow vnmi flexpriority ept vpid fsgsbase smep erms
bogomips	: 6784.54
clflush size	: 64
cache_alignment	: 64
address sizes	: 36 bits physical, 48 bits virtual
power management:

processor	: 2
vendor_id	: GenuineIntel
cpu family	: 6
model		: 58
model name	: Intel(R) Core(TM) i5-3570 CPU @ 3.40GHz
stepping	: 9
microcode	: 0x12
cpu MHz		: 1600.000
cache size	: 6144 KB
physical id	: 0
siblings	: 4
core id		: 2
cpu cores	: 4
apicid		: 4
initial apicid	: 4
fpu		: yes
fpu_exception	: yes
cpuid level	: 13
wp		: yes
flags		: fpu vme de pse tsc msr pae mce cx8 apic sep mtrr pge mca cmov pat pse36 clflush dts acpi mmx fxsr sse sse2 ss ht tm pbe syscall nx rdtscp lm constant_tsc arch_perfmon pebs bts rep_good nopl xtopology nonstop_tsc aperfmperf eagerfpu pni pclmulqdq dtes64 monitor ds_cpl vmx smx est tm2 ssse3 cx16 xtpr pdcm pcid sse4_1 sse4_2 x2apic popcnt tsc_deadline_timer aes xsave avx f16c rdrand lahf_lm ida arat epb xsaveopt pln pts dtherm tpr_shadow vnmi flexpriority ept vpid fsgsbase smep erms
bogomips	: 6784.54
clflush size	: 64
cache_alignment	: 64
address sizes	: 36 bits physical, 48 bits virtual
power management:

processor	: 3
vendor_id	: GenuineIntel
cpu family	: 6
model		: 58
model name	: Intel(R) Core(TM) i5-3570 CPU @ 3.40GHz
stepping	: 9
microcode	: 0x12
cpu MHz		: 1600.000
cache size	: 6144 KB
physical id	: 0
siblings	: 4
core id		: 3
cpu cores	: 4
apicid		: 6
initial apicid	: 6
fpu		: yes
fpu_exception	: yes
cpuid level	: 13
wp		: yes
flags		: fpu vme de pse tsc msr pae mce cx8 apic sep mtrr pge mca cmov pat pse36 clflush dts acpi mmx fxsr sse sse2 ss ht tm pbe syscall nx rdtscp lm constant_tsc arch_perfmon pebs bts rep_good nopl xtopology nonstop_tsc aperfmperf eagerfpu pni pclmulqdq dtes64 monitor ds_cpl vmx smx est tm2 ssse3 cx16 xtpr pdcm pcid sse4_1 sse4_2 x2apic popcnt tsc_deadline_timer aes xsave avx f16c rdrand lahf_lm ida arat epb xsaveopt pln pts dtherm tpr_shadow vnmi flexpriority ept vpid fsgsbase smep erms
bogomips	: 6784.54
clflush size	: 64
cache_alignment	: 64
address sizes	: 36 bits physical, 48 bits virtual
power management:



Memory: 4k page, physical 16111756k(3382968k free), swap 8191996k(8184464k free)

vm_info: OpenJDK 64-Bit Server VM (23.7-b01) for linux-amd64 JRE (1.7.0_25-b30), built on Oct 11 2013 18:04:12 by "buildd" with gcc 4.8.1

time: Mon Nov 18 17:47:22 2013
elapsed time: 298 seconds

