#
# A fatal error has been detected by the Java Runtime Environment:
#
#  SIGSEGV (0xb) at pc=0x0000000000000000, pid=24043, tid=140320657581824
#
# JRE version: 7.0_25-b30
# Java VM: OpenJDK 64-Bit Server VM (23.7-b01 mixed mode linux-amd64 compressed oops)
# Problematic frame:
# C  0x0000000000000000
#
# Failed to write core dump. Core dumps have been disabled. To enable core dumping, try "ulimit -c unlimited" before starting Java again
#
# If you would like to submit a bug report, please include
# instructions on how to reproduce the bug and visit:
#   https://bugs.launchpad.net/ubuntu/+source/openjdk-7/
# The crash happened outside the Java Virtual Machine in native code.
# See problematic frame for where to report the bug.
#

---------------  T H R E A D  ---------------

Current thread (0x00007f9f1069b800):  JavaThread "libJahSpotify native message handler" [_thread_in_native, id=24089, stack(0x00007f9ef2e32000,0x00007f9ef2f33000)]

siginfo:si_signo=SIGSEGV: si_errno=0, si_code=1 (SEGV_MAPERR), si_addr=0x0000000000000000

Registers:
RAX=0x00007f9e880dcee0, RBX=0x00007f9e8800c190, RCX=0x0000000000000000, RDX=0x0000000000000000
RSP=0x00007f9ef2f312c8, RBP=0x00007f9e8818c370, RSI=0x00007f9e8800c190, RDI=0x00007f9e880a6c50
R8 =0x0000000000000000, R9 =0x0000000000000002, R10=0x0000000000000002, R11=0x00007f9f16b15360
R12=0x00007f9ef2f3d313, R13=0x00007f9ef2f318c0, R14=0x0000000000000001, R15=0x0000000000000001
RIP=0x0000000000000000, EFLAGS=0x0000000000010246, CSGSFS=0x0000000000000033, ERR=0x0000000000000014
  TRAPNO=0x000000000000000e

Top of Stack: (sp=0x00007f9ef2f312c8)
0x00007f9ef2f312c8:   00007f9ef32dcefe 00007f9ef2f3d313
0x00007f9ef2f312d8:   00007f9e8800b4a0 00007f9ef2f31320
0x00007f9ef2f312e8:   00007f9ef32e0b46 00007f9e8800b4a0
0x00007f9ef2f312f8:   00007f9ef2f3d36f 00000000883a78ec
0x00007f9ef2f31308:   00007f9e8800b4a0 0000000000000000
0x00007f9ef2f31318:   00007f9e8800b4a0 00007f9e7c2738b0
0x00007f9ef2f31328:   00007f9ef32e4458 00007f9e883b085c
0x00007f9ef2f31338:   0000000080000001 0000000000000001
0x00007f9ef2f31348:   00007f9f16a0a4d0 00000017468e4eab
0x00007f9ef2f31358:   00007f9ef2f31430 00007f9e8818c110
0x00007f9ef2f31368:   00007f9ef3269906 0000000000000000
0x00007f9ef2f31378:   0000000000000001 00007f9ef2f31430
0x00007f9ef2f31388:   00007f9ef2f313e0 00007f9ef2f313b0
0x00007f9ef2f31398:   00007f9ef32eed9b 00007f9ef3269906
0x00007f9ef2f313a8:   0000000000000000 00007f9ef35b0910
0x00007f9ef2f313b8:   00007f9e00000007 0000001a00000020
0x00007f9ef2f313c8:   00000000ada9cee6 0000000000000001
0x00007f9ef2f313d8:   00007f9ef2f317d0 1a00000020000000
0x00007f9ef2f313e8:   00000000e6cea9ad 00007f9e8818c110
0x00007f9ef2f313f8:   00007f9f16a9696d 0000000000000000
0x00007f9ef2f31408:   00007f9e8818c110 0000000000000001
0x00007f9ef2f31418:   0000000011c1239d 00007f9e8818c660
0x00007f9ef2f31428:   00007f9ef3260724 0000000000000000
0x00007f9ef2f31438:   0000000000000000 0000000000000011
0x00007f9ef2f31448:   00007f9e8818c2b8 00007f9e8818c110
0x00007f9ef2f31458:   00007f9e8800c378 0000000000000001
0x00007f9ef2f31468:   00007f9ef2f317d0 0000000000000001
0x00007f9ef2f31478:   00007f9ef326075d 00007f9e883bf6e0
0x00007f9ef2f31488:   00007f9e8800c340 0000000000000001
0x00007f9ef2f31498:   00007f9ef2f317d0 0000000000000001
0x00007f9ef2f314a8:   0000000000000001 00007f9e8800c378
0x00007f9ef2f314b8:   00007f9f16a9696d 00007f9e8800c378 

Instructions: (pc=0x0000000000000000)
0xffffffffffffffe0:   

Register to memory mapping:

RAX=0x00007f9e880dcee0 is an unknown value
RBX=0x00007f9e8800c190 is an unknown value
RCX=0x0000000000000000 is an unknown value
RDX=0x0000000000000000 is an unknown value
RSP=0x00007f9ef2f312c8 is pointing into the stack for thread: 0x00007f9f1069b800
RBP=0x00007f9e8818c370 is an unknown value
RSI=0x00007f9e8800c190 is an unknown value
RDI=0x00007f9e880a6c50 is an unknown value
R8 =0x0000000000000000 is an unknown value
R9 =0x0000000000000002 is an unknown value
R10=0x0000000000000002 is an unknown value
R11=0x00007f9f16b15360: <offset 0x18e360> in /lib/x86_64-linux-gnu/libc.so.6 at 0x00007f9f16987000
R12=0x00007f9ef2f3d313: <offset 0xa313> in /tmp/libjahspotify.so at 0x00007f9ef2f33000
R13=0x00007f9ef2f318c0 is pointing into the stack for thread: 0x00007f9f1069b800
R14=0x0000000000000001 is an unknown value
R15=0x0000000000000001 is an unknown value


Stack: [0x00007f9ef2e32000,0x00007f9ef2f33000],  sp=0x00007f9ef2f312c8,  free space=1020k
Java frames: (J=compiled Java code, j=interpreted, Vv=VM code)
j  jahspotify.impl.JahSpotifyImpl.nativeInitialize(Ljava/lang/String;)I+0
j  jahspotify.impl.JahSpotifyImpl.access$11(Ljahspotify/impl/JahSpotifyImpl;Ljava/lang/String;)I+2
j  jahspotify.impl.JahSpotifyImpl$5.run()V+8
v  ~StubRoutines::call_stub

---------------  P R O C E S S  ---------------

Java Threads: ( => current thread )
  0x00007f9e88094000 JavaThread "Thread-22" daemon [_thread_blocked, id=24110, stack(0x00007f9ef1b34000,0x00007f9ef1c35000)]
  0x00007f9e9806b000 JavaThread "pool-1-thread-4" [_thread_blocked, id=24109, stack(0x00007f9ef36f0000,0x00007f9ef37f1000)]
  0x00007f9f12261000 JavaThread "StopJettyPluginMonitor" daemon [_thread_in_native, id=24107, stack(0x00007f9ef1da1000,0x00007f9ef1ea2000)]
  0x00007f9f12237000 JavaThread "qtp30783729-40" [_thread_blocked, id=24106, stack(0x00007f9ef1ea2000,0x00007f9ef1fa3000)]
  0x00007f9f12235000 JavaThread "qtp30783729-39" [_thread_blocked, id=24105, stack(0x00007f9ef1fa3000,0x00007f9ef20a4000)]
  0x00007f9f12233000 JavaThread "qtp30783729-38" [_thread_blocked, id=24104, stack(0x00007f9ef20a4000,0x00007f9ef21a5000)]
  0x00007f9f1223f000 JavaThread "qtp30783729-37" [_thread_blocked, id=24103, stack(0x00007f9ef21a5000,0x00007f9ef22a6000)]
  0x00007f9f1223d800 JavaThread "qtp30783729-36" [_thread_blocked, id=24102, stack(0x00007f9ef22a6000,0x00007f9ef23a7000)]
  0x00007f9f1223c000 JavaThread "qtp30783729-35" [_thread_blocked, id=24101, stack(0x00007f9ef23a7000,0x00007f9ef24a8000)]
  0x00007f9f11f5d800 JavaThread "qtp30783729-34 Selector0" [_thread_in_native, id=24100, stack(0x00007f9ef24a8000,0x00007f9ef25a9000)]
  0x00007f9f11f5a800 JavaThread "qtp30783729-33 Acceptor0 SelectChannelConnector@0.0.0.0:8080" [_thread_in_native, id=24099, stack(0x00007f9ef25a9000,0x00007f9ef26aa000)]
  0x00007f9ec17db000 JavaThread "music%0046older%0043ache.data" [_thread_blocked, id=24098, stack(0x00007f9ef26aa000,0x00007f9ef27ab000)]
  0x00007f9e8c002000 JavaThread "pool-1-thread-3" [_thread_blocked, id=24097, stack(0x00007f9ef27ab000,0x00007f9ef28ac000)]
  0x00007f9f106e2800 JavaThread "C3P0PooledConnectionPoolManager-Helper Thread-#2" daemon [_thread_blocked, id=24096, stack(0x00007f9ef28ac000,0x00007f9ef29ad000)]
  0x00007f9f10690800 JavaThread "C3P0PooledConnectionPoolManager-Helper Thread-#1" daemon [_thread_blocked, id=24095, stack(0x00007f9ef29ad000,0x00007f9ef2aae000)]
  0x00007f9f10072000 JavaThread "C3P0PooledConnectionPoolManager-Helper Thread-#0" daemon [_thread_blocked, id=24094, stack(0x00007f9ef2aae000,0x00007f9ef2baf000)]
  0x00007f9f10071000 JavaThread "C3P0PooledConnectionPoolManager-AdminTaskTimer" daemon [_thread_blocked, id=24093, stack(0x00007f9ef2baf000,0x00007f9ef2cb0000)]
  0x00007f9f104cc800 JavaThread "pool-3-thread-1" [_thread_blocked, id=24092, stack(0x00007f9ef2cb0000,0x00007f9ef2db1000)]
=>0x00007f9f1069b800 JavaThread "libJahSpotify native message handler" [_thread_in_native, id=24089, stack(0x00007f9ef2e32000,0x00007f9ef2f33000)]
  0x00007f9f10492000 JavaThread "pool-2-thread-1" daemon [_thread_blocked, id=24088, stack(0x00007f9ef35ef000,0x00007f9ef36f0000)]
  0x00007f9f1052d800 JavaThread "pool-1-thread-2" [_thread_blocked, id=24086, stack(0x00007f9ef37f1000,0x00007f9ef38f2000)]
  0x00007f9f1052c800 JavaThread "pool-1-thread-1" [_thread_blocked, id=24085, stack(0x00007f9ef38f2000,0x00007f9ef39f3000)]
  0x00007f9f1052a000 JavaThread "Timer-0" daemon [_thread_blocked, id=24084, stack(0x00007f9efbbfd000,0x00007f9efbcfe000)]
  0x00007f9f10944000 JavaThread "child%0044ir%0043ache.data" [_thread_blocked, id=24083, stack(0x00007f9ef39f3000,0x00007f9ef3af4000)]
  0x00007f9f1070b000 JavaThread "cover%0041rt%0043ache.data" [_thread_blocked, id=24081, stack(0x00007f9ef3af4000,0x00007f9ef3bf5000)]
  0x00007f9f11940000 JavaThread "chat%0043ache.data" [_thread_blocked, id=24080, stack(0x00007f9ef3bf5000,0x00007f9ef3cf6000)]
  0x00007f9ebfd50000 JavaThread "net.sf.ehcache.CacheManager@1645ed29" daemon [_thread_blocked, id=24079, stack(0x00007f9ef3cf6000,0x00007f9ef3df7000)]
  0x00007f9eb5d5c000 JavaThread "HSQLDB Timer @3c6ce9bc" daemon [_thread_blocked, id=24077, stack(0x00007f9efbcfe000,0x00007f9efbdff000)]
  0x00007f9eb50ce800 JavaThread "HashSessionScavenger-0" daemon [_thread_blocked, id=24076, stack(0x00007f9efbeff000,0x00007f9efc000000)]
  0x00007f9f10113800 JavaThread "Service Thread" daemon [_thread_blocked, id=24062, stack(0x00007f9f01c52000,0x00007f9f01d53000)]
  0x00007f9f10111000 JavaThread "C2 CompilerThread1" daemon [_thread_blocked, id=24061, stack(0x00007f9f01d53000,0x00007f9f01e54000)]
  0x00007f9f1010e000 JavaThread "C2 CompilerThread0" daemon [_thread_blocked, id=24060, stack(0x00007f9f01e54000,0x00007f9f01f55000)]
  0x00007f9f1010c000 JavaThread "Signal Dispatcher" daemon [_thread_blocked, id=24059, stack(0x00007f9f01f55000,0x00007f9f02056000)]
  0x00007f9f100b2800 JavaThread "Finalizer" daemon [_thread_blocked, id=24058, stack(0x00007f9f02737000,0x00007f9f02838000)]
  0x00007f9f100b0000 JavaThread "Reference Handler" daemon [_thread_blocked, id=24057, stack(0x00007f9f02838000,0x00007f9f02939000)]
  0x00007f9f10009000 JavaThread "main" [_thread_blocked, id=24051, stack(0x00007f9f17053000,0x00007f9f17154000)]

Other Threads:
  0x00007f9f100a7800 VMThread [stack: 0x00007f9f02939000,0x00007f9f02a3a000] [id=24056]
  0x00007f9f1011e000 WatcherThread [stack: 0x00007f9f01b51000,0x00007f9f01c52000] [id=24063]

VM state:not at safepoint (normal execution)

VM Mutex/Monitor currently owned by a thread: None

Heap
 PSYoungGen      total 536768K, used 175965K [0x00000007ae0b0000, 0x00000007e43d0000, 0x0000000800000000)
  eden space 478464K, 28% used [0x00000007ae0b0000,0x00000007b64569d0,0x00000007cb3f0000)
  from space 58304K, 70% used [0x00000007cb3f0000,0x00000007cdc20b68,0x00000007cece0000)
  to   space 61184K, 0% used [0x00000007e0810000,0x00000007e0810000,0x00000007e43d0000)
 ParOldGen       total 167872K, used 62413K [0x000000070a200000, 0x00000007145f0000, 0x00000007ae0b0000)
  object space 167872K, 37% used [0x000000070a200000,0x000000070def3490,0x00000007145f0000)
 PSPermGen       total 52736K, used 52700K [0x00000006ffc00000, 0x0000000702f80000, 0x000000070a200000)
  object space 52736K, 99% used [0x00000006ffc00000,0x0000000702f772f8,0x0000000702f80000)

Card table byte_map: [0x00007f9f0c3e7000,0x00007f9f0cbea000] byte_map_base: 0x00007f9f08be9000

Polling page: 0x00007f9f1717c000

Code Cache  [0x00007f9f0cbea000, 0x00007f9f0d0ca000, 0x00007f9f0fbea000)
 total_blobs=1832 nmethods=1377 adapters=406 free_code_cache=44282Kb largest_free_block=45238784

Compilation events (10 events):
Event: 55.315 Thread 0x00007f9f10111000 nmethod 1545 0x00007f9f0d03c150 code [0x00007f9f0d03c280, 0x00007f9f0d03c2f8]
Event: 55.316 Thread 0x00007f9f1010e000 nmethod 1546 0x00007f9f0d036d50 code [0x00007f9f0d036e80, 0x00007f9f0d036ef8]
Event: 65.081 Thread 0x00007f9f1010e000   36 % !         org.eclipse.jetty.http.HttpParser::parseNext @ 400 (4276 bytes)
Event: 65.147 Thread 0x00007f9f1010e000 nmethod 36% 0x00007f9f0d0b3590 code [0x00007f9f0d0b40a0, 0x00007f9f0d0b7c10]
Event: 66.080 Thread 0x00007f9f10111000 1547   !         org.eclipse.jetty.http.HttpParser::parseNext (4276 bytes)
Event: 66.158 Thread 0x00007f9f10111000 nmethod 1547 0x00007f9f0d0bbc10 code [0x00007f9f0d0bc8a0, 0x00007f9f0d0c0d18]
Event: 85.081 Thread 0x00007f9f1010e000 1548             java.util.concurrent.ConcurrentHashMap$HashIterator::advance (96 bytes)
Event: 85.083 Thread 0x00007f9f1010e000 nmethod 1548 0x00007f9f0cf05bd0 code [0x00007f9f0cf05d20, 0x00007f9f0cf05e98]
Event: 96.084 Thread 0x00007f9f10111000 1549             sun.nio.cs.ISO_8859_1$Decoder::decode (45 bytes)
Event: 96.086 Thread 0x00007f9f10111000 nmethod 1549 0x00007f9f0cf057d0 code [0x00007f9f0cf05920, 0x00007f9f0cf05af8]

GC Heap History (10 events):
Event: 3.847 GC heap before
{Heap before GC invocations=5 (full 0):
 PSYoungGen      total 136512K, used 136488K [0x00000007ae0b0000, 0x00000007b7030000, 0x0000000800000000)
  eden space 126080K, 100% used [0x00000007ae0b0000,0x00000007b5bd0000,0x00000007b5bd0000)
  from space 10432K, 99% used [0x00000007b6600000,0x00000007b702a0c8,0x00000007b7030000)
  to   space 10432K, 0% used [0x00000007b5bd0000,0x00000007b5bd0000,0x00000007b6600000)
 ParOldGen       total 167872K, used 2184K [0x000000070a200000, 0x00000007145f0000, 0x00000007ae0b0000)
  object space 167872K, 1% used [0x000000070a200000,0x000000070a4223f0,0x00000007145f0000)
 PSPermGen       total 21632K, used 21456K [0x00000006ffc00000, 0x0000000701120000, 0x000000070a200000)
  object space 21632K, 99% used [0x00000006ffc00000,0x00000007010f4140,0x0000000701120000)
Event: 3.871 GC heap after
Heap after GC invocations=5 (full 0):
 PSYoungGen      total 136512K, used 10408K [0x00000007ae0b0000, 0x00000007c0670000, 0x0000000800000000)
  eden space 126080K, 0% used [0x00000007ae0b0000,0x00000007ae0b0000,0x00000007b5bd0000)
  from space 10432K, 99% used [0x00000007b5bd0000,0x00000007b65fa0b8,0x00000007b6600000)
  to   space 24320K, 0% used [0x00000007beeb0000,0x00000007beeb0000,0x00000007c0670000)
 ParOldGen       total 167872K, used 17884K [0x000000070a200000, 0x00000007145f0000, 0x00000007ae0b0000)
  object space 167872K, 10% used [0x000000070a200000,0x000000070b377290,0x00000007145f0000)
 PSPermGen       total 21632K, used 21456K [0x00000006ffc00000, 0x0000000701120000, 0x000000070a200000)
  object space 21632K, 99% used [0x00000006ffc00000,0x00000007010f4140,0x0000000701120000)
}
Event: 4.501 GC heap before
{Heap before GC invocations=6 (full 0):
 PSYoungGen      total 136512K, used 136488K [0x00000007ae0b0000, 0x00000007c0670000, 0x0000000800000000)
  eden space 126080K, 100% used [0x00000007ae0b0000,0x00000007b5bd0000,0x00000007b5bd0000)
  from space 10432K, 99% used [0x00000007b5bd0000,0x00000007b65fa0b8,0x00000007b6600000)
  to   space 24320K, 0% used [0x00000007beeb0000,0x00000007beeb0000,0x00000007c0670000)
 ParOldGen       total 167872K, used 17884K [0x000000070a200000, 0x00000007145f0000, 0x00000007ae0b0000)
  object space 167872K, 10% used [0x000000070a200000,0x000000070b377290,0x00000007145f0000)
 PSPermGen       total 21632K, used 21541K [0x00000006ffc00000, 0x0000000701120000, 0x000000070a200000)
  object space 21632K, 99% used [0x00000006ffc00000,0x0000000701109560,0x0000000701120000)
Event: 4.533 GC heap after
Heap after GC invocations=6 (full 0):
 PSYoungGen      total 264640K, used 24313K [0x00000007ae0b0000, 0x00000007c1d90000, 0x0000000800000000)
  eden space 240320K, 0% used [0x00000007ae0b0000,0x00000007ae0b0000,0x00000007bcb60000)
  from space 24320K, 99% used [0x00000007beeb0000,0x00000007c066e6e8,0x00000007c0670000)
  to   space 36160K, 0% used [0x00000007bcb60000,0x00000007bcb60000,0x00000007beeb0000)
 ParOldGen       total 167872K, used 30935K [0x000000070a200000, 0x00000007145f0000, 0x00000007ae0b0000)
  object space 167872K, 18% used [0x000000070a200000,0x000000070c035ee8,0x00000007145f0000)
 PSPermGen       total 21632K, used 21541K [0x00000006ffc00000, 0x0000000701120000, 0x000000070a200000)
  object space 21632K, 99% used [0x00000006ffc00000,0x0000000701109560,0x0000000701120000)
}
Event: 5.736 GC heap before
{Heap before GC invocations=7 (full 0):
 PSYoungGen      total 264640K, used 264633K [0x00000007ae0b0000, 0x00000007c1d90000, 0x0000000800000000)
  eden space 240320K, 100% used [0x00000007ae0b0000,0x00000007bcb60000,0x00000007bcb60000)
  from space 24320K, 99% used [0x00000007beeb0000,0x00000007c066e6e8,0x00000007c0670000)
  to   space 36160K, 0% used [0x00000007bcb60000,0x00000007bcb60000,0x00000007beeb0000)
 ParOldGen       total 167872K, used 30935K [0x000000070a200000, 0x00000007145f0000, 0x00000007ae0b0000)
  object space 167872K, 18% used [0x000000070a200000,0x000000070c035ee8,0x00000007145f0000)
 PSPermGen       total 21632K, used 21555K [0x00000006ffc00000, 0x0000000701120000, 0x000000070a200000)
  object space 21632K, 99% used [0x00000006ffc00000,0x000000070110cc70,0x0000000701120000)
Event: 5.784 GC heap after
Heap after GC invocations=7 (full 0):
 PSYoungGen      total 276480K, used 36129K [0x00000007ae0b0000, 0x00000007d23b0000, 0x0000000800000000)
  eden space 240320K, 0% used [0x00000007ae0b0000,0x00000007ae0b0000,0x00000007bcb60000)
  from space 36160K, 99% used [0x00000007bcb60000,0x00000007beea86f0,0x00000007beeb0000)
  to   space 56128K, 0% used [0x00000007cece0000,0x00000007cece0000,0x00000007d23b0000)
 ParOldGen       total 167872K, used 56929K [0x000000070a200000, 0x00000007145f0000, 0x00000007ae0b0000)
  object space 167872K, 33% used [0x000000070a200000,0x000000070d998740,0x00000007145f0000)
 PSPermGen       total 21632K, used 21555K [0x00000006ffc00000, 0x0000000701120000, 0x000000070a200000)
  object space 21632K, 99% used [0x00000006ffc00000,0x000000070110cc70,0x0000000701120000)
}
Event: 7.471 GC heap before
{Heap before GC invocations=8 (full 0):
 PSYoungGen      total 276480K, used 276449K [0x00000007ae0b0000, 0x00000007d23b0000, 0x0000000800000000)
  eden space 240320K, 100% used [0x00000007ae0b0000,0x00000007bcb60000,0x00000007bcb60000)
  from space 36160K, 99% used [0x00000007bcb60000,0x00000007beea86f0,0x00000007beeb0000)
  to   space 56128K, 0% used [0x00000007cece0000,0x00000007cece0000,0x00000007d23b0000)
 ParOldGen       total 167872K, used 56929K [0x000000070a200000, 0x00000007145f0000, 0x00000007ae0b0000)
  object space 167872K, 33% used [0x000000070a200000,0x000000070d998740,0x00000007145f0000)
 PSPermGen       total 36224K, used 36056K [0x00000006ffc00000, 0x0000000701f60000, 0x000000070a200000)
  object space 36224K, 99% used [0x00000006ffc00000,0x0000000701f36338,0x0000000701f60000)
Event: 7.504 GC heap after
Heap after GC invocations=8 (full 0):
 PSYoungGen      total 534592K, used 37323K [0x00000007ae0b0000, 0x00000007d27f0000, 0x0000000800000000)
  eden space 478464K, 0% used [0x00000007ae0b0000,0x00000007ae0b0000,0x00000007cb3f0000)
  from space 56128K, 66% used [0x00000007cece0000,0x00000007d1152d98,0x00000007d23b0000)
  to   space 58304K, 0% used [0x00000007cb3f0000,0x00000007cb3f0000,0x00000007cece0000)
 ParOldGen       total 167872K, used 60052K [0x000000070a200000, 0x00000007145f0000, 0x00000007ae0b0000)
  object space 167872K, 35% used [0x000000070a200000,0x000000070dca5218,0x00000007145f0000)
 PSPermGen       total 36224K, used 36056K [0x00000006ffc00000, 0x0000000701f60000, 0x000000070a200000)
  object space 36224K, 99% used [0x00000006ffc00000,0x0000000701f36338,0x0000000701f60000)
}
Event: 13.064 GC heap before
{Heap before GC invocations=9 (full 0):
 PSYoungGen      total 534592K, used 515787K [0x00000007ae0b0000, 0x00000007d27f0000, 0x0000000800000000)
  eden space 478464K, 100% used [0x00000007ae0b0000,0x00000007cb3f0000,0x00000007cb3f0000)
  from space 56128K, 66% used [0x00000007cece0000,0x00000007d1152d98,0x00000007d23b0000)
  to   space 58304K, 0% used [0x00000007cb3f0000,0x00000007cb3f0000,0x00000007cece0000)
 ParOldGen       total 167872K, used 60052K [0x000000070a200000, 0x00000007145f0000, 0x00000007ae0b0000)
  object space 167872K, 35% used [0x000000070a200000,0x000000070dca5218,0x00000007145f0000)
 PSPermGen       total 50624K, used 50606K [0x00000006ffc00000, 0x0000000702d70000, 0x000000070a200000)
  object space 50624K, 99% used [0x00000006ffc00000,0x0000000702d6ba40,0x0000000702d70000)
Event: 13.089 GC heap after
Heap after GC invocations=9 (full 0):
 PSYoungGen      total 536768K, used 41154K [0x00000007ae0b0000, 0x00000007e43d0000, 0x0000000800000000)
  eden space 478464K, 0% used [0x00000007ae0b0000,0x00000007ae0b0000,0x00000007cb3f0000)
  from space 58304K, 70% used [0x00000007cb3f0000,0x00000007cdc20b68,0x00000007cece0000)
  to   space 61184K, 0% used [0x00000007e0810000,0x00000007e0810000,0x00000007e43d0000)
 ParOldGen       total 167872K, used 62413K [0x000000070a200000, 0x00000007145f0000, 0x00000007ae0b0000)
  object space 167872K, 37% used [0x000000070a200000,0x000000070def3490,0x00000007145f0000)
 PSPermGen       total 50624K, used 50606K [0x00000006ffc00000, 0x0000000702d70000, 0x000000070a200000)
  object space 50624K, 99% used [0x00000006ffc00000,0x0000000702d6ba40,0x0000000702d70000)
}

Deoptimization events (10 events):
Event: 36.292 Thread 0x00007f9f1223c000 Uncommon trap -34 fr.pc 0x00007f9f0d0365a0
Event: 36.292 Thread 0x00007f9f1223c000 Uncommon trap -34 fr.pc 0x00007f9f0d0497ac
Event: 36.292 Thread 0x00007f9f1223c000 Uncommon trap -34 fr.pc 0x00007f9f0d0365a0
Event: 36.292 Thread 0x00007f9f1223c000 Uncommon trap -34 fr.pc 0x00007f9f0d04db60
Event: 36.292 Thread 0x00007f9f1223c000 Uncommon trap -34 fr.pc 0x00007f9f0d0478f4
Event: 36.292 Thread 0x00007f9f1223c000 Uncommon trap -34 fr.pc 0x00007f9f0d050434
Event: 36.292 Thread 0x00007f9f1223c000 Uncommon trap -34 fr.pc 0x00007f9f0d04db60
Event: 36.292 Thread 0x00007f9f1223c000 Uncommon trap -34 fr.pc 0x00007f9f0d0478f4
Event: 45.312 Thread 0x00007f9f1223f000 Uncommon trap -12 fr.pc 0x00007f9f0d0a7760
Event: 47.225 Thread 0x00007f9f1223c000 Uncommon trap -34 fr.pc 0x00007f9f0d050434

Internal exceptions (10 events):
Event: 34.274 Thread 0x00007f9f1223d800 Threw 0x00000007b5321000 at /build/buildd/openjdk-7-7u25-2.3.12/build/openjdk/hotspot/src/share/vm/prims/jvm.cpp:1235
Event: 34.274 Thread 0x00007f9f1223d800 Threw 0x00000007b5322500 at /build/buildd/openjdk-7-7u25-2.3.12/build/openjdk/hotspot/src/share/vm/prims/jvm.cpp:1235
Event: 34.274 Thread 0x00007f9f1223d800 Threw 0x00000007b5322ff0 at /build/buildd/openjdk-7-7u25-2.3.12/build/openjdk/hotspot/src/share/vm/prims/jvm.cpp:1235
Event: 34.274 Thread 0x00007f9f1223d800 Threw 0x00000007b532bba0 at /build/buildd/openjdk-7-7u25-2.3.12/build/openjdk/hotspot/src/share/vm/prims/jvm.cpp:1235
Event: 34.274 Thread 0x00007f9f1223d800 Threw 0x00000007b532d0e8 at /build/buildd/openjdk-7-7u25-2.3.12/build/openjdk/hotspot/src/share/vm/prims/jvm.cpp:1235
Event: 34.274 Thread 0x00007f9f1223d800 Threw 0x00000007b5331b78 at /build/buildd/openjdk-7-7u25-2.3.12/build/openjdk/hotspot/src/share/vm/prims/jvm.cpp:1235
Event: 34.274 Thread 0x00007f9f1223d800 Threw 0x00000007b5333038 at /build/buildd/openjdk-7-7u25-2.3.12/build/openjdk/hotspot/src/share/vm/prims/jvm.cpp:1235
Event: 34.275 Thread 0x00007f9f1223d800 Threw 0x00000007b5333b28 at /build/buildd/openjdk-7-7u25-2.3.12/build/openjdk/hotspot/src/share/vm/prims/jvm.cpp:1235
Event: 34.275 Thread 0x00007f9f1223d800 Threw 0x00000007b5334400 at /build/buildd/openjdk-7-7u25-2.3.12/build/openjdk/hotspot/src/share/vm/classfile/systemDictionary.cpp:1
Event: 45.312 Thread 0x00007f9f1223f000 Implicit null exception at 0x00007f9f0d0a5018 to 0x00007f9f0d0a7755

Events (10 events):
Event: 47.324 Executing VM operation: RevokeBias done
Event: 47.325 Executing VM operation: RevokeBias
Event: 47.325 Executing VM operation: RevokeBias done
Event: 47.325 Executing VM operation: RevokeBias
Event: 47.325 Executing VM operation: RevokeBias done
Event: 60.813 Thread 0x00007f9f10644000 Thread exited: 0x00007f9f10644000
Event: 115.330 Thread 0x00007f9e7c270000 Thread added: 0x00007f9e7c270000
Event: 115.330 Thread 0x00007f9e7c270000 Thread exited: 0x00007f9e7c270000
Event: 115.405 Thread 0x00007f9e7c270000 Thread added: 0x00007f9e7c270000
Event: 115.405 Thread 0x00007f9e7c270000 Thread exited: 0x00007f9e7c270000


Dynamic libraries:
00400000-00401000 r-xp 00000000 08:01 1055003                            /usr/lib/jvm/java-7-openjdk-amd64/jre/bin/java
00600000-00601000 r--p 00000000 08:01 1055003                            /usr/lib/jvm/java-7-openjdk-amd64/jre/bin/java
00601000-00602000 rw-p 00001000 08:01 1055003                            /usr/lib/jvm/java-7-openjdk-amd64/jre/bin/java
014ec000-0150d000 rw-p 00000000 00:00 0                                  [heap]
6ffc00000-702f80000 rw-p 00000000 00:00 0 
702f80000-70a200000 rw-p 00000000 00:00 0 
70a200000-7145f0000 rw-p 00000000 00:00 0 
7145f0000-7ae0b0000 rw-p 00000000 00:00 0 
7ae0b0000-7e43d0000 rw-p 00000000 00:00 0 
7e43d0000-800000000 rw-p 00000000 00:00 0 
7f9e6c000000-7f9e6c053000 rw-p 00000000 00:00 0 
7f9e6c053000-7f9e70000000 ---p 00000000 00:00 0 
7f9e74000000-7f9e74021000 rw-p 00000000 00:00 0 
7f9e74021000-7f9e78000000 ---p 00000000 00:00 0 
7f9e78000000-7f9e7802a000 rw-p 00000000 00:00 0 
7f9e7802a000-7f9e7c000000 ---p 00000000 00:00 0 
7f9e7c000000-7f9e7c35b000 rw-p 00000000 00:00 0 
7f9e7c35b000-7f9e80000000 ---p 00000000 00:00 0 
7f9e80000000-7f9e80039000 rw-p 00000000 00:00 0 
7f9e80039000-7f9e84000000 ---p 00000000 00:00 0 
7f9e84000000-7f9e84021000 rw-p 00000000 00:00 0 
7f9e84021000-7f9e88000000 ---p 00000000 00:00 0 
7f9e88000000-7f9e88426000 rw-p 00000000 00:00 0 
7f9e88426000-7f9e8c000000 ---p 00000000 00:00 0 
7f9e8c000000-7f9e8c021000 rw-p 00000000 00:00 0 
7f9e8c021000-7f9e90000000 ---p 00000000 00:00 0 
7f9e90000000-7f9e90021000 rw-p 00000000 00:00 0 
7f9e90021000-7f9e94000000 ---p 00000000 00:00 0 
7f9e94000000-7f9e94021000 rw-p 00000000 00:00 0 
7f9e94021000-7f9e98000000 ---p 00000000 00:00 0 
7f9e98000000-7f9e980c0000 rw-p 00000000 00:00 0 
7f9e980c0000-7f9e9c000000 ---p 00000000 00:00 0 
7f9e9c000000-7f9e9c021000 rw-p 00000000 00:00 0 
7f9e9c021000-7f9ea0000000 ---p 00000000 00:00 0 
7f9ea0000000-7f9ea0098000 rw-p 00000000 00:00 0 
7f9ea0098000-7f9ea4000000 ---p 00000000 00:00 0 
7f9ea4000000-7f9ea40df000 rw-p 00000000 00:00 0 
7f9ea40df000-7f9ea8000000 ---p 00000000 00:00 0 
7f9ea8000000-7f9ea803d000 rw-p 00000000 00:00 0 
7f9ea803d000-7f9eac000000 ---p 00000000 00:00 0 
7f9eac000000-7f9eac021000 rw-p 00000000 00:00 0 
7f9eac021000-7f9eb0000000 ---p 00000000 00:00 0 
7f9eb0000000-7f9eb0021000 rw-p 00000000 00:00 0 
7f9eb0021000-7f9eb4000000 ---p 00000000 00:00 0 
7f9eb4000000-7f9eb7ffc000 rw-p 00000000 00:00 0 
7f9eb7ffc000-7f9eb8000000 ---p 00000000 00:00 0 
7f9eb8000000-7f9eb9c5b000 rw-p 00000000 00:00 0 
7f9eb9c5b000-7f9ebc000000 ---p 00000000 00:00 0 
7f9ebc000000-7f9ebfffd000 rw-p 00000000 00:00 0 
7f9ebfffd000-7f9ec0000000 ---p 00000000 00:00 0 
7f9ec0000000-7f9ec4000000 rw-p 00000000 00:00 0 
7f9ec4000000-7f9ec4021000 rw-p 00000000 00:00 0 
7f9ec4021000-7f9ec8000000 ---p 00000000 00:00 0 
7f9ec8000000-7f9ec8021000 rw-p 00000000 00:00 0 
7f9ec8021000-7f9ecc000000 ---p 00000000 00:00 0 
7f9ecc000000-7f9ecd92d000 rw-p 00000000 00:00 0 
7f9ecd92d000-7f9ed0000000 ---p 00000000 00:00 0 
7f9ed0000000-7f9ed0021000 rw-p 00000000 00:00 0 
7f9ed0021000-7f9ed4000000 ---p 00000000 00:00 0 
7f9ed4000000-7f9ed4021000 rw-p 00000000 00:00 0 
7f9ed4021000-7f9ed8000000 ---p 00000000 00:00 0 
7f9ed8000000-7f9ed9774000 rw-p 00000000 00:00 0 
7f9ed9774000-7f9edc000000 ---p 00000000 00:00 0 
7f9edc000000-7f9edc021000 rw-p 00000000 00:00 0 
7f9edc021000-7f9ee0000000 ---p 00000000 00:00 0 
7f9ee0000000-7f9ee0021000 rw-p 00000000 00:00 0 
7f9ee0021000-7f9ee4000000 ---p 00000000 00:00 0 
7f9ee4000000-7f9ee4021000 rw-p 00000000 00:00 0 
7f9ee4021000-7f9ee8000000 ---p 00000000 00:00 0 
7f9ee8000000-7f9ee8041000 rw-p 00000000 00:00 0 
7f9ee8041000-7f9eec000000 ---p 00000000 00:00 0 
7f9eec000000-7f9eec021000 rw-p 00000000 00:00 0 
7f9eec021000-7f9ef0000000 ---p 00000000 00:00 0 
7f9ef1b34000-7f9ef1b37000 ---p 00000000 00:00 0 
7f9ef1b37000-7f9ef1c35000 rw-p 00000000 00:00 0                          [stack:24110]
7f9ef1c35000-7f9ef1ca0000 r--s 00698000 08:01 1052436                    /usr/lib/jvm/java-7-openjdk-amd64/lib/tools.jar
7f9ef1ca0000-7f9ef1ca3000 ---p 00000000 00:00 0 
7f9ef1ca3000-7f9ef1da1000 rw-p 00000000 00:00 0 
7f9ef1da1000-7f9ef1da4000 ---p 00000000 00:00 0 
7f9ef1da4000-7f9ef1ea2000 rw-p 00000000 00:00 0                          [stack:24107]
7f9ef1ea2000-7f9ef1ea5000 ---p 00000000 00:00 0 
7f9ef1ea5000-7f9ef1fa3000 rw-p 00000000 00:00 0                          [stack:24106]
7f9ef1fa3000-7f9ef1fa6000 ---p 00000000 00:00 0 
7f9ef1fa6000-7f9ef20a4000 rw-p 00000000 00:00 0                          [stack:24105]
7f9ef20a4000-7f9ef20a7000 ---p 00000000 00:00 0 
7f9ef20a7000-7f9ef21a5000 rw-p 00000000 00:00 0                          [stack:24104]
7f9ef21a5000-7f9ef21a8000 ---p 00000000 00:00 0 
7f9ef21a8000-7f9ef22a6000 rw-p 00000000 00:00 0                          [stack:24103]
7f9ef22a6000-7f9ef22a9000 ---p 00000000 00:00 0 
7f9ef22a9000-7f9ef23a7000 rw-p 00000000 00:00 0                          [stack:24102]
7f9ef23a7000-7f9ef23aa000 ---p 00000000 00:00 0 
7f9ef23aa000-7f9ef24a8000 rw-p 00000000 00:00 0                          [stack:24101]
7f9ef24a8000-7f9ef24ab000 ---p 00000000 00:00 0 
7f9ef24ab000-7f9ef25a9000 rw-p 00000000 00:00 0                          [stack:24100]
7f9ef25a9000-7f9ef25ac000 ---p 00000000 00:00 0 
7f9ef25ac000-7f9ef26aa000 rw-p 00000000 00:00 0                          [stack:24099]
7f9ef26aa000-7f9ef26ad000 ---p 00000000 00:00 0 
7f9ef26ad000-7f9ef27ab000 rw-p 00000000 00:00 0                          [stack:24098]
7f9ef27ab000-7f9ef27ae000 ---p 00000000 00:00 0 
7f9ef27ae000-7f9ef28ac000 rw-p 00000000 00:00 0                          [stack:24097]
7f9ef28ac000-7f9ef28af000 ---p 00000000 00:00 0 
7f9ef28af000-7f9ef29ad000 rw-p 00000000 00:00 0                          [stack:24096]
7f9ef29ad000-7f9ef29b0000 ---p 00000000 00:00 0 
7f9ef29b0000-7f9ef2aae000 rw-p 00000000 00:00 0                          [stack:24095]
7f9ef2aae000-7f9ef2ab1000 ---p 00000000 00:00 0 
7f9ef2ab1000-7f9ef2baf000 rw-p 00000000 00:00 0                          [stack:24094]
7f9ef2baf000-7f9ef2bb2000 ---p 00000000 00:00 0 
7f9ef2bb2000-7f9ef2cb0000 rw-p 00000000 00:00 0                          [stack:24093]
7f9ef2cb0000-7f9ef2cb3000 ---p 00000000 00:00 0 
7f9ef2cb3000-7f9ef2db1000 rw-p 00000000 00:00 0                          [stack:24092]
7f9ef2db1000-7f9ef2db4000 ---p 00000000 00:00 0 
7f9ef2db4000-7f9ef2e32000 rw-p 00000000 00:00 0                          [stack:24091]
7f9ef2e32000-7f9ef2e35000 ---p 00000000 00:00 0 
7f9ef2e35000-7f9ef2f33000 rw-p 00000000 00:00 0                          [stack:24089]
7f9ef2f33000-7f9ef2f46000 r-xp 00000000 08:01 5242904                    /tmp/libjahspotify.so
7f9ef2f46000-7f9ef3145000 ---p 00013000 08:01 5242904                    /tmp/libjahspotify.so
7f9ef3145000-7f9ef3146000 r--p 00012000 08:01 5242904                    /tmp/libjahspotify.so
7f9ef3146000-7f9ef3147000 rw-p 00013000 08:01 5242904                    /tmp/libjahspotify.so
7f9ef3147000-7f9ef33a3000 r-xp 00000000 08:01 5242893                    /tmp/libspotify.so
7f9ef33a3000-7f9ef35a2000 ---p 0025c000 08:01 5242893                    /tmp/libspotify.so
7f9ef35a2000-7f9ef35c0000 rw-p 0025b000 08:01 5242893                    /tmp/libspotify.so
7f9ef35c0000-7f9ef35ef000 rw-p 00000000 00:00 0 
7f9ef35ef000-7f9ef35f2000 ---p 00000000 00:00 0 
7f9ef35f2000-7f9ef36f0000 rw-p 00000000 00:00 0                          [stack:24088]
7f9ef36f0000-7f9ef36f3000 ---p 00000000 00:00 0 
7f9ef36f3000-7f9ef37f1000 rw-p 00000000 00:00 0                          [stack:24109]
7f9ef37f1000-7f9ef37f4000 ---p 00000000 00:00 0 
7f9ef37f4000-7f9ef38f2000 rw-p 00000000 00:00 0                          [stack:24086]
7f9ef38f2000-7f9ef38f5000 ---p 00000000 00:00 0 
7f9ef38f5000-7f9ef39f3000 rw-p 00000000 00:00 0                          [stack:24085]
7f9ef39f3000-7f9ef39f6000 ---p 00000000 00:00 0 
7f9ef39f6000-7f9ef3af4000 rw-p 00000000 00:00 0                          [stack:24083]
7f9ef3af4000-7f9ef3af7000 ---p 00000000 00:00 0 
7f9ef3af7000-7f9ef3bf5000 rw-p 00000000 00:00 0                          [stack:24081]
7f9ef3bf5000-7f9ef3bf8000 ---p 00000000 00:00 0 
7f9ef3bf8000-7f9ef3cf6000 rw-p 00000000 00:00 0                          [stack:24080]
7f9ef3cf6000-7f9ef3cf9000 ---p 00000000 00:00 0 
7f9ef3cf9000-7f9ef3df7000 rw-p 00000000 00:00 0                          [stack:24079]
7f9ef3df7000-7f9ef3dff000 r-xp 00000000 08:01 1054713                    /usr/lib/jvm/java-7-openjdk-amd64/jre/lib/amd64/libmanagement.so
7f9ef3dff000-7f9ef3ffe000 ---p 00008000 08:01 1054713                    /usr/lib/jvm/java-7-openjdk-amd64/jre/lib/amd64/libmanagement.so
7f9ef3ffe000-7f9ef3fff000 r--p 00007000 08:01 1054713                    /usr/lib/jvm/java-7-openjdk-amd64/jre/lib/amd64/libmanagement.so
7f9ef3fff000-7f9ef4000000 rw-p 00008000 08:01 1054713                    /usr/lib/jvm/java-7-openjdk-amd64/jre/lib/amd64/libmanagement.so
7f9ef4000000-7f9ef4023000 rw-p 00000000 00:00 0 
7f9ef4023000-7f9ef8000000 ---p 00000000 00:00 0 
7f9ef8062000-7f9ef8068000 r-xp 00000000 08:01 4987024                    /lib/x86_64-linux-gnu/libnss_dns-2.17.so
7f9ef8068000-7f9ef8267000 ---p 00006000 08:01 4987024                    /lib/x86_64-linux-gnu/libnss_dns-2.17.so
7f9ef8267000-7f9ef8268000 r--p 00005000 08:01 4987024                    /lib/x86_64-linux-gnu/libnss_dns-2.17.so
7f9ef8268000-7f9ef8269000 rw-p 00006000 08:01 4987024                    /lib/x86_64-linux-gnu/libnss_dns-2.17.so
7f9ef8269000-7f9ef826b000 r-xp 00000000 08:01 4984775                    /lib/libnss_mdns4_minimal.so.2
7f9ef826b000-7f9ef846a000 ---p 00002000 08:01 4984775                    /lib/libnss_mdns4_minimal.so.2
7f9ef846a000-7f9ef846b000 r--p 00001000 08:01 4984775                    /lib/libnss_mdns4_minimal.so.2
7f9ef846b000-7f9ef846c000 rw-p 00002000 08:01 4984775                    /lib/libnss_mdns4_minimal.so.2
7f9ef846c000-7f9ef846f000 r-xp 00000000 08:01 4984670                    /lib/x86_64-linux-gnu/libnss_myhostname.so.2
7f9ef846f000-7f9ef866e000 ---p 00003000 08:01 4984670                    /lib/x86_64-linux-gnu/libnss_myhostname.so.2
7f9ef866e000-7f9ef866f000 r--p 00002000 08:01 4984670                    /lib/x86_64-linux-gnu/libnss_myhostname.so.2
7f9ef866f000-7f9ef8670000 rw-p 00003000 08:01 4984670                    /lib/x86_64-linux-gnu/libnss_myhostname.so.2
7f9ef8670000-7f9ef86e5000 r-xp 00000000 08:01 1052246                    /usr/lib/x86_64-linux-gnu/nss/libfreebl3.so
7f9ef86e5000-7f9ef88e5000 ---p 00075000 08:01 1052246                    /usr/lib/x86_64-linux-gnu/nss/libfreebl3.so
7f9ef88e5000-7f9ef88e6000 r--p 00075000 08:01 1052246                    /usr/lib/x86_64-linux-gnu/nss/libfreebl3.so
7f9ef88e6000-7f9ef88e7000 rw-p 00076000 08:01 1052246                    /usr/lib/x86_64-linux-gnu/nss/libfreebl3.so
7f9ef88e7000-7f9ef88eb000 rw-p 00000000 00:00 0 
7f9ef88eb000-7f9ef8999000 r-xp 00000000 08:01 794521                     /usr/lib/x86_64-linux-gnu/libsqlite3.so.0.8.6
7f9ef8999000-7f9ef8b99000 ---p 000ae000 08:01 794521                     /usr/lib/x86_64-linux-gnu/libsqlite3.so.0.8.6
7f9ef8b99000-7f9ef8b9b000 r--p 000ae000 08:01 794521                     /usr/lib/x86_64-linux-gnu/libsqlite3.so.0.8.6
7f9ef8b9b000-7f9ef8b9d000 rw-p 000b0000 08:01 794521                     /usr/lib/x86_64-linux-gnu/libsqlite3.so.0.8.6
7f9ef8b9d000-7f9ef8b9e000 rw-p 00000000 00:00 0 
7f9ef8b9e000-7f9ef8be0000 r-xp 00000000 08:01 1050916                    /usr/lib/x86_64-linux-gnu/nss/libsoftokn3.so
7f9ef8be0000-7f9ef8de0000 ---p 00042000 08:01 1050916                    /usr/lib/x86_64-linux-gnu/nss/libsoftokn3.so
7f9ef8de0000-7f9ef8de1000 r--p 00042000 08:01 1050916                    /usr/lib/x86_64-linux-gnu/nss/libsoftokn3.so
7f9ef8de1000-7f9ef8de2000 rw-p 00043000 08:01 1050916                    /usr/lib/x86_64-linux-gnu/nss/libsoftokn3.so
7f9ef8de2000-7f9ef8e1b000 r-xp 00000000 08:01 794361                     /usr/lib/x86_64-linux-gnu/libnspr4.so
7f9ef8e1b000-7f9ef901a000 ---p 00039000 08:01 794361                     /usr/lib/x86_64-linux-gnu/libnspr4.so
7f9ef901a000-7f9ef901b000 r--p 00038000 08:01 794361                     /usr/lib/x86_64-linux-gnu/libnspr4.so
7f9ef901b000-7f9ef901c000 rw-p 00039000 08:01 794361                     /usr/lib/x86_64-linux-gnu/libnspr4.so
7f9ef901c000-7f9ef901f000 rw-p 00000000 00:00 0 
7f9ef901f000-7f9ef9022000 r-xp 00000000 08:01 794415                     /usr/lib/x86_64-linux-gnu/libplds4.so
7f9ef9022000-7f9ef9221000 ---p 00003000 08:01 794415                     /usr/lib/x86_64-linux-gnu/libplds4.so
7f9ef9221000-7f9ef9222000 r--p 00002000 08:01 794415                     /usr/lib/x86_64-linux-gnu/libplds4.so
7f9ef9222000-7f9ef9223000 rw-p 00003000 08:01 794415                     /usr/lib/x86_64-linux-gnu/libplds4.so
7f9ef9223000-7f9ef9227000 r-xp 00000000 08:01 794414                     /usr/lib/x86_64-linux-gnu/libplc4.so
7f9ef9227000-7f9ef9426000 ---p 00004000 08:01 794414                     /usr/lib/x86_64-linux-gnu/libplc4.so
7f9ef9426000-7f9ef9427000 r--p 00003000 08:01 794414                     /usr/lib/x86_64-linux-gnu/libplc4.so
7f9ef9427000-7f9ef9428000 rw-p 00004000 08:01 794414                     /usr/lib/x86_64-linux-gnu/libplc4.so
7f9ef9428000-7f9ef944d000 r-xp 00000000 08:01 790748                     /usr/lib/x86_64-linux-gnu/libnssutil3.so
7f9ef944d000-7f9ef964c000 ---p 00025000 08:01 790748                     /usr/lib/x86_64-linux-gnu/libnssutil3.so
7f9ef964c000-7f9ef9652000 r--p 00024000 08:01 790748                     /usr/lib/x86_64-linux-gnu/libnssutil3.so
7f9ef9652000-7f9ef9653000 rw-p 0002a000 08:01 790748                     /usr/lib/x86_64-linux-gnu/libnssutil3.so
7f9ef9653000-7f9ef9784000 r-xp 00000000 08:01 791249                     /usr/lib/x86_64-linux-gnu/libnss3.so
7f9ef9784000-7f9ef9984000 ---p 00131000 08:01 791249                     /usr/lib/x86_64-linux-gnu/libnss3.so
7f9ef9984000-7f9ef9988000 r--p 00131000 08:01 791249                     /usr/lib/x86_64-linux-gnu/libnss3.so
7f9ef9988000-7f9ef998a000 rw-p 00135000 08:01 791249                     /usr/lib/x86_64-linux-gnu/libnss3.so
7f9ef998a000-7f9ef998b000 rw-p 00000000 00:00 0 
7f9ef998b000-7f9ef999b000 r-xp 00000000 08:01 1054994                    /usr/lib/jvm/java-7-openjdk-amd64/jre/lib/amd64/libj2pkcs11.so
7f9ef999b000-7f9ef9b9a000 ---p 00010000 08:01 1054994                    /usr/lib/jvm/java-7-openjdk-amd64/jre/lib/amd64/libj2pkcs11.so
7f9ef9b9a000-7f9ef9b9b000 r--p 0000f000 08:01 1054994                    /usr/lib/jvm/java-7-openjdk-amd64/jre/lib/amd64/libj2pkcs11.so
7f9ef9b9b000-7f9ef9b9c000 rw-p 00010000 08:01 1054994                    /usr/lib/jvm/java-7-openjdk-amd64/jre/lib/amd64/libj2pkcs11.so
7f9ef9b9c000-7f9efbba4000 rw-p 00000000 00:00 0 
7f9efbbf2000-7f9efbbfd000 r--s 001fb000 08:01 790384                     /usr/lib/jvm/java-7-openjdk-common/jre/lib/charsets.jar
7f9efbbfd000-7f9efbc00000 ---p 00000000 00:00 0 
7f9efbc00000-7f9efbcfe000 rw-p 00000000 00:00 0                          [stack:24084]
7f9efbcfe000-7f9efbd01000 ---p 00000000 00:00 0 
7f9efbd01000-7f9efbdff000 rw-p 00000000 00:00 0                          [stack:24077]
7f9efbdff000-7f9efbeff000 rw-s 00000000 08:01 7079468                    /var/subsonic/db/subsonic.data
7f9efbeff000-7f9efbf02000 ---p 00000000 00:00 0 
7f9efbf02000-7f9efc000000 rw-p 00000000 00:00 0                          [stack:24076]
7f9efc000000-7f9efc021000 rw-p 00000000 00:00 0 
7f9efc021000-7f9f00000000 ---p 00000000 00:00 0 
7f9f00006000-7f9f00011000 r--s 001fb000 08:01 790384                     /usr/lib/jvm/java-7-openjdk-common/jre/lib/charsets.jar
7f9f00011000-7f9f00012000 ---p 00000000 00:00 0 
7f9f00012000-7f9f00092000 rw-p 00000000 00:00 0                          [stack:24090]
7f9f00092000-7f9f00094000 r--s 00015000 08:01 790798                     /usr/lib/jvm/java-7-openjdk-common/jre/lib/jce.jar
7f9f00094000-7f9f00096000 r--s 00014000 08:11 4981582                    /home/tthomas/.m2/repository/org/eclipse/jetty/jetty-client/8.1.7.v20120910/jetty-client-8.1.7.v20120910.jar
7f9f00096000-7f9f00098000 r--s 00014000 08:11 4981654                    /home/tthomas/.m2/repository/org/eclipse/jetty/jetty-servlets/8.1.7.v20120910/jetty-servlets-8.1.7.v20120910.jar
7f9f00098000-7f9f0009b000 r--s 0002f000 08:11 4986441                    /home/tthomas/.m2/repository/org/springframework/security/spring-security-config/3.1.0.RELEASE/spring-security-config-3.1.0.RELEASE.jar
7f9f0009b000-7f9f000a2000 r--s 00032000 08:11 4982019                    /home/tthomas/.m2/repository/org/springframework/ldap/spring-ldap-core/1.3.1.RELEASE/spring-ldap-core-1.3.1.RELEASE.jar
7f9f000a2000-7f9f000a5000 r--s 00014000 08:11 4986462                    /home/tthomas/.m2/repository/org/springframework/security/spring-security-ldap/3.1.0.RELEASE/spring-security-ldap-3.1.0.RELEASE.jar
7f9f000a5000-7f9f000ad000 r--s 00037000 08:11 4986469                    /home/tthomas/.m2/repository/org/springframework/security/spring-security-web/3.1.0.RELEASE/spring-security-web-3.1.0.RELEASE.jar
7f9f000ad000-7f9f000af000 r--s 00009000 08:11 4986455                    /home/tthomas/.m2/repository/org/springframework/security/spring-security-crypto/3.1.0.RELEASE/spring-security-crypto-3.1.0.RELEASE.jar
7f9f000af000-7f9f000b8000 r--s 00046000 08:11 4986476                    /home/tthomas/.m2/repository/org/springframework/spring-aop/3.0.6.RELEASE/spring-aop-3.0.6.RELEASE.jar
7f9f000b8000-7f9f000ba000 r--s 00000000 08:11 4873012                    /home/tthomas/.m2/repository/aopalliance/aopalliance/1.0/aopalliance-1.0.jar
7f9f000ba000-7f9f000c6000 r--s 0004a000 08:11 4986448                    /home/tthomas/.m2/repository/org/springframework/security/spring-security-core/3.1.0.RELEASE/spring-security-core-3.1.0.RELEASE.jar
7f9f000c6000-7f9f000d3000 r--s 00078000 08:11 4986633                    /home/tthomas/.m2/repository/org/springframework/spring-web/3.1.0.RELEASE/spring-web-3.1.0.RELEASE.jar
7f9f000d3000-7f9f000d8000 r--s 00027000 08:11 4986569                    /home/tthomas/.m2/repository/org/springframework/spring-expression/3.1.0.RELEASE/spring-expression-3.1.0.RELEASE.jar
7f9f000d8000-7f9f000dc000 r--s 00017000 08:11 4986524                    /home/tthomas/.m2/repository/org/springframework/spring-context-support/3.1.0.RELEASE/spring-context-support-3.1.0.RELEASE.jar
7f9f000dc000-7f9f000e7000 r--s 00081000 08:11 4986640                    /home/tthomas/.m2/repository/org/springframework/spring-webmvc/3.1.0.RELEASE/spring-webmvc-3.1.0.RELEASE.jar
7f9f000e7000-7f9f000e8000 r--s 0000c000 08:11 4986502                    /home/tthomas/.m2/repository/org/springframework/spring-asm/3.1.0.RELEASE/spring-asm-3.1.0.RELEASE.jar
7f9f000e8000-7f9f000f3000 r--s 00062000 08:11 4986554                    /home/tthomas/.m2/repository/org/springframework/spring-core/3.1.0.RELEASE/spring-core-3.1.0.RELEASE.jar
7f9f000f3000-7f9f000f5000 r--s 0000a000 08:11 4981785                    /home/tthomas/.m2/repository/org/json/json/20090211/json-20090211.jar
7f9f000f5000-7f9f000f6000 r--s 00004000 08:11 4981809                    /home/tthomas/.m2/repository/org/littleshoot/nat-pmp/0.1-SNAPSHOT/nat-pmp-0.1-SNAPSHOT.jar
7f9f000f6000-7f9f000f8000 r--s 0000a000 08:11 4986678                    /home/tthomas/.m2/repository/taglibs/string/1.1.0/string-1.1.0.jar
7f9f000f8000-7f9f00102000 r--s 0005c000 08:11 4873499                    /home/tthomas/.m2/repository/javax/servlet/jstl/1.2/jstl-1.2.jar
7f9f00102000-7f9f0011d000 r--s 0012b000 08:11 4873898                    /home/tthomas/.m2/repository/net/sf/ehcache/ehcache-core/2.6.0/ehcache-core-2.6.0.jar
7f9f0011d000-7f9f0011f000 r--s 00023000 08:11 4981768                    /home/tthomas/.m2/repository/org/jdom/jdom/1.1.3/jdom-1.1.3.jar
7f9f0011f000-7f9f00125000 r--s 00046000 08:11 4873520                    /home/tthomas/.m2/repository/jfree/jcommon/1.0.14/jcommon-1.0.14.jar
7f9f00125000-7f9f00135000 r--s 0013d000 08:11 4873527                    /home/tthomas/.m2/repository/jfree/jfreechart/1.0.11/jfreechart-1.0.11.jar
7f9f00135000-7f9f00141000 r--s 000b4000 08:11 4981761                    /home/tthomas/.m2/repository/org/jaudiotagger/2.0.2/jaudiotagger-2.0.2.jar
7f9f00141000-7f9f00150000 r--s 000e6000 08:11 4873000                    /home/tthomas/.m2/repository/ant/ant/1.6.2/ant-1.6.2.jar
7f9f00150000-7f9f00158000 r--s 000bf000 08:11 4986671                    /home/tthomas/.m2/repository/rhino/js/1.6R7/js-1.6R7.jar
7f9f00158000-7f9f00162000 r--s 000d0000 08:11 4873297                    /home/tthomas/.m2/repository/com/yahoo/platform/yui/yuicompressor/2.4.7/yuicompressor-2.4.7.jar
7f9f00162000-7f9f00175000 r--s 00111000 08:11 4875460                    /home/tthomas/.m2/repository/org/directwebremoting/dwr/3.0.0-rc3-SNAPSHOT/dwr-3.0.0-rc3-SNAPSHOT.jar
7f9f00175000-7f9f00177000 r--s 00005000 08:11 4981871                    /home/tthomas/.m2/repository/org/slf4j/slf4j-api/1.7.1/slf4j-api-1.7.1.jar
7f9f00177000-7f9f00179000 r--s 00001000 08:11 4981885                    /home/tthomas/.m2/repository/org/slf4j/slf4j-log4j12/1.7.1/slf4j-log4j12-1.7.1.jar
7f9f00179000-7f9f00182000 r--s 0006d000 08:11 4873880                    /home/tthomas/.m2/repository/log4j/log4j/1.2.16/log4j-1.2.16.jar
7f9f00182000-7f9f00183000 r--s 0012e000 08:11 5899209                    /home/tthomas/.m2/repository/jahspotify/jahspotify-native-jar/0.0.1-SNAPSHOT/jahspotify-native-jar-0.0.1-SNAPSHOT.jar
7f9f00183000-7f9f00186000 r--s 00012000 08:11 5390836                    /home/tthomas/.m2/repository/jahspotify/jahspotify-api/0.0.1-SNAPSHOT/jahspotify-api-0.0.1-SNAPSHOT.jar
7f9f00186000-7f9f0018c000 r--s 0002e000 08:11 4986664                    /home/tthomas/.m2/repository/radeox/radeox/1.0-b2/radeox-1.0-b2.jar
7f9f0018c000-7f9f00195000 r--s 000a4000 08:11 4873485                    /home/tthomas/.m2/repository/hsqldb/hsqldb/1.8.0.10/hsqldb-1.8.0.10.jar
7f9f00195000-7f9f00197000 r--s 0000d000 08:11 4873459                    /home/tthomas/.m2/repository/commons-logging/commons-logging/1.1.1/commons-logging-1.1.1.jar
7f9f00197000-7f9f001a1000 r--s 0005f000 08:11 4874062                    /home/tthomas/.m2/repository/org/apache/httpcomponents/httpclient/4.2.1/httpclient-4.2.1.jar
7f9f001a1000-7f9f001a7000 r--s 00031000 08:11 4874105                    /home/tthomas/.m2/repository/org/apache/httpcomponents/httpcore/4.2.1/httpcore-4.2.1.jar
7f9f001a7000-7f9f001ac000 r--s 00040000 08:11 4873427                    /home/tthomas/.m2/repository/commons-lang/commons-lang/2.5/commons-lang-2.5.jar
7f9f001ac000-7f9f001b0000 r--s 0002a000 08:11 4873404                    /home/tthomas/.m2/repository/commons-io/commons-io/2.4/commons-io-2.4.jar
7f9f001b0000-7f9f001b7000 r--s 00039000 08:11 4873350                    /home/tthomas/.m2/repository/commons-codec/commons-codec/1.7/commons-codec-1.7.jar
7f9f001b7000-7f9f001bd000 r--s 00044000 08:11 4873409                    /home/tthomas/.m2/repository/commons-jxpath/commons-jxpath/1.3/commons-jxpath-1.3.jar
7f9f001bd000-7f9f001bf000 r--s 0000d000 08:11 4873387                    /home/tthomas/.m2/repository/commons-fileupload/commons-fileupload/1.2.2/commons-fileupload-1.2.2.jar
7f9f001bf000-7f9f001c0000 r--s 0000a000 08:11 4873034                    /home/tthomas/.m2/repository/asm/asm/3.3.1/asm-3.3.1.jar
7f9f001c0000-7f9f001c7000 r--s 00040000 08:11 4873046                    /home/tthomas/.m2/repository/cglib/cglib/2.2.2/cglib-2.2.2.jar
7f9f001c7000-7f9f001d6000 r--s 00082000 08:11 4982012                    /home/tthomas/.m2/repository/org/springframework/integration/spring-integration-core/2.1.1.RELEASE/spring-integration-core-2.1.1.RELEASE.jar
7f9f001d6000-7f9f001e0000 r--s 00059000 08:11 4986586                    /home/tthomas/.m2/repository/org/springframework/spring-jdbc/3.1.0.RELEASE/spring-jdbc-3.1.0.RELEASE.jar
7f9f001e0000-7f9f001e8000 r--s 00035000 08:11 4986622                    /home/tthomas/.m2/repository/org/springframework/spring-tx/3.1.0.RELEASE/spring-tx-3.1.0.RELEASE.jar
7f9f001e8000-7f9f001fd000 r--s 000b6000 08:11 4986539                    /home/tthomas/.m2/repository/org/springframework/spring-context/3.1.0.RELEASE/spring-context-3.1.0.RELEASE.jar
7f9f001fd000-7f9f00209000 r--s 00084000 08:11 4986517                    /home/tthomas/.m2/repository/org/springframework/spring-beans/3.1.0.RELEASE/spring-beans-3.1.0.RELEASE.jar
7f9f00209000-7f9f0020d000 r--s 00029000 08:11 4981568                    /home/tthomas/.m2/repository/org/codehaus/woodstox/stax2-api/3.1.1/stax2-api-3.1.1.jar
7f9f0020d000-7f9f0020f000 r--s 00004000 08:11 4873513                    /home/tthomas/.m2/repository/javax/xml/stream/stax-api/1.0-2/stax-api-1.0-2.jar
7f9f0020f000-7f9f00214000 r--s 00070000 08:11 4981575                    /home/tthomas/.m2/repository/org/codehaus/woodstox/woodstox-core-asl/4.1.4/woodstox-core-asl-4.1.4.jar
7f9f00214000-7f9f0021a000 r--s 0007e000 08:11 4986657                    /home/tthomas/.m2/repository/postgresql/postgresql/9.0-801.jdbc4/postgresql-9.0-801.jdbc4.jar
7f9f0021a000-7f9f00228000 r--s 0007c000 08:11 4873268                    /home/tthomas/.m2/repository/com/mchange/mchange-commons-java/0.2.2/mchange-commons-java-0.2.2.jar
7f9f00228000-7f9f0022f000 r--s 0005f000 08:11 4873260                    /home/tthomas/.m2/repository/com/mchange/c3p0/0.9.2-pre4/c3p0-0.9.2-pre4.jar
7f9f0022f000-7f9f0023f000 r--s 0007c000 08:11 4873534                    /home/tthomas/.m2/repository/joda-time/joda-time/2.1/joda-time-2.1.jar
7f9f0023f000-7f9f0024b000 r--s 00067000 08:11 4873136                    /home/tthomas/.m2/repository/com/github/hakko/musiccabinet/musiccabinet-server/0.7.24/musiccabinet-server-0.7.24.jar
7f9f0024b000-7f9f0024d000 r--s 00015000 08:11 4981596                    /home/tthomas/.m2/repository/org/eclipse/jetty/jetty-http/8.1.7.v20120910/jetty-http-8.1.7.v20120910.jar
7f9f0024d000-7f9f00250000 r--s 00017000 08:11 4981603                    /home/tthomas/.m2/repository/org/eclipse/jetty/jetty-io/8.1.7.v20120910/jetty-io-8.1.7.v20120910.jar
7f9f00250000-7f9f00253000 r--s 0001c000 08:11 4999113                    /home/tthomas/.m2/repository/org/eclipse/jetty/jetty-websocket/8.1.7.v20120910/jetty-websocket-8.1.7.v20120910.jar
7f9f00253000-7f9f00258000 r--s 00032000 08:11 4999111                    /home/tthomas/.m2/repository/org/eclipse/jetty/orbit/org.objectweb.asm/3.1.0.v200803061910/org.objectweb.asm-3.1.0.v200803061910.jar
7f9f00258000-7f9f0025a000 r--s 00005000 08:11 4999109                    /home/tthomas/.m2/repository/org/eclipse/jetty/orbit/javax.annotation/1.1.0.v201108011116/javax.annotation-1.1.0.v201108011116.jar
7f9f0025a000-7f9f0025c000 r--s 00011000 08:11 4999108                    /home/tthomas/.m2/repository/org/eclipse/jetty/jetty-annotations/8.1.7.v20120910/jetty-annotations-8.1.7.v20120910.jar
7f9f0025c000-7f9f0025d000 r--s 00005000 08:11 4999105                    /home/tthomas/.m2/repository/org/eclipse/jetty/jetty-jmx/8.1.7.v20120910/jetty-jmx-8.1.7.v20120910.jar
7f9f0025d000-7f9f0025f000 r--s 0000c000 08:11 4999104                    /home/tthomas/.m2/repository/org/eclipse/jetty/orbit/javax.activation/1.1.0.v201105071233/javax.activation-1.1.0.v201105071233.jar
7f9f0025f000-7f9f00265000 r--s 00072000 08:11 4999102                    /home/tthomas/.m2/repository/org/eclipse/jetty/orbit/javax.mail.glassfish/1.4.1.v201005082020/javax.mail.glassfish-1.4.1.v201005082020.jar
7f9f00265000-7f9f00267000 r--s 00004000 08:11 4981589                    /home/tthomas/.m2/repository/org/eclipse/jetty/jetty-continuation/8.1.7.v20120910/jetty-continuation-8.1.7.v20120910.jar
7f9f00267000-7f9f0026d000 r--s 0004d000 08:11 4981640                    /home/tthomas/.m2/repository/org/eclipse/jetty/jetty-server/8.1.7.v20120910/jetty-server-8.1.7.v20120910.jar
7f9f0026d000-7f9f0026e000 r--s 00009000 08:11 4999100                    /home/tthomas/.m2/repository/org/eclipse/jetty/jetty-jndi/8.1.7.v20120910/jetty-jndi-8.1.7.v20120910.jar
7f9f0026e000-7f9f00270000 r--s 00006000 08:11 4999097                    /home/tthomas/.m2/repository/org/eclipse/jetty/orbit/javax.transaction/1.1.1.v201105210645/javax.transaction-1.1.1.v201105210645.jar
7f9f00270000-7f9f00272000 r--s 00013000 08:11 4999096                    /home/tthomas/.m2/repository/org/eclipse/jetty/jetty-plus/8.1.7.v20120910/jetty-plus-8.1.7.v20120910.jar
7f9f00272000-7f9f00276000 r--s 0003a000 08:11 4922132                    /home/tthomas/.m2/repository/net/sf/jtidy/jtidy/r938/jtidy-r938.jar
7f9f00276000-7f9f00278000 r--s 0000c000 08:11 4922131                    /home/tthomas/.m2/repository/org/apache/maven/plugin-tools/maven-plugin-tools-api/2.9/maven-plugin-tools-api-2.9.jar
7f9f00278000-7f9f0027a000 r--s 00002000 08:11 4981962                    /home/tthomas/.m2/repository/org/sonatype/plexus/plexus-cipher/1.4/plexus-cipher-1.4.jar
7f9f0027a000-7f9f0027b000 r--s 00006000 08:11 4981967                    /home/tthomas/.m2/repository/org/sonatype/plexus/plexus-sec-dispatcher/1.3/plexus-sec-dispatcher-1.3.jar
7f9f0027b000-7f9f0027d000 r--s 00000000 08:11 4980977                    /home/tthomas/.m2/repository/org/codehaus/plexus/plexus-component-annotations/1.5.5/plexus-component-annotations-1.5.5.jar
7f9f0027d000-7f9f0027f000 r--s 0000d000 08:11 4981360                    /home/tthomas/.m2/repository/org/codehaus/plexus/plexus-interpolation/1.14/plexus-interpolation-1.14.jar
7f9f0027f000-7f9f00283000 r--s 0001a000 08:11 4999095                    /home/tthomas/.m2/repository/org/sonatype/aether/aether-util/1.11/aether-util-1.11.jar
7f9f00283000-7f9f00287000 r--s 00033000 08:11 4999094                    /home/tthomas/.m2/repository/org/codehaus/plexus/plexus-utils/2.0.6/plexus-utils-2.0.6.jar
7f9f00287000-7f9f00293000 r--s 0006b000 08:11 4981981                    /home/tthomas/.m2/repository/org/sonatype/sisu/sisu-guice/2.9.4/sisu-guice-2.9.4-no_aop.jar
7f9f00293000-7f9f00299000 r--s 00033000 08:11 4981986                    /home/tthomas/.m2/repository/org/sonatype/sisu/sisu-inject-bean/2.1.1/sisu-inject-bean-2.1.1.jar
7f9f00299000-7f9f0029c000 r--s 00013000 08:11 4981633                    /home/tthomas/.m2/repository/org/eclipse/jetty/jetty-security/8.1.7.v20120910/jetty-security-8.1.7.v20120910.jar
7f9f0029c000-7f9f0029e000 r--s 00016000 08:11 4981647                    /home/tthomas/.m2/repository/org/eclipse/jetty/jetty-servlet/8.1.7.v20120910/jetty-servlet-8.1.7.v20120910.jar
7f9f0029e000-7f9f0029f000 r--s 00009000 08:11 4981675                    /home/tthomas/.m2/repository/org/eclipse/jetty/jetty-xml/8.1.7.v20120910/jetty-xml-8.1.7.v20120910.jar
7f9f0029f000-7f9f002a2000 r--s 00018000 08:11 4981668                    /home/tthomas/.m2/repository/org/eclipse/jetty/jetty-webapp/8.1.7.v20120910/jetty-webapp-8.1.7.v20120910.jar
7f9f002a2000-7f9f002a4000 r--s 00010000 08:11 4981832                    /home/tthomas/.m2/repository/org/mortbay/jetty/jetty-maven-plugin/8.1.7.v20120910/jetty-maven-plugin-8.1.7.v20120910.jar
7f9f002a4000-7f9f002b3000 r--s 0019c000 08:11 4981743                    /home/tthomas/.m2/repository/org/eclipse/jetty/orbit/org.eclipse.jdt.core/3.7.1/org.eclipse.jdt.core-3.7.1.jar
7f9f002b3000-7f9f002b6000 r--s 0001d000 08:11 4981682                    /home/tthomas/.m2/repository/org/eclipse/jetty/orbit/com.sun.el/2.2.0.v201108011116/com.sun.el-2.2.0.v201108011116.jar
7f9f002b6000-7f9f002b8000 r--s 0000b000 08:11 4981689                    /home/tthomas/.m2/repository/org/eclipse/jetty/orbit/javax.el/2.2.0.v201108011116/javax.el-2.2.0.v201108011116.jar
7f9f002b8000-7f9f002c0000 r--s 00061000 08:11 4981736                    /home/tthomas/.m2/repository/org/eclipse/jetty/orbit/org.apache.taglibs.standard.glassfish/1.2.0.v201112081803/org.apache.taglibs.standard.glassfish-1.2.0.v201112081803.jar
7f9f002c0000-7f9f002c2000 r--s 0000b000 08:11 4981696                    /home/tthomas/.m2/repository/org/eclipse/jetty/orbit/javax.servlet.jsp.jstl/1.2.0.v201105211821/javax.servlet.jsp.jstl-1.2.0.v201105211821.jar
7f9f002c2000-7f9f002c9000 r--s 0008a000 08:11 4981729                    /home/tthomas/.m2/repository/org/eclipse/jetty/orbit/org.apache.jasper.glassfish/2.2.2.v201112011158/org.apache.jasper.glassfish-2.2.2.v201112011158.jar
7f9f002c9000-7f9f002cc000 r--s 0002e000 08:11 4981718                    /home/tthomas/.m2/repository/org/eclipse/jetty/orbit/javax.servlet/3.0.0.v201112011016/javax.servlet-3.0.0.v201112011016.jar
7f9f002cc000-7f9f002ce000 r--s 00018000 08:11 4981707                    /home/tthomas/.m2/repository/org/eclipse/jetty/orbit/javax.servlet.jsp/2.2.0.v201112011158/javax.servlet.jsp-2.2.0.v201112011158.jar
7f9f002ce000-7f9f002cf000 r--s 00000000 08:11 4981610                    /home/tthomas/.m2/repository/org/eclipse/jetty/jetty-jsp/8.1.7.v20120910/jetty-jsp-8.1.7.v20120910.jar
7f9f002cf000-7f9f002d0000 r--s 00005000 08:11 4874614                    /home/tthomas/.m2/repository/org/apache/maven/maven-plugin-tools-api/2.0.3/maven-plugin-tools-api-2.0.3.jar
7f9f002d0000-7f9f002d3000 r--s 00027000 08:11 4981409                    /home/tthomas/.m2/repository/org/codehaus/plexus/plexus-utils/1.1/plexus-utils-1.1.jar
7f9f002d3000-7f9f002d8000 r--s 00040000 08:11 4981661                    /home/tthomas/.m2/repository/org/eclipse/jetty/jetty-util/8.1.7.v20120910/jetty-util-8.1.7.v20120910.jar
7f9f002d8000-7f9f002d9000 r--s 00004000 08:11 4981824                    /home/tthomas/.m2/repository/org/mortbay/jetty/jetty-jspc-maven-plugin/8.1.7.v20120910/jetty-jspc-maven-plugin-8.1.7.v20120910.jar
7f9f002d9000-7f9f002da000 r--s 00003000 08:11 4980934                    /home/tthomas/.m2/repository/org/codehaus/plexus/plexus-compiler-javac/1.9.1/plexus-compiler-javac-1.9.1.jar
7f9f002da000-7f9f002dc000 r--s 00000000 08:11 4980949                    /home/tthomas/.m2/repository/org/codehaus/plexus/plexus-compiler-manager/1.9.1/plexus-compiler-manager-1.9.1.jar
7f9f002dc000-7f9f002de000 r--s 00004000 08:11 4980919                    /home/tthomas/.m2/repository/org/codehaus/plexus/plexus-compiler-api/1.9.1/plexus-compiler-api-1.9.1.jar
7f9f002de000-7f9f002fc000 r--s 001bb000 08:11 4873963                    /home/tthomas/.m2/repository/org/apache/ant/ant/1.8.2/ant-1.8.2.jar
7f9f002fc000-7f9f002ff000 ---p 00000000 00:00 0 
7f9f002ff000-7f9f00355000 rw-p 00000000 00:00 0 
7f9f00355000-7f9f00392000 r-xp 00000000 08:01 4984689                    /lib/x86_64-linux-gnu/libpcre.so.3.13.1
7f9f00392000-7f9f00592000 ---p 0003d000 08:01 4984689                    /lib/x86_64-linux-gnu/libpcre.so.3.13.1
7f9f00592000-7f9f00593000 r--p 0003d000 08:01 4984689                    /lib/x86_64-linux-gnu/libpcre.so.3.13.1
7f9f00593000-7f9f00594000 rw-p 0003e000 08:01 4984689                    /lib/x86_64-linux-gnu/libpcre.so.3.13.1
7f9f00594000-7f9f0059b000 r-xp 00000000 08:01 800175                     /usr/lib/x86_64-linux-gnu/libffi.so.6.0.1
7f9f0059b000-7f9f0079a000 ---p 00007000 08:01 800175                     /usr/lib/x86_64-linux-gnu/libffi.so.6.0.1
7f9f0079a000-7f9f0079b000 r--p 00006000 08:01 800175                     /usr/lib/x86_64-linux-gnu/libffi.so.6.0.1
7f9f0079b000-7f9f0079c000 rw-p 00007000 08:01 800175                     /usr/lib/x86_64-linux-gnu/libffi.so.6.0.1
7f9f0079c000-7f9f007b2000 r-xp 00000000 08:01 4987004                    /lib/x86_64-linux-gnu/libresolv-2.17.so
7f9f007b2000-7f9f009b2000 ---p 00016000 08:01 4987004                    /lib/x86_64-linux-gnu/libresolv-2.17.so
7f9f009b2000-7f9f009b3000 r--p 00016000 08:01 4987004                    /lib/x86_64-linux-gnu/libresolv-2.17.so
7f9f009b3000-7f9f009b4000 rw-p 00017000 08:01 4987004                    /lib/x86_64-linux-gnu/libresolv-2.17.so
7f9f009b4000-7f9f009b6000 rw-p 00000000 00:00 0 
7f9f009b6000-7f9f009d5000 r-xp 00000000 08:01 4984716                    /lib/x86_64-linux-gnu/libselinux.so.1
7f9f009d5000-7f9f00bd5000 ---p 0001f000 08:01 4984716                    /lib/x86_64-linux-gnu/libselinux.so.1
7f9f00bd5000-7f9f00bd6000 r--p 0001f000 08:01 4984716                    /lib/x86_64-linux-gnu/libselinux.so.1
7f9f00bd6000-7f9f00bd7000 rw-p 00020000 08:01 4984716                    /lib/x86_64-linux-gnu/libselinux.so.1
7f9f00bd7000-7f9f00bd8000 rw-p 00000000 00:00 0 
7f9f00bd8000-7f9f00bdb000 r-xp 00000000 08:01 787440                     /usr/lib/x86_64-linux-gnu/libgmodule-2.0.so.0.3800.2
7f9f00bdb000-7f9f00dda000 ---p 00003000 08:01 787440                     /usr/lib/x86_64-linux-gnu/libgmodule-2.0.so.0.3800.2
7f9f00dda000-7f9f00ddb000 r--p 00002000 08:01 787440                     /usr/lib/x86_64-linux-gnu/libgmodule-2.0.so.0.3800.2
7f9f00ddb000-7f9f00ddc000 rw-p 00003000 08:01 787440                     /usr/lib/x86_64-linux-gnu/libgmodule-2.0.so.0.3800.2
7f9f00ddc000-7f9f00eda000 r-xp 00000000 08:01 4981241                    /lib/x86_64-linux-gnu/libglib-2.0.so.0.3800.2
7f9f00eda000-7f9f010da000 ---p 000fe000 08:01 4981241                    /lib/x86_64-linux-gnu/libglib-2.0.so.0.3800.2
7f9f010da000-7f9f010db000 r--p 000fe000 08:01 4981241                    /lib/x86_64-linux-gnu/libglib-2.0.so.0.3800.2
7f9f010db000-7f9f010dc000 rw-p 000ff000 08:01 4981241                    /lib/x86_64-linux-gnu/libglib-2.0.so.0.3800.2
7f9f010dc000-7f9f010dd000 rw-p 00000000 00:00 0 
7f9f010dd000-7f9f0112c000 r-xp 00000000 08:01 786906                     /usr/lib/x86_64-linux-gnu/libgobject-2.0.so.0.3800.2
7f9f0112c000-7f9f0132c000 ---p 0004f000 08:01 786906                     /usr/lib/x86_64-linux-gnu/libgobject-2.0.so.0.3800.2
7f9f0132c000-7f9f0132d000 r--p 0004f000 08:01 786906                     /usr/lib/x86_64-linux-gnu/libgobject-2.0.so.0.3800.2
7f9f0132d000-7f9f0132e000 rw-p 00050000 08:01 786906                     /usr/lib/x86_64-linux-gnu/libgobject-2.0.so.0.3800.2
7f9f0132e000-7f9f0148a000 r-xp 00000000 08:01 787298                     /usr/lib/x86_64-linux-gnu/libgio-2.0.so.0.3800.2
7f9f0148a000-7f9f01689000 ---p 0015c000 08:01 787298                     /usr/lib/x86_64-linux-gnu/libgio-2.0.so.0.3800.2
7f9f01689000-7f9f0168d000 r--p 0015b000 08:01 787298                     /usr/lib/x86_64-linux-gnu/libgio-2.0.so.0.3800.2
7f9f0168d000-7f9f0168f000 rw-p 0015f000 08:01 787298                     /usr/lib/x86_64-linux-gnu/libgio-2.0.so.0.3800.2
7f9f0168f000-7f9f01691000 rw-p 00000000 00:00 0 
7f9f01691000-7f9f01695000 r--s 00034000 08:11 4981499                    /home/tthomas/.m2/repository/org/codehaus/plexus/plexus-utils/3.0/plexus-utils-3.0.jar
7f9f01695000-7f9f01696000 r--s 00007000 08:11 4875056                    /home/tthomas/.m2/repository/org/apache/maven/plugins/maven-compiler-plugin/2.5.1/maven-compiler-plugin-2.5.1.jar
7f9f01696000-7f9f01698000 r--s 0000d000 08:11 4981355                    /home/tthomas/.m2/repository/org/codehaus/plexus/plexus-interpolation/1.13/plexus-interpolation-1.13.jar
7f9f01698000-7f9f01699000 r--s 00001000 08:11 4981957                    /home/tthomas/.m2/repository/org/sonatype/plexus/plexus-build-api/0.0.4/plexus-build-api-0.0.4.jar
7f9f01699000-7f9f0169b000 r--s 00009000 08:11 4875311                    /home/tthomas/.m2/repository/org/apache/maven/shared/maven-filtering/1.0/maven-filtering-1.0.jar
7f9f0169b000-7f9f0169d000 r--s 00002000 08:11 4981337                    /home/tthomas/.m2/repository/org/codehaus/plexus/plexus-interactivity-api/1.0-alpha-4/plexus-interactivity-api-1.0-alpha-4.jar
7f9f0169d000-7f9f0169f000 r--s 00006000 08:11 4873320                    /home/tthomas/.m2/repository/commons-cli/commons-cli/1.0/commons-cli-1.0.jar
7f9f0169f000-7f9f016a0000 r--s 00001000 08:11 4874228                    /home/tthomas/.m2/repository/org/apache/maven/doxia/doxia-sink-api/1.0-alpha-7/doxia-sink-api-1.0-alpha-7.jar
7f9f016a0000-7f9f016a1000 r--s 00002000 08:11 4875211                    /home/tthomas/.m2/repository/org/apache/maven/reporting/maven-reporting-api/2.0.6/maven-reporting-api-2.0.6.jar
7f9f016a1000-7f9f016a3000 r--s 00005000 08:11 4875162                    /home/tthomas/.m2/repository/org/apache/maven/plugins/maven-resources-plugin/2.5/maven-resources-plugin-2.5.jar
7f9f016a3000-7f9f016a5000 r--s 00002000 08:11 4873944                    /home/tthomas/.m2/repository/org/apache/ant/ant-launcher/1.8.2/ant-launcher-1.8.2.jar
7f9f016a5000-7f9f016a9000 r--s 00033000 08:11 4981468                    /home/tthomas/.m2/repository/org/codehaus/plexus/plexus-utils/2.0.5/plexus-utils-2.0.5.jar
7f9f016a9000-7f9f016ac000 r--s 0001b000 08:11 4873541                    /home/tthomas/.m2/repository/junit/junit/3.8.1/junit-3.8.1.jar
7f9f016ac000-7f9f016ae000 r--s 00007000 08:11 4981342                    /home/tthomas/.m2/repository/org/codehaus/plexus/plexus-interpolation/1.1/plexus-interpolation-1.1.jar
7f9f016ae000-7f9f016af000 r--s 00007000 08:11 4875016                    /home/tthomas/.m2/repository/org/apache/maven/plugins/maven-antrun-plugin/1.7/maven-antrun-plugin-1.7.jar
7f9f016af000-7f9f016b0000 r--p 00000000 00:00 0 
7f9f016b0000-7f9f016b5000 r--s 0004c000 08:01 804580                     /usr/lib/jvm/java-7-openjdk-common/jre/lib/jsse.jar
7f9f016b5000-7f9f016cb000 r-xp 00000000 08:01 1054572                    /usr/lib/jvm/java-7-openjdk-amd64/jre/lib/amd64/libnet.so
7f9f016cb000-7f9f018ca000 ---p 00016000 08:01 1054572                    /usr/lib/jvm/java-7-openjdk-amd64/jre/lib/amd64/libnet.so
7f9f018ca000-7f9f018cb000 r--p 00015000 08:01 1054572                    /usr/lib/jvm/java-7-openjdk-amd64/jre/lib/amd64/libnet.so
7f9f018cb000-7f9f018cc000 rw-p 00016000 08:01 1054572                    /usr/lib/jvm/java-7-openjdk-amd64/jre/lib/amd64/libnet.so
7f9f018cc000-7f9f018dc000 r-xp 00000000 08:01 1054568                    /usr/lib/jvm/java-7-openjdk-amd64/jre/lib/amd64/libnio.so
7f9f018dc000-7f9f01adb000 ---p 00010000 08:01 1054568                    /usr/lib/jvm/java-7-openjdk-amd64/jre/lib/amd64/libnio.so
7f9f01adb000-7f9f01adc000 r--p 0000f000 08:01 1054568                    /usr/lib/jvm/java-7-openjdk-amd64/jre/lib/amd64/libnio.so
7f9f01adc000-7f9f01add000 rw-p 00010000 08:01 1054568                    /usr/lib/jvm/java-7-openjdk-amd64/jre/lib/amd64/libnio.so
7f9f01add000-7f9f01ae6000 r--s 000bc000 08:01 803825                     /usr/lib/jvm/java-7-openjdk-common/jre/lib/resources.jar
7f9f01ae6000-7f9f01ae7000 r--s 0000a000 08:11 4360022                    /home/tthomas/tools/apache-maven-3.0.4/lib/maven-embedder-3.0.4.jar
7f9f01ae7000-7f9f01ae9000 r--s 00026000 08:11 4360023                    /home/tthomas/tools/apache-maven-3.0.4/lib/maven-model-3.0.4.jar
7f9f01ae9000-7f9f01aeb000 r--s 00000000 08:11 4360030                    /home/tthomas/tools/apache-maven-3.0.4/lib/plexus-component-annotations-1.5.5.jar
7f9f01aeb000-7f9f01aec000 r--s 00006000 08:11 4360032                    /home/tthomas/tools/apache-maven-3.0.4/lib/plexus-sec-dispatcher-1.3.jar
7f9f01aec000-7f9f01aee000 r--s 0000b000 08:11 4360025                    /home/tthomas/tools/apache-maven-3.0.4/lib/maven-plugin-api-3.0.4.jar
7f9f01aee000-7f9f01af0000 r--s 00006000 08:11 4360013                    /home/tthomas/tools/apache-maven-3.0.4/lib/aether-connector-wagon-1.13.1.jar
7f9f01af0000-7f9f01b03000 r--s 000af000 08:11 4360039                    /home/tthomas/tools/apache-maven-3.0.4/lib/wagon-http-2.2-shaded.jar
7f9f01b03000-7f9f01b04000 r--s 00002000 08:11 4360038                    /home/tthomas/tools/apache-maven-3.0.4/lib/wagon-file-2.2.jar
7f9f01b04000-7f9f01b06000 r--s 0000b000 08:11 4360040                    /home/tthomas/tools/apache-maven-3.0.4/lib/wagon-provider-api-2.2.jar
7f9f01b06000-7f9f01b09000 r--s 0001d000 08:11 4360014                    /home/tthomas/tools/apache-maven-3.0.4/lib/aether-impl-1.13.1.jar
7f9f01b09000-7f9f01b10000 r--s 00040000 08:11 4360036                    /home/tthomas/tools/apache-maven-3.0.4/lib/sisu-inject-bean-2.3.0.jar
7f9f01b10000-7f9f01b14000 r--s 00033000 08:11 4360033                    /home/tthomas/tools/apache-maven-3.0.4/lib/plexus-utils-2.0.6.jar
7f9f01b14000-7f9f01b20000 r--s 0007d000 08:11 4360021                    /home/tthomas/tools/apache-maven-3.0.4/lib/maven-core-3.0.4.jar
7f9f01b20000-7f9f01b26000 r--s 0003f000 08:11 4360020                    /home/tthomas/tools/apache-maven-3.0.4/lib/maven-compat-3.0.4.jar
7f9f01b26000-7f9f01b28000 r--s 0000d000 08:11 4360031                    /home/tthomas/tools/apache-maven-3.0.4/lib/plexus-interpolation-1.14.jar
7f9f01b28000-7f9f01b47000 r--s 00152000 08:11 4360034                    /home/tthomas/tools/apache-maven-3.0.4/lib/sisu-guava-0.9.9.jar
7f9f01b47000-7f9f01b49000 r--s 00006000 08:11 4360026                    /home/tthomas/tools/apache-maven-3.0.4/lib/maven-repository-metadata-3.0.4.jar
7f9f01b49000-7f9f01b4f000 r--s 0002c000 08:11 4360037                    /home/tthomas/tools/apache-maven-3.0.4/lib/sisu-inject-plexus-2.3.0.jar
7f9f01b4f000-7f9f01b51000 r--s 00009000 08:11 4360017                    /home/tthomas/tools/apache-maven-3.0.4/lib/commons-cli-1.2.jar
7f9f01b51000-7f9f01b52000 ---p 00000000 00:00 0 
7f9f01b52000-7f9f01c52000 rw-p 00000000 00:00 0                          [stack:24063]
7f9f01c52000-7f9f01c55000 ---p 00000000 00:00 0 
7f9f01c55000-7f9f01d53000 rw-p 00000000 00:00 0                          [stack:24062]
7f9f01d53000-7f9f01d56000 ---p 00000000 00:00 0 
7f9f01d56000-7f9f01e54000 rw-p 00000000 00:00 0                          [stack:24061]
7f9f01e54000-7f9f01e57000 ---p 00000000 00:00 0 
7f9f01e57000-7f9f01f55000 rw-p 00000000 00:00 0                          [stack:24060]
7f9f01f55000-7f9f01f58000 ---p 00000000 00:00 0 
7f9f01f58000-7f9f02056000 rw-p 00000000 00:00 0                          [stack:24059]
7f9f02056000-7f9f02737000 r--p 00000000 08:01 792931                     /usr/lib/locale/locale-archive
7f9f02737000-7f9f0273a000 ---p 00000000 00:00 0 
7f9f0273a000-7f9f02838000 rw-p 00000000 00:00 0                          [stack:24058]
7f9f02838000-7f9f0283b000 ---p 00000000 00:00 0 
7f9f0283b000-7f9f02939000 rw-p 00000000 00:00 0                          [stack:24057]
7f9f02939000-7f9f0293a000 ---p 00000000 00:00 0 
7f9f0293a000-7f9f039f7000 rw-p 00000000 00:00 0                          [stack:24056]
7f9f039f7000-7f9f03ba4000 r--s 01cec000 08:01 1054556                    /usr/lib/jvm/java-7-openjdk-amd64/jre/lib/rt.jar
7f9f03ba4000-7f9f0bbc4000 rw-p 00000000 00:00 0 
7f9f0bbc4000-7f9f0bbc5000 ---p 00000000 00:00 0 
7f9f0bbc5000-7f9f0bcc5000 rw-p 00000000 00:00 0                          [stack:24055]
7f9f0bcc5000-7f9f0bcc6000 ---p 00000000 00:00 0 
7f9f0bcc6000-7f9f0bdc6000 rw-p 00000000 00:00 0                          [stack:24054]
7f9f0bdc6000-7f9f0bdc7000 ---p 00000000 00:00 0 
7f9f0bdc7000-7f9f0bf19000 rw-p 00000000 00:00 0                          [stack:24053]
7f9f0bf19000-7f9f0c3e7000 rw-p 00000000 00:00 0 
7f9f0c3e7000-7f9f0c401000 rw-p 00000000 00:00 0 
7f9f0c401000-7f9f0c43a000 rw-p 00000000 00:00 0 
7f9f0c43a000-7f9f0c48c000 rw-p 00000000 00:00 0 
7f9f0c48c000-7f9f0c959000 rw-p 00000000 00:00 0 
7f9f0c959000-7f9f0cb0b000 rw-p 00000000 00:00 0 
7f9f0cb0b000-7f9f0cbe9000 rw-p 00000000 00:00 0 
7f9f0cbe9000-7f9f0cbea000 rw-p 00000000 00:00 0 
7f9f0cbea000-7f9f0d0ca000 rwxp 00000000 00:00 0 
7f9f0d0ca000-7f9f0fbea000 rw-p 00000000 00:00 0 
7f9f0fbea000-7f9f0fbf2000 r-xp 00000000 08:01 1055002                    /usr/lib/jvm/java-7-openjdk-amd64/jre/lib/amd64/libzip.so
7f9f0fbf2000-7f9f0fdf1000 ---p 00008000 08:01 1055002                    /usr/lib/jvm/java-7-openjdk-amd64/jre/lib/amd64/libzip.so
7f9f0fdf1000-7f9f0fdf2000 r--p 00007000 08:01 1055002                    /usr/lib/jvm/java-7-openjdk-amd64/jre/lib/amd64/libzip.so
7f9f0fdf2000-7f9f0fdf3000 rw-p 00008000 08:01 1055002                    /usr/lib/jvm/java-7-openjdk-amd64/jre/lib/amd64/libzip.so
7f9f0fdf3000-7f9f0fdff000 r-xp 00000000 08:01 4987093                    /lib/x86_64-linux-gnu/libnss_files-2.17.so
7f9f0fdff000-7f9f0fffe000 ---p 0000c000 08:01 4987093                    /lib/x86_64-linux-gnu/libnss_files-2.17.so
7f9f0fffe000-7f9f0ffff000 r--p 0000b000 08:01 4987093                    /lib/x86_64-linux-gnu/libnss_files-2.17.so
7f9f0ffff000-7f9f10000000 rw-p 0000c000 08:01 4987093                    /lib/x86_64-linux-gnu/libnss_files-2.17.so
7f9f10000000-7f9f13ffb000 rw-p 00000000 00:00 0 
7f9f13ffb000-7f9f14000000 ---p 00000000 00:00 0 
7f9f14000000-7f9f14004000 r--s 0001c000 08:11 4360016                    /home/tthomas/tools/apache-maven-3.0.4/lib/aether-util-1.13.1.jar
7f9f14004000-7f9f14006000 r--s 0000a000 08:11 4360027                    /home/tthomas/tools/apache-maven-3.0.4/lib/maven-settings-3.0.4.jar
7f9f14006000-7f9f14091000 rw-p 00000000 00:00 0 
7f9f14091000-7f9f14092000 ---p 00000000 00:00 0 
7f9f14092000-7f9f141ac000 rw-p 00000000 00:00 0                          [stack:24052]
7f9f141ac000-7f9f141e5000 rw-p 00000000 00:00 0 
7f9f141e5000-7f9f141f0000 r-xp 00000000 08:01 4987030                    /lib/x86_64-linux-gnu/libnss_nis-2.17.so
7f9f141f0000-7f9f143ef000 ---p 0000b000 08:01 4987030                    /lib/x86_64-linux-gnu/libnss_nis-2.17.so
7f9f143ef000-7f9f143f0000 r--p 0000a000 08:01 4987030                    /lib/x86_64-linux-gnu/libnss_nis-2.17.so
7f9f143f0000-7f9f143f1000 rw-p 0000b000 08:01 4987030                    /lib/x86_64-linux-gnu/libnss_nis-2.17.so
7f9f143f1000-7f9f14408000 r-xp 00000000 08:01 4984554                    /lib/x86_64-linux-gnu/libnsl-2.17.so
7f9f14408000-7f9f14607000 ---p 00017000 08:01 4984554                    /lib/x86_64-linux-gnu/libnsl-2.17.so
7f9f14607000-7f9f14608000 r--p 00016000 08:01 4984554                    /lib/x86_64-linux-gnu/libnsl-2.17.so
7f9f14608000-7f9f14609000 rw-p 00017000 08:01 4984554                    /lib/x86_64-linux-gnu/libnsl-2.17.so
7f9f14609000-7f9f1460b000 rw-p 00000000 00:00 0 
7f9f1460b000-7f9f14613000 r-xp 00000000 08:01 4987003                    /lib/x86_64-linux-gnu/libnss_compat-2.17.so
7f9f14613000-7f9f14812000 ---p 00008000 08:01 4987003                    /lib/x86_64-linux-gnu/libnss_compat-2.17.so
7f9f14812000-7f9f14813000 r--p 00007000 08:01 4987003                    /lib/x86_64-linux-gnu/libnss_compat-2.17.so
7f9f14813000-7f9f14814000 rw-p 00008000 08:01 4987003                    /lib/x86_64-linux-gnu/libnss_compat-2.17.so
7f9f14814000-7f9f1483f000 r-xp 00000000 08:01 1054987                    /usr/lib/jvm/java-7-openjdk-amd64/jre/lib/amd64/libjava.so
7f9f1483f000-7f9f14a3e000 ---p 0002b000 08:01 1054987                    /usr/lib/jvm/java-7-openjdk-amd64/jre/lib/amd64/libjava.so
7f9f14a3e000-7f9f14a3f000 r--p 0002a000 08:01 1054987                    /usr/lib/jvm/java-7-openjdk-amd64/jre/lib/amd64/libjava.so
7f9f14a3f000-7f9f14a41000 rw-p 0002b000 08:01 1054987                    /usr/lib/jvm/java-7-openjdk-amd64/jre/lib/amd64/libjava.so
7f9f14a41000-7f9f14a51000 r-xp 00000000 08:01 1054986                    /usr/lib/jvm/java-7-openjdk-amd64/jre/lib/amd64/libverify.so
7f9f14a51000-7f9f14c50000 ---p 00010000 08:01 1054986                    /usr/lib/jvm/java-7-openjdk-amd64/jre/lib/amd64/libverify.so
7f9f14c50000-7f9f14c52000 r--p 0000f000 08:01 1054986                    /usr/lib/jvm/java-7-openjdk-amd64/jre/lib/amd64/libverify.so
7f9f14c52000-7f9f14c53000 rw-p 00011000 08:01 1054986                    /usr/lib/jvm/java-7-openjdk-amd64/jre/lib/amd64/libverify.so
7f9f14c53000-7f9f14c5a000 r-xp 00000000 08:01 4987094                    /lib/x86_64-linux-gnu/librt-2.17.so
7f9f14c5a000-7f9f14e59000 ---p 00007000 08:01 4987094                    /lib/x86_64-linux-gnu/librt-2.17.so
7f9f14e59000-7f9f14e5a000 r--p 00006000 08:01 4987094                    /lib/x86_64-linux-gnu/librt-2.17.so
7f9f14e5a000-7f9f14e5b000 rw-p 00007000 08:01 4987094                    /lib/x86_64-linux-gnu/librt-2.17.so
7f9f14e5b000-7f9f14e70000 r-xp 00000000 08:01 4980836                    /lib/x86_64-linux-gnu/libgcc_s.so.1
7f9f14e70000-7f9f1506f000 ---p 00015000 08:01 4980836                    /lib/x86_64-linux-gnu/libgcc_s.so.1
7f9f1506f000-7f9f15070000 r--p 00014000 08:01 4980836                    /lib/x86_64-linux-gnu/libgcc_s.so.1
7f9f15070000-7f9f15071000 rw-p 00015000 08:01 4980836                    /lib/x86_64-linux-gnu/libgcc_s.so.1
7f9f15071000-7f9f15174000 r-xp 00000000 08:01 4987022                    /lib/x86_64-linux-gnu/libm-2.17.so
7f9f15174000-7f9f15373000 ---p 00103000 08:01 4987022                    /lib/x86_64-linux-gnu/libm-2.17.so
7f9f15373000-7f9f15374000 r--p 00102000 08:01 4987022                    /lib/x86_64-linux-gnu/libm-2.17.so
7f9f15374000-7f9f15375000 rw-p 00103000 08:01 4987022                    /lib/x86_64-linux-gnu/libm-2.17.so
7f9f15375000-7f9f1545b000 r-xp 00000000 08:01 788022                     /usr/lib/x86_64-linux-gnu/libstdc++.so.6.0.18
7f9f1545b000-7f9f1565a000 ---p 000e6000 08:01 788022                     /usr/lib/x86_64-linux-gnu/libstdc++.so.6.0.18
7f9f1565a000-7f9f15662000 r--p 000e5000 08:01 788022                     /usr/lib/x86_64-linux-gnu/libstdc++.so.6.0.18
7f9f15662000-7f9f15664000 rw-p 000ed000 08:01 788022                     /usr/lib/x86_64-linux-gnu/libstdc++.so.6.0.18
7f9f15664000-7f9f15679000 rw-p 00000000 00:00 0 
7f9f15679000-7f9f16087000 r-xp 00000000 08:01 1054991                    /usr/lib/jvm/java-7-openjdk-amd64/jre/lib/amd64/server/libjvm.so
7f9f16087000-7f9f16286000 ---p 00a0e000 08:01 1054991                    /usr/lib/jvm/java-7-openjdk-amd64/jre/lib/amd64/server/libjvm.so
7f9f16286000-7f9f162ff000 r--p 00a0d000 08:01 1054991                    /usr/lib/jvm/java-7-openjdk-amd64/jre/lib/amd64/server/libjvm.so
7f9f162ff000-7f9f16322000 rw-p 00a86000 08:01 1054991                    /usr/lib/jvm/java-7-openjdk-amd64/jre/lib/amd64/server/libjvm.so
7f9f16322000-7f9f1634d000 rw-p 00000000 00:00 0 
7f9f1634d000-7f9f16365000 r-xp 00000000 08:01 4984748                    /lib/x86_64-linux-gnu/libz.so.1.2.8
7f9f16365000-7f9f16564000 ---p 00018000 08:01 4984748                    /lib/x86_64-linux-gnu/libz.so.1.2.8
7f9f16564000-7f9f16565000 r--p 00017000 08:01 4984748                    /lib/x86_64-linux-gnu/libz.so.1.2.8
7f9f16565000-7f9f16566000 rw-p 00018000 08:01 4984748                    /lib/x86_64-linux-gnu/libz.so.1.2.8
7f9f16566000-7f9f1657d000 r-xp 00000000 08:01 4987134                    /lib/x86_64-linux-gnu/libpthread-2.17.so
7f9f1657d000-7f9f1677d000 ---p 00017000 08:01 4987134                    /lib/x86_64-linux-gnu/libpthread-2.17.so
7f9f1677d000-7f9f1677e000 r--p 00017000 08:01 4987134                    /lib/x86_64-linux-gnu/libpthread-2.17.so
7f9f1677e000-7f9f1677f000 rw-p 00018000 08:01 4987134                    /lib/x86_64-linux-gnu/libpthread-2.17.so
7f9f1677f000-7f9f16783000 rw-p 00000000 00:00 0 
7f9f16783000-7f9f16786000 r-xp 00000000 08:01 4987132                    /lib/x86_64-linux-gnu/libdl-2.17.so
7f9f16786000-7f9f16985000 ---p 00003000 08:01 4987132                    /lib/x86_64-linux-gnu/libdl-2.17.so
7f9f16985000-7f9f16986000 r--p 00002000 08:01 4987132                    /lib/x86_64-linux-gnu/libdl-2.17.so
7f9f16986000-7f9f16987000 rw-p 00003000 08:01 4987132                    /lib/x86_64-linux-gnu/libdl-2.17.so
7f9f16987000-7f9f16b44000 r-xp 00000000 08:01 4987130                    /lib/x86_64-linux-gnu/libc-2.17.so
7f9f16b44000-7f9f16d44000 ---p 001bd000 08:01 4987130                    /lib/x86_64-linux-gnu/libc-2.17.so
7f9f16d44000-7f9f16d48000 r--p 001bd000 08:01 4987130                    /lib/x86_64-linux-gnu/libc-2.17.so
7f9f16d48000-7f9f16d4a000 rw-p 001c1000 08:01 4987130                    /lib/x86_64-linux-gnu/libc-2.17.so
7f9f16d4a000-7f9f16d4f000 rw-p 00000000 00:00 0 
7f9f16d4f000-7f9f16d5c000 r-xp 00000000 08:01 1054563                    /usr/lib/jvm/java-7-openjdk-amd64/jre/lib/amd64/jli/libjli.so
7f9f16d5c000-7f9f16f5b000 ---p 0000d000 08:01 1054563                    /usr/lib/jvm/java-7-openjdk-amd64/jre/lib/amd64/jli/libjli.so
7f9f16f5b000-7f9f16f5c000 r--p 0000c000 08:01 1054563                    /usr/lib/jvm/java-7-openjdk-amd64/jre/lib/amd64/jli/libjli.so
7f9f16f5c000-7f9f16f5d000 rw-p 0000d000 08:01 1054563                    /usr/lib/jvm/java-7-openjdk-amd64/jre/lib/amd64/jli/libjli.so
7f9f16f5d000-7f9f16f80000 r-xp 00000000 08:01 4987025                    /lib/x86_64-linux-gnu/ld-2.17.so
7f9f16f80000-7f9f16f84000 r--s 00021000 08:11 4360024                    /home/tthomas/tools/apache-maven-3.0.4/lib/maven-model-builder-3.0.4.jar
7f9f16f84000-7f9f16f86000 r--s 0000b000 08:11 4360019                    /home/tthomas/tools/apache-maven-3.0.4/lib/maven-artifact-3.0.4.jar
7f9f16f86000-7f9f16f89000 r--s 00013000 08:11 4360012                    /home/tthomas/tools/apache-maven-3.0.4/lib/aether-api-1.13.1.jar
7f9f16f89000-7f9f16f91000 r--s 00050000 08:11 4360035                    /home/tthomas/tools/apache-maven-3.0.4/lib/sisu-guice-3.1.0-no_aop.jar
7f9f16f91000-7f9f16f93000 r--s 0000c000 08:11 4360018                    /home/tthomas/tools/apache-maven-3.0.4/lib/maven-aether-provider-3.0.4.jar
7f9f16f93000-7f9f16fa7000 rw-p 00000000 00:00 0 
7f9f16fa7000-7f9f17053000 rw-p 00000000 00:00 0 
7f9f17053000-7f9f17056000 ---p 00000000 00:00 0 
7f9f17056000-7f9f17159000 rw-p 00000000 00:00 0                          [stack:24051]
7f9f17159000-7f9f1715a000 r--s 00003000 08:11 4360015                    /home/tthomas/tools/apache-maven-3.0.4/lib/aether-spi-1.13.1.jar
7f9f1715a000-7f9f1715d000 r--s 00008000 08:11 4360028                    /home/tthomas/tools/apache-maven-3.0.4/lib/maven-settings-builder-3.0.4.jar
7f9f1715d000-7f9f1715f000 r--s 00002000 08:11 4360029                    /home/tthomas/tools/apache-maven-3.0.4/lib/plexus-cipher-1.7.jar
7f9f1715f000-7f9f17161000 r--s 0000a000 08:11 4360010                    /home/tthomas/tools/apache-maven-3.0.4/boot/plexus-classworlds-2.4.jar
7f9f17161000-7f9f17165000 r--s 00085000 08:01 792823                     /usr/lib/jvm/java-7-openjdk-common/jre/lib/ext/localedata.jar
7f9f17165000-7f9f17168000 r--s 0003c000 08:01 793745                     /usr/lib/jvm/java-7-openjdk-common/jre/lib/ext/sunpkcs11.jar
7f9f17168000-7f9f1716b000 r--s 0000f000 08:01 792115                     /usr/lib/jvm/java-7-openjdk-common/jre/lib/ext/pulse-java.jar
7f9f1716b000-7f9f1716d000 r--s 00006000 08:01 1189152                    /usr/share/java/java-atk-wrapper.jar
7f9f1716d000-7f9f17170000 r--s 00032000 08:01 792822                     /usr/lib/jvm/java-7-openjdk-common/jre/lib/ext/sunjce_provider.jar
7f9f17170000-7f9f17171000 r--s 00002000 08:01 800225                     /usr/lib/jvm/java-7-openjdk-common/jre/lib/ext/dnsns.jar
7f9f17171000-7f9f17173000 r--s 00012000 08:01 792821                     /usr/lib/jvm/java-7-openjdk-common/jre/lib/ext/zipfs.jar
7f9f17173000-7f9f1717b000 rw-s 00000000 08:01 5505051                    /tmp/hsperfdata_tthomas/24043
7f9f1717b000-7f9f1717c000 rw-p 00000000 00:00 0 
7f9f1717c000-7f9f1717d000 r--p 00000000 00:00 0 
7f9f1717d000-7f9f1717f000 rw-p 00000000 00:00 0 
7f9f1717f000-7f9f17180000 r--p 00022000 08:01 4987025                    /lib/x86_64-linux-gnu/ld-2.17.so
7f9f17180000-7f9f17182000 rw-p 00023000 08:01 4987025                    /lib/x86_64-linux-gnu/ld-2.17.so
7fffd9303000-7fffd9325000 rw-p 00000000 00:00 0                          [stack]
7fffd93fe000-7fffd9400000 r-xp 00000000 00:00 0                          [vdso]
ffffffffff600000-ffffffffff601000 r-xp 00000000 00:00 0                  [vsyscall]

VM Arguments:
jvm_args: -Dclassworlds.conf=/home/tthomas/tools/apache-maven/bin/m2.conf -Dmaven.home=/home/tthomas/tools/apache-maven 
java_command: org.codehaus.plexus.classworlds.launcher.Launcher jetty:run -Dmusiccabinet.jdbc.url=jdbc:postgresql://192.168.1.65:5432/musiccabinet
Launcher Type: SUN_STANDARD

Environment Variables:
JAVA_HOME=/usr/lib/jvm/java-7-openjdk-amd64
PATH=/home/tthomas/tools/android-sdk-linux/tools:/home/tthomas/tools/android-sdk-linux/platform-tools:/home/tthomas/.rvm/bin:/home/tthomas/bin:/home/tthomas/perl5/bin:/home/tthomas/.rvm/gems/ruby-1.9.2-p290/bin:/home/tthomas/.rvm/gems/ruby-1.9.2-p290@global/bin:/home/tthomas/.rvm/rubies/ruby-1.9.2-p290/bin:/home/tthomas/.rvm/bin:/home/tthomas/bin:/usr/local/sbin:/usr/local/bin:/usr/sbin:/usr/bin:/sbin:/bin:/usr/games:/usr/local/games
USERNAME=tthomas
SHELL=/bin/bash
DISPLAY=:0

Signal Handlers:
SIGSEGV: [libjvm.so+0x871410], sa_mask[0]=0x7ffbfeff, sa_flags=0x10000004
SIGBUS: [libjvm.so+0x871410], sa_mask[0]=0x7ffbfeff, sa_flags=0x10000004
SIGFPE: [libjvm.so+0x709540], sa_mask[0]=0x7ffbfeff, sa_flags=0x10000004
SIGPIPE: SIG_IGN, sa_mask[0]=0x00000000, sa_flags=0x10000000
SIGXFSZ: [libjvm.so+0x709540], sa_mask[0]=0x7ffbfeff, sa_flags=0x10000004
SIGILL: [libjvm.so+0x709540], sa_mask[0]=0x7ffbfeff, sa_flags=0x10000004
SIGUSR1: SIG_DFL, sa_mask[0]=0x00000000, sa_flags=0x00000000
SIGUSR2: [libjvm.so+0x709270], sa_mask[0]=0x00000000, sa_flags=0x10000004
SIGHUP: [libjvm.so+0x709550], sa_mask[0]=0x7ffbfeff, sa_flags=0x10000004
SIGINT: [libjvm.so+0x709550], sa_mask[0]=0x7ffbfeff, sa_flags=0x10000004
SIGTERM: [libjvm.so+0x709550], sa_mask[0]=0x7ffbfeff, sa_flags=0x10000004
SIGQUIT: [libjvm.so+0x709550], sa_mask[0]=0x7ffbfeff, sa_flags=0x10000004


---------------  S Y S T E M  ---------------

OS:Ubuntu 13.10 (saucy)
uname:Linux 3.11.0-13-generic #20-Ubuntu SMP Wed Oct 23 07:38:26 UTC 2013 x86_64
libc:glibc 2.17 NPTL 2.17 
rlimit: STACK 8192k, CORE 0k, NPROC 125715, NOFILE 4096, AS infinity
load average:0.96 1.88 1.44

/proc/meminfo:
MemTotal:       16111756 kB
MemFree:         1831736 kB
Buffers:          368256 kB
Cached:          5523372 kB
SwapCached:          280 kB
Active:          9967504 kB
Inactive:        3619600 kB
Active(anon):    7246768 kB
Inactive(anon):  1093256 kB
Active(file):    2720736 kB
Inactive(file):  2526344 kB
Unevictable:        1240 kB
Mlocked:            1240 kB
SwapTotal:       8191996 kB
SwapFree:        8156196 kB
Dirty:              5628 kB
Writeback:             0 kB
AnonPages:       7696412 kB
Mapped:           379272 kB
Shmem:            644544 kB
Slab:             454380 kB
SReclaimable:     394908 kB
SUnreclaim:        59472 kB
KernelStack:        7200 kB
PageTables:        85840 kB
NFS_Unstable:          0 kB
Bounce:                0 kB
WritebackTmp:          0 kB
CommitLimit:    16247872 kB
Committed_AS:   19073796 kB
VmallocTotal:   34359738367 kB
VmallocUsed:      375020 kB
VmallocChunk:   34359359700 kB
HardwareCorrupted:     0 kB
AnonHugePages:         0 kB
HugePages_Total:       0
HugePages_Free:        0
HugePages_Rsvd:        0
HugePages_Surp:        0
Hugepagesize:       2048 kB
DirectMap4k:      125504 kB
DirectMap2M:    16324608 kB


CPU:total 4 (4 cores per cpu, 1 threads per core) family 6 model 58 stepping 9, cmov, cx8, fxsr, mmx, sse, sse2, sse3, ssse3, sse4.1, sse4.2, popcnt, avx, tsc, tscinvbit, tscinv

/proc/cpuinfo:
processor	: 0
vendor_id	: GenuineIntel
cpu family	: 6
model		: 58
model name	: Intel(R) Core(TM) i5-3570 CPU @ 3.40GHz
stepping	: 9
microcode	: 0x12
cpu MHz		: 1600.000
cache size	: 6144 KB
physical id	: 0
siblings	: 4
core id		: 0
cpu cores	: 4
apicid		: 0
initial apicid	: 0
fpu		: yes
fpu_exception	: yes
cpuid level	: 13
wp		: yes
flags		: fpu vme de pse tsc msr pae mce cx8 apic sep mtrr pge mca cmov pat pse36 clflush dts acpi mmx fxsr sse sse2 ss ht tm pbe syscall nx rdtscp lm constant_tsc arch_perfmon pebs bts rep_good nopl xtopology nonstop_tsc aperfmperf eagerfpu pni pclmulqdq dtes64 monitor ds_cpl vmx smx est tm2 ssse3 cx16 xtpr pdcm pcid sse4_1 sse4_2 x2apic popcnt tsc_deadline_timer aes xsave avx f16c rdrand lahf_lm ida arat epb xsaveopt pln pts dtherm tpr_shadow vnmi flexpriority ept vpid fsgsbase smep erms
bogomips	: 6784.54
clflush size	: 64
cache_alignment	: 64
address sizes	: 36 bits physical, 48 bits virtual
power management:

processor	: 1
vendor_id	: GenuineIntel
cpu family	: 6
model		: 58
model name	: Intel(R) Core(TM) i5-3570 CPU @ 3.40GHz
stepping	: 9
microcode	: 0x12
cpu MHz		: 1600.000
cache size	: 6144 KB
physical id	: 0
siblings	: 4
core id		: 1
cpu cores	: 4
apicid		: 2
initial apicid	: 2
fpu		: yes
fpu_exception	: yes
cpuid level	: 13
wp		: yes
flags		: fpu vme de pse tsc msr pae mce cx8 apic sep mtrr pge mca cmov pat pse36 clflush dts acpi mmx fxsr sse sse2 ss ht tm pbe syscall nx rdtscp lm constant_tsc arch_perfmon pebs bts rep_good nopl xtopology nonstop_tsc aperfmperf eagerfpu pni pclmulqdq dtes64 monitor ds_cpl vmx smx est tm2 ssse3 cx16 xtpr pdcm pcid sse4_1 sse4_2 x2apic popcnt tsc_deadline_timer aes xsave avx f16c rdrand lahf_lm ida arat epb xsaveopt pln pts dtherm tpr_shadow vnmi flexpriority ept vpid fsgsbase smep erms
bogomips	: 6784.54
clflush size	: 64
cache_alignment	: 64
address sizes	: 36 bits physical, 48 bits virtual
power management:

processor	: 2
vendor_id	: GenuineIntel
cpu family	: 6
model		: 58
model name	: Intel(R) Core(TM) i5-3570 CPU @ 3.40GHz
stepping	: 9
microcode	: 0x12
cpu MHz		: 3401.000
cache size	: 6144 KB
physical id	: 0
siblings	: 4
core id		: 2
cpu cores	: 4
apicid		: 4
initial apicid	: 4
fpu		: yes
fpu_exception	: yes
cpuid level	: 13
wp		: yes
flags		: fpu vme de pse tsc msr pae mce cx8 apic sep mtrr pge mca cmov pat pse36 clflush dts acpi mmx fxsr sse sse2 ss ht tm pbe syscall nx rdtscp lm constant_tsc arch_perfmon pebs bts rep_good nopl xtopology nonstop_tsc aperfmperf eagerfpu pni pclmulqdq dtes64 monitor ds_cpl vmx smx est tm2 ssse3 cx16 xtpr pdcm pcid sse4_1 sse4_2 x2apic popcnt tsc_deadline_timer aes xsave avx f16c rdrand lahf_lm ida arat epb xsaveopt pln pts dtherm tpr_shadow vnmi flexpriority ept vpid fsgsbase smep erms
bogomips	: 6784.54
clflush size	: 64
cache_alignment	: 64
address sizes	: 36 bits physical, 48 bits virtual
power management:

processor	: 3
vendor_id	: GenuineIntel
cpu family	: 6
model		: 58
model name	: Intel(R) Core(TM) i5-3570 CPU @ 3.40GHz
stepping	: 9
microcode	: 0x12
cpu MHz		: 1600.000
cache size	: 6144 KB
physical id	: 0
siblings	: 4
core id		: 3
cpu cores	: 4
apicid		: 6
initial apicid	: 6
fpu		: yes
fpu_exception	: yes
cpuid level	: 13
wp		: yes
flags		: fpu vme de pse tsc msr pae mce cx8 apic sep mtrr pge mca cmov pat pse36 clflush dts acpi mmx fxsr sse sse2 ss ht tm pbe syscall nx rdtscp lm constant_tsc arch_perfmon pebs bts rep_good nopl xtopology nonstop_tsc aperfmperf eagerfpu pni pclmulqdq dtes64 monitor ds_cpl vmx smx est tm2 ssse3 cx16 xtpr pdcm pcid sse4_1 sse4_2 x2apic popcnt tsc_deadline_timer aes xsave avx f16c rdrand lahf_lm ida arat epb xsaveopt pln pts dtherm tpr_shadow vnmi flexpriority ept vpid fsgsbase smep erms
bogomips	: 6784.54
clflush size	: 64
cache_alignment	: 64
address sizes	: 36 bits physical, 48 bits virtual
power management:



Memory: 4k page, physical 16111756k(1831736k free), swap 8191996k(8156196k free)

vm_info: OpenJDK 64-Bit Server VM (23.7-b01) for linux-amd64 JRE (1.7.0_25-b30), built on Oct 11 2013 18:04:12 by "buildd" with gcc 4.8.1

time: Mon Nov 25 20:29:47 2013
elapsed time: 118 seconds

